#
# There is insufficient memory for the Java Runtime Environment to continue.
# Native memory allocation (malloc) failed to allocate 2097152 bytes for AllocateHeap
# Possible reasons:
#   The system is out of physical RAM or swap space
#   The process is running with CompressedOops enabled, and the Java Heap may be blocking the growth of the native heap
# Possible solutions:
#   Reduce memory load on the system
#   Increase physical memory or swap space
#   Check if swap backing store is full
#   Decrease Java heap size (-Xmx/-Xms)
#   Decrease number of Java threads
#   Decrease Java thread stack sizes (-Xss)
#   Set larger code cache with -XX:ReservedCodeCacheSize=
#   JVM is running with Unscaled Compressed Oops mode in which the Java heap is
#     placed in the first 4GB address space. The Java Heap base address is the
#     maximum limit for the native heap growth. Please use -XX:HeapBaseMinAddress
#     to set the Java Heap base and to place the Java Heap above 4GB virtual address.
# This output file may be truncated or incomplete.
#
#  Out of Memory Error (allocation.cpp:44), pid=6956, tid=1612
#
# JRE version: OpenJDK Runtime Environment Temurin-17.0.5+8 (17.0.5+8) (build 17.0.5+8)
# Java VM: OpenJDK 64-Bit Server VM Temurin-17.0.5+8 (17.0.5+8, mixed mode, emulated-client, tiered, compressed oops, compressed class ptrs, g1 gc, windows-amd64)
# No core dump will be written. Minidumps are not enabled by default on client versions of Windows
#

---------------  S U M M A R Y ------------

Command Line: -Dsts.lsp.client=vscode -Dsts.log.file=/dev/null -XX:TieredStopAtLevel=1 -Xlog:jni+resolve=off -Dspring.config.location=file:c:\Users\PC\.vscode\extensions\pivotal.vscode-spring-boot-1.43.0\language-server\BOOT-INF\classes\application.properties org.springframework.ide.vscode.boot.app.BootLanguageServerBootApp

Host: Intel(R) Core(TM) i5-3340S CPU @ 2.80GHz, 4 cores, 7G,  Windows 10 , 64 bit Build 19041 (10.0.19041.2364)
Time: Tue Jan 10 15:20:30 2023 Hora oficial do Brasil elapsed time: 8358.451206 seconds (0d 2h 19m 18s)

---------------  T H R E A D  ---------------

Current thread (0x000001718418fc80):  VMThread "VM Thread" [stack: 0x000000635cd00000,0x000000635ce00000] [id=1612]

Stack: [0x000000635cd00000,0x000000635ce00000]
Native frames: (J=compiled Java code, j=interpreted, Vv=VM code, C=native code)
V  [jvm.dll+0x676b3a]
V  [jvm.dll+0x831444]
V  [jvm.dll+0x832bee]
V  [jvm.dll+0x833253]
V  [jvm.dll+0x244ce5]
V  [jvm.dll+0xa631f]
V  [jvm.dll+0x2f4f91]
V  [jvm.dll+0x2f0c10]
V  [jvm.dll+0x2d92f7]
V  [jvm.dll+0x31c3b7]
V  [jvm.dll+0x8376fb]
V  [jvm.dll+0x838434]
V  [jvm.dll+0x83894c]
V  [jvm.dll+0x838d24]
V  [jvm.dll+0x838df0]
V  [jvm.dll+0x7e17ea]
V  [jvm.dll+0x6759e5]
C  [ucrtbase.dll+0x21bb2]
C  [KERNEL32.DLL+0x17614]
C  [ntdll.dll+0x526a1]

VM_Operation (0x000000635defe980): G1CollectFull, mode: safepoint, requested by thread 0x000001718603d310


---------------  P R O C E S S  ---------------

Threads class SMR info:
_java_thread_list=0x00000171896e0530, length=26, elements={
0x00000171841aa740, 0x00000171841ab5b0, 0x00000171841cfa50, 0x00000171841d06c0,
0x00000171841d2480, 0x00000171841d2e30, 0x00000171841d3890, 0x00000171841dd5e0,
0x0000017184e0ba50, 0x0000017184e0d370, 0x0000017185faa830, 0x000001718603d310,
0x000001718603dbf0, 0x00000171f5525690, 0x0000017186193700, 0x0000017186280050,
0x0000017186282940, 0x0000017186286e20, 0x0000017186286350, 0x0000017186283800,
0x0000017186284670, 0x0000017186284b40, 0x0000017188bfa580, 0x0000017188bf7a30,
0x0000017188bf7090, 0x0000017188bf6220
}

Java Threads: ( => current thread )
  0x00000171841aa740 JavaThread "Reference Handler" daemon [_thread_blocked, id=9656, stack(0x000000635ce00000,0x000000635cf00000)]
  0x00000171841ab5b0 JavaThread "Finalizer" daemon [_thread_blocked, id=10488, stack(0x000000635cf00000,0x000000635d000000)]
  0x00000171841cfa50 JavaThread "Signal Dispatcher" daemon [_thread_blocked, id=8032, stack(0x000000635d000000,0x000000635d100000)]
  0x00000171841d06c0 JavaThread "Attach Listener" daemon [_thread_blocked, id=6564, stack(0x000000635d100000,0x000000635d200000)]
  0x00000171841d2480 JavaThread "Service Thread" daemon [_thread_blocked, id=7868, stack(0x000000635d200000,0x000000635d300000)]
  0x00000171841d2e30 JavaThread "Monitor Deflation Thread" daemon [_thread_blocked, id=2888, stack(0x000000635d300000,0x000000635d400000)]
  0x00000171841d3890 JavaThread "C1 CompilerThread0" daemon [_thread_blocked, id=692, stack(0x000000635d400000,0x000000635d500000)]
  0x00000171841dd5e0 JavaThread "Sweeper thread" daemon [_thread_blocked, id=528, stack(0x000000635d500000,0x000000635d600000)]
  0x0000017184e0ba50 JavaThread "Notification Thread" daemon [_thread_blocked, id=13844, stack(0x000000635d600000,0x000000635d700000)]
  0x0000017184e0d370 JavaThread "Common-Cleaner" daemon [_thread_blocked, id=1700, stack(0x000000635d800000,0x000000635d900000)]
  0x0000017185faa830 JavaThread "boundedElastic-evictor-1" daemon [_thread_blocked, id=3256, stack(0x000000635dd00000,0x000000635de00000)]
  0x000001718603d310 JavaThread "pool-11-thread-1" [_thread_blocked, id=3404, stack(0x000000635de00000,0x000000635df00000)]
  0x000001718603dbf0 JavaThread "LanguageServerApp-lifecycle" [_thread_blocked, id=6272, stack(0x000000635df00000,0x000000635e000000)]
  0x00000171f5525690 JavaThread "DestroyJavaVM" [_thread_blocked, id=6292, stack(0x000000635c700000,0x000000635c800000)]
  0x0000017186193700 JavaThread "pool-12-thread-1" [_thread_in_native, id=11396, stack(0x000000635e000000,0x000000635e100000)]
  0x0000017186280050 JavaThread "Simple-Language-Server main thread" daemon [_thread_blocked, id=13224, stack(0x000000635e100000,0x000000635e200000)]
  0x0000017186282940 JavaThread "pool-8-thread-1" [_thread_blocked, id=7776, stack(0x000000635e200000,0x000000635e300000)]
  0x0000017186286e20 JavaThread "parallel-1" daemon [_thread_blocked, id=9664, stack(0x000000635e300000,0x000000635e400000)]
  0x0000017186286350 JavaThread "parallel-2" daemon [_thread_blocked, id=8052, stack(0x000000635ed00000,0x000000635ee00000)]
  0x0000017186283800 JavaThread "Reconciler-1" daemon [_thread_blocked, id=11924, stack(0x000000635ef00000,0x000000635f000000)]
  0x0000017186284670 JavaThread "pool-6-thread-1" [_thread_blocked, id=12060, stack(0x000000635f200000,0x000000635f300000)]
  0x0000017186284b40 JavaThread "pool-10-thread-1" [_thread_blocked, id=4336, stack(0x000000635f300000,0x000000635f400000)]
  0x0000017188bfa580 JavaThread "parallel-3" daemon [_thread_blocked, id=6228, stack(0x000000635f400000,0x000000635f500000)]
  0x0000017188bf7a30 JavaThread "parallel-4" daemon [_thread_blocked, id=6296, stack(0x000000635f600000,0x000000635f700000)]
  0x0000017188bf7090 JavaThread "pool-10-thread-2" [_thread_blocked, id=2600, stack(0x000000635f800000,0x000000635f900000)]
  0x0000017188bf6220 JavaThread "pool-10-thread-3" [_thread_blocked, id=13840, stack(0x000000635fa00000,0x000000635fb00000)]

Other Threads:
=>0x000001718418fc80 VMThread "VM Thread" [stack: 0x000000635cd00000,0x000000635ce00000] [id=1612]
  0x0000017184e0bf20 WatcherThread [stack: 0x000000635d700000,0x000000635d800000] [id=5560]
  0x00000171f5583280 GCTaskThread "GC Thread#0" [stack: 0x000000635c800000,0x000000635c900000] [id=2592]
  0x00000171854ebe30 GCTaskThread "GC Thread#1" [stack: 0x000000635da00000,0x000000635db00000] [id=14104]
  0x00000171854ec0e0 GCTaskThread "GC Thread#2" [stack: 0x000000635db00000,0x000000635dc00000] [id=5088]
  0x00000171857b7eb0 GCTaskThread "GC Thread#3" [stack: 0x000000635dc00000,0x000000635dd00000] [id=12588]
  0x00000171f5594080 ConcurrentGCThread "G1 Main Marker" [stack: 0x000000635c900000,0x000000635ca00000] [id=10604]
  0x00000171f5594a90 ConcurrentGCThread "G1 Conc#0" [stack: 0x000000635ca00000,0x000000635cb00000] [id=14304]
  0x00000171840004a0 ConcurrentGCThread "G1 Refine#0" [stack: 0x000000635cb00000,0x000000635cc00000] [id=1804]
  0x00000171889ca7a0 ConcurrentGCThread "G1 Refine#1" [stack: 0x000000635f000000,0x000000635f100000] [id=10608]
  0x000001718668cf00 ConcurrentGCThread "G1 Refine#2" [stack: 0x000000635f100000,0x000000635f200000] [id=10804]
  0x000001718633dc00 ConcurrentGCThread "G1 Refine#3" [stack: 0x000000635e600000,0x000000635e700000] [id=10144]
  0x00000171f55e9db0 ConcurrentGCThread "G1 Service" [stack: 0x000000635cc00000,0x000000635cd00000] [id=7356]

Threads with active compile tasks:

VM state: at safepoint (normal execution)

VM Mutex/Monitor currently owned by a thread:  ([mutex/lock_event])
[0x00000171f53daf90] Threads_lock - owner thread: 0x000001718418fc80
[0x00000171f55222a0] Heap_lock - owner thread: 0x000001718603d310

Heap address: 0x0000000080a00000, size: 2038 MB, Compressed Oops mode: 32-bit

CDS archive(s) not mapped
Compressed class space mapped at: 0x0000000100000000-0x0000000140000000, reserved size: 1073741824
Narrow klass base: 0x0000000000000000, Narrow klass shift: 3, Narrow klass range: 0x140000000

GC Precious Log:
 CPUs: 4 total, 4 available
 Memory: 8150M
 Large Page Support: Disabled
 NUMA Support: Disabled
 Compressed Oops: Enabled (32-bit)
 Heap Region Size: 1M
 Heap Min Capacity: 8M
 Heap Initial Capacity: 128M
 Heap Max Capacity: 2038M
 Pre-touch: Disabled
 Parallel Workers: 4
 Concurrent Workers: 1
 Concurrent Refinement Workers: 4
 Periodic GC: Disabled

Heap:
 garbage-first heap   total 211968K, used 69685K [0x0000000080a00000, 0x0000000100000000)
  region size 1024K, 1 young (1024K), 0 survivors (0K)
 Metaspace       used 69334K, committed 69824K, reserved 1114112K
  class space    used 9361K, committed 9600K, reserved 1048576K

Heap Regions: E=young(eden), S=young(survivor), O=old, HS=humongous(starts), HC=humongous(continues), CS=collection set, F=free, OA=open archive, CA=closed archive, TAMS=top-at-mark-start (previous, next)
|   0|0x0000000080a00000, 0x0000000080b00000, 0x0000000080b00000|100%| O|  |TAMS 0x0000000080b00000, 0x0000000080a00000| Untracked 
|   1|0x0000000080b00000, 0x0000000080c00000, 0x0000000080c00000|100%| O|  |TAMS 0x0000000080c00000, 0x0000000080b00000| Untracked 
|   2|0x0000000080c00000, 0x0000000080cffff8, 0x0000000080d00000| 99%| O|  |TAMS 0x0000000080cffff8, 0x0000000080c00000| Untracked 
|   3|0x0000000080d00000, 0x0000000080e00000, 0x0000000080e00000|100%| O|  |TAMS 0x0000000080e00000, 0x0000000080d00000| Untracked 
|   4|0x0000000080e00000, 0x0000000080efffe8, 0x0000000080f00000| 99%| O|  |TAMS 0x0000000080efffe8, 0x0000000080e00000| Untracked 
|   5|0x0000000080f00000, 0x0000000081000000, 0x0000000081000000|100%| O|  |TAMS 0x0000000081000000, 0x0000000080f00000| Untracked 
|   6|0x0000000081000000, 0x00000000810fffe8, 0x0000000081100000| 99%| O|  |TAMS 0x00000000810fffe8, 0x0000000081000000| Untracked 
|   7|0x0000000081100000, 0x0000000081200000, 0x0000000081200000|100%| O|  |TAMS 0x0000000081200000, 0x0000000081100000| Untracked 
|   8|0x0000000081200000, 0x00000000812fffb8, 0x0000000081300000| 99%| O|  |TAMS 0x00000000812fffb8, 0x0000000081200000| Untracked 
|   9|0x0000000081300000, 0x00000000813fff88, 0x0000000081400000| 99%| O|  |TAMS 0x00000000813fff88, 0x0000000081300000| Untracked 
|  10|0x0000000081400000, 0x00000000814fffe8, 0x0000000081500000| 99%| O|  |TAMS 0x00000000814fffe8, 0x0000000081400000| Untracked 
|  11|0x0000000081500000, 0x00000000815fffc0, 0x0000000081600000| 99%| O|  |TAMS 0x00000000815fffc0, 0x0000000081500000| Untracked 
|  12|0x0000000081600000, 0x00000000816ffff0, 0x0000000081700000| 99%| O|  |TAMS 0x00000000816ffff0, 0x0000000081600000| Untracked 
|  13|0x0000000081700000, 0x00000000817ffff8, 0x0000000081800000| 99%| O|  |TAMS 0x00000000817ffff8, 0x0000000081700000| Untracked 
|  14|0x0000000081800000, 0x00000000818ffff0, 0x0000000081900000| 99%| O|  |TAMS 0x00000000818ffff0, 0x0000000081800000| Untracked 
|  15|0x0000000081900000, 0x00000000819ffff8, 0x0000000081a00000| 99%| O|  |TAMS 0x00000000819ffff8, 0x0000000081900000| Untracked 
|  16|0x0000000081a00000, 0x0000000081affff8, 0x0000000081b00000| 99%| O|  |TAMS 0x0000000081affff8, 0x0000000081a00000| Untracked 
|  17|0x0000000081b00000, 0x0000000081bffff0, 0x0000000081c00000| 99%| O|  |TAMS 0x0000000081bffff0, 0x0000000081b00000| Untracked 
|  18|0x0000000081c00000, 0x0000000081cf6f50, 0x0000000081d00000| 96%| O|  |TAMS 0x0000000081cf6f50, 0x0000000081c00000| Untracked 
|  19|0x0000000081d00000, 0x0000000081df9080, 0x0000000081e00000| 97%| O|  |TAMS 0x0000000081df9080, 0x0000000081d00000| Untracked 
|  20|0x0000000081e00000, 0x0000000081efffe8, 0x0000000081f00000| 99%| O|  |TAMS 0x0000000081efffe8, 0x0000000081e00000| Untracked 
|  21|0x0000000081f00000, 0x0000000081ffffc0, 0x0000000082000000| 99%| O|  |TAMS 0x0000000081ffffc0, 0x0000000081f00000| Untracked 
|  22|0x0000000082000000, 0x00000000820ffff8, 0x0000000082100000| 99%| O|  |TAMS 0x00000000820ffff8, 0x0000000082000000| Untracked 
|  23|0x0000000082100000, 0x00000000821ffff0, 0x0000000082200000| 99%| O|  |TAMS 0x00000000821ffff0, 0x0000000082100000| Untracked 
|  24|0x0000000082200000, 0x00000000822ffff0, 0x0000000082300000| 99%| O|  |TAMS 0x00000000822ffff0, 0x0000000082200000| Untracked 
|  25|0x0000000082300000, 0x00000000823ffff0, 0x0000000082400000| 99%| O|  |TAMS 0x00000000823ffff0, 0x0000000082300000| Untracked 
|  26|0x0000000082400000, 0x00000000824fffd8, 0x0000000082500000| 99%| O|  |TAMS 0x00000000824fffd8, 0x0000000082400000| Untracked 
|  27|0x0000000082500000, 0x00000000825fffe8, 0x0000000082600000| 99%| O|  |TAMS 0x00000000825fffe8, 0x0000000082500000| Untracked 
|  28|0x0000000082600000, 0x0000000082700000, 0x0000000082700000|100%| O|  |TAMS 0x0000000082700000, 0x0000000082600000| Untracked 
|  29|0x0000000082700000, 0x0000000082800000, 0x0000000082800000|100%| O|  |TAMS 0x0000000082800000, 0x0000000082700000| Untracked 
|  30|0x0000000082800000, 0x00000000828ffff0, 0x0000000082900000| 99%| O|  |TAMS 0x00000000828ffff0, 0x0000000082800000| Untracked 
|  31|0x0000000082900000, 0x00000000829ff3d0, 0x0000000082a00000| 99%| O|  |TAMS 0x00000000829ff3d0, 0x0000000082900000| Untracked 
|  32|0x0000000082a00000, 0x0000000082afe430, 0x0000000082b00000| 99%| O|  |TAMS 0x0000000082afe430, 0x0000000082a00000| Untracked 
|  33|0x0000000082b00000, 0x0000000082bfffe8, 0x0000000082c00000| 99%| O|  |TAMS 0x0000000082bfffe8, 0x0000000082b00000| Untracked 
|  34|0x0000000082c00000, 0x0000000082cffff8, 0x0000000082d00000| 99%| O|  |TAMS 0x0000000082cffff8, 0x0000000082c00000| Untracked 
|  35|0x0000000082d00000, 0x0000000082dfd500, 0x0000000082e00000| 98%| O|  |TAMS 0x0000000082dfd500, 0x0000000082d00000| Untracked 
|  36|0x0000000082e00000, 0x0000000082efffd8, 0x0000000082f00000| 99%| O|  |TAMS 0x0000000082efffd8, 0x0000000082e00000| Untracked 
|  37|0x0000000082f00000, 0x0000000082ffff90, 0x0000000083000000| 99%| O|  |TAMS 0x0000000082ffff90, 0x0000000082f00000| Untracked 
|  38|0x0000000083000000, 0x00000000830ffe30, 0x0000000083100000| 99%| O|  |TAMS 0x00000000830ffe30, 0x0000000083000000| Untracked 
|  39|0x0000000083100000, 0x00000000831ffff0, 0x0000000083200000| 99%| O|  |TAMS 0x00000000831ffff0, 0x0000000083100000| Untracked 
|  40|0x0000000083200000, 0x00000000832ffff0, 0x0000000083300000| 99%| O|  |TAMS 0x00000000832ffff0, 0x0000000083200000| Untracked 
|  41|0x0000000083300000, 0x0000000083400000, 0x0000000083400000|100%|HS|  |TAMS 0x0000000083400000, 0x0000000083300000| Untracked 
|  42|0x0000000083400000, 0x00000000834fffc8, 0x0000000083500000| 99%| O|  |TAMS 0x00000000834fffc8, 0x0000000083400000| Untracked 
|  43|0x0000000083500000, 0x00000000835fffe8, 0x0000000083600000| 99%| O|  |TAMS 0x00000000835fffe8, 0x0000000083500000| Untracked 
|  44|0x0000000083600000, 0x0000000083700000, 0x0000000083700000|100%| O|  |TAMS 0x0000000083700000, 0x0000000083600000| Untracked 
|  45|0x0000000083700000, 0x00000000837ffff8, 0x0000000083800000| 99%| O|  |TAMS 0x00000000837ffff8, 0x0000000083700000| Untracked 
|  46|0x0000000083800000, 0x00000000838ffff8, 0x0000000083900000| 99%| O|  |TAMS 0x00000000838ffff8, 0x0000000083800000| Untracked 
|  47|0x0000000083900000, 0x00000000839fffe8, 0x0000000083a00000| 99%| O|  |TAMS 0x00000000839fffe8, 0x0000000083900000| Untracked 
|  48|0x0000000083a00000, 0x0000000083affff8, 0x0000000083b00000| 99%| O|  |TAMS 0x0000000083affff8, 0x0000000083a00000| Untracked 
|  49|0x0000000083b00000, 0x0000000083c00000, 0x0000000083c00000|100%| O|  |TAMS 0x0000000083c00000, 0x0000000083b00000| Untracked 
|  50|0x0000000083c00000, 0x0000000083cfffe8, 0x0000000083d00000| 99%| O|  |TAMS 0x0000000083cfffe8, 0x0000000083c00000| Untracked 
|  51|0x0000000083d00000, 0x0000000083dfffe8, 0x0000000083e00000| 99%| O|  |TAMS 0x0000000083dfffe8, 0x0000000083d00000| Untracked 
|  52|0x0000000083e00000, 0x0000000083ed4e80, 0x0000000083f00000| 83%| O|  |TAMS 0x0000000083e00000, 0x0000000083e00000| Untracked 
|  53|0x0000000083f00000, 0x0000000083f57270, 0x0000000084000000| 34%| O|  |TAMS 0x0000000083f00000, 0x0000000083f00000| Untracked 
|  54|0x0000000084000000, 0x00000000840ffff8, 0x0000000084100000| 99%| O|  |TAMS 0x00000000840ffff8, 0x0000000084000000| Untracked 
|  55|0x0000000084100000, 0x0000000084100068, 0x0000000084200000|  0%| O|  |TAMS 0x0000000084100000, 0x0000000084100000| Untracked 
|  56|0x0000000084200000, 0x0000000084200000, 0x0000000084300000|  0%| F|  |TAMS 0x0000000084200000, 0x0000000084200000| Untracked 
|  57|0x0000000084300000, 0x0000000084400000, 0x0000000084400000|100%| O|  |TAMS 0x0000000084400000, 0x0000000084300000| Untracked 
|  58|0x0000000084400000, 0x0000000084500000, 0x0000000084500000|100%| O|  |TAMS 0x0000000084500000, 0x0000000084400000| Untracked 
|  59|0x0000000084500000, 0x0000000084500000, 0x0000000084600000|  0%| F|  |TAMS 0x0000000084500000, 0x0000000084500000| Untracked 
|  60|0x0000000084600000, 0x0000000084600000, 0x0000000084700000|  0%| F|  |TAMS 0x0000000084600000, 0x0000000084600000| Untracked 
|  61|0x0000000084700000, 0x0000000084700000, 0x0000000084800000|  0%| F|  |TAMS 0x0000000084700000, 0x0000000084700000| Untracked 
|  62|0x0000000084800000, 0x0000000084800000, 0x0000000084900000|  0%| F|  |TAMS 0x0000000084800000, 0x0000000084800000| Untracked 
|  63|0x0000000084900000, 0x0000000084900000, 0x0000000084a00000|  0%| F|  |TAMS 0x0000000084900000, 0x0000000084900000| Untracked 
|  64|0x0000000084a00000, 0x0000000084a00000, 0x0000000084b00000|  0%| F|  |TAMS 0x0000000084a00000, 0x0000000084a00000| Untracked 
|  65|0x0000000084b00000, 0x0000000084b00000, 0x0000000084c00000|  0%| F|  |TAMS 0x0000000084b00000, 0x0000000084b00000| Untracked 
|  66|0x0000000084c00000, 0x0000000084cfffd0, 0x0000000084d00000| 99%| O|  |TAMS 0x0000000084cfffd0, 0x0000000084c00000| Untracked 
|  67|0x0000000084d00000, 0x0000000084d00000, 0x0000000084e00000|  0%| F|  |TAMS 0x0000000084d00000, 0x0000000084d00000| Untracked 
|  68|0x0000000084e00000, 0x0000000084e00000, 0x0000000084f00000|  0%| F|  |TAMS 0x0000000084e00000, 0x0000000084e00000| Untracked 
|  69|0x0000000084f00000, 0x0000000084f00000, 0x0000000085000000|  0%| F|  |TAMS 0x0000000084f00000, 0x0000000084f00000| Untracked 
|  70|0x0000000085000000, 0x0000000085000000, 0x0000000085100000|  0%| F|  |TAMS 0x0000000085000000, 0x0000000085000000| Untracked 
|  71|0x0000000085100000, 0x0000000085200000, 0x0000000085200000|100%| O|  |TAMS 0x0000000085200000, 0x0000000085100000| Untracked 
|  72|0x0000000085200000, 0x0000000085200000, 0x0000000085300000|  0%| F|  |TAMS 0x0000000085200000, 0x0000000085200000| Untracked 
|  73|0x0000000085300000, 0x00000000853f6f20, 0x0000000085400000| 96%| O|  |TAMS 0x00000000853f6f20, 0x0000000085300000| Untracked 
|  74|0x0000000085400000, 0x0000000085400000, 0x0000000085500000|  0%| F|  |TAMS 0x0000000085400000, 0x0000000085400000| Untracked 
|  75|0x0000000085500000, 0x0000000085500000, 0x0000000085600000|  0%| F|  |TAMS 0x0000000085500000, 0x0000000085500000| Untracked 
|  76|0x0000000085600000, 0x0000000085600000, 0x0000000085700000|  0%| F|  |TAMS 0x0000000085600000, 0x0000000085600000| Untracked 
|  77|0x0000000085700000, 0x0000000085700000, 0x0000000085800000|  0%| F|  |TAMS 0x0000000085700000, 0x0000000085700000| Untracked 
|  78|0x0000000085800000, 0x0000000085800000, 0x0000000085900000|  0%| F|  |TAMS 0x0000000085800000, 0x0000000085800000| Untracked 
|  79|0x0000000085900000, 0x0000000085900000, 0x0000000085a00000|  0%| F|  |TAMS 0x0000000085900000, 0x0000000085900000| Untracked 
|  80|0x0000000085a00000, 0x0000000085a00000, 0x0000000085b00000|  0%| F|  |TAMS 0x0000000085a00000, 0x0000000085a00000| Untracked 
|  81|0x0000000085b00000, 0x0000000085b00000, 0x0000000085c00000|  0%| F|  |TAMS 0x0000000085b00000, 0x0000000085b00000| Untracked 
|  82|0x0000000085c00000, 0x0000000085c00000, 0x0000000085d00000|  0%| F|  |TAMS 0x0000000085c00000, 0x0000000085c00000| Untracked 
|  83|0x0000000085d00000, 0x0000000085d00000, 0x0000000085e00000|  0%| F|  |TAMS 0x0000000085d00000, 0x0000000085d00000| Untracked 
|  84|0x0000000085e00000, 0x0000000085e00000, 0x0000000085f00000|  0%| F|  |TAMS 0x0000000085e00000, 0x0000000085e00000| Untracked 
|  85|0x0000000085f00000, 0x0000000085f00000, 0x0000000086000000|  0%| F|  |TAMS 0x0000000085f00000, 0x0000000085f00000| Untracked 
|  86|0x0000000086000000, 0x0000000086000000, 0x0000000086100000|  0%| F|  |TAMS 0x0000000086000000, 0x0000000086000000| Untracked 
|  87|0x0000000086100000, 0x0000000086100000, 0x0000000086200000|  0%| F|  |TAMS 0x0000000086100000, 0x0000000086100000| Untracked 
|  88|0x0000000086200000, 0x0000000086200000, 0x0000000086300000|  0%| F|  |TAMS 0x0000000086200000, 0x0000000086200000| Untracked 
|  89|0x0000000086300000, 0x0000000086300000, 0x0000000086400000|  0%| F|  |TAMS 0x0000000086300000, 0x0000000086300000| Untracked 
|  90|0x0000000086400000, 0x0000000086400000, 0x0000000086500000|  0%| F|  |TAMS 0x0000000086400000, 0x0000000086400000| Untracked 
|  91|0x0000000086500000, 0x0000000086500000, 0x0000000086600000|  0%| F|  |TAMS 0x0000000086500000, 0x0000000086500000| Untracked 
|  92|0x0000000086600000, 0x0000000086600000, 0x0000000086700000|  0%| F|  |TAMS 0x0000000086600000, 0x0000000086600000| Untracked 
|  93|0x0000000086700000, 0x0000000086700000, 0x0000000086800000|  0%| F|  |TAMS 0x0000000086700000, 0x0000000086700000| Untracked 
|  94|0x0000000086800000, 0x0000000086800000, 0x0000000086900000|  0%| F|  |TAMS 0x0000000086800000, 0x0000000086800000| Untracked 
|  95|0x0000000086900000, 0x0000000086900000, 0x0000000086a00000|  0%| F|  |TAMS 0x0000000086900000, 0x0000000086900000| Untracked 
|  96|0x0000000086a00000, 0x0000000086a00000, 0x0000000086b00000|  0%| F|  |TAMS 0x0000000086a00000, 0x0000000086a00000| Untracked 
|  97|0x0000000086b00000, 0x0000000086b00000, 0x0000000086c00000|  0%| F|  |TAMS 0x0000000086b00000, 0x0000000086b00000| Untracked 
|  98|0x0000000086c00000, 0x0000000086c00000, 0x0000000086d00000|  0%| F|  |TAMS 0x0000000086c00000, 0x0000000086c00000| Untracked 
|  99|0x0000000086d00000, 0x0000000086d00000, 0x0000000086e00000|  0%| F|  |TAMS 0x0000000086d00000, 0x0000000086d00000| Untracked 
| 100|0x0000000086e00000, 0x0000000086e00000, 0x0000000086f00000|  0%| F|  |TAMS 0x0000000086e00000, 0x0000000086e00000| Untracked 
| 101|0x0000000086f00000, 0x0000000086f00000, 0x0000000087000000|  0%| F|  |TAMS 0x0000000086f00000, 0x0000000086f00000| Untracked 
| 102|0x0000000087000000, 0x0000000087000000, 0x0000000087100000|  0%| F|  |TAMS 0x0000000087000000, 0x0000000087000000| Untracked 
| 103|0x0000000087100000, 0x0000000087100000, 0x0000000087200000|  0%| F|  |TAMS 0x0000000087100000, 0x0000000087100000| Untracked 
| 104|0x0000000087200000, 0x0000000087200000, 0x0000000087300000|  0%| F|  |TAMS 0x0000000087200000, 0x0000000087200000| Untracked 
| 105|0x0000000087300000, 0x0000000087300000, 0x0000000087400000|  0%| F|  |TAMS 0x0000000087300000, 0x0000000087300000| Untracked 
| 106|0x0000000087400000, 0x0000000087400000, 0x0000000087500000|  0%| F|  |TAMS 0x0000000087400000, 0x0000000087400000| Untracked 
| 107|0x0000000087500000, 0x0000000087500000, 0x0000000087600000|  0%| F|  |TAMS 0x0000000087500000, 0x0000000087500000| Untracked 
| 108|0x0000000087600000, 0x0000000087600000, 0x0000000087700000|  0%| F|  |TAMS 0x0000000087600000, 0x0000000087600000| Untracked 
| 109|0x0000000087700000, 0x0000000087700000, 0x0000000087800000|  0%| F|  |TAMS 0x0000000087700000, 0x0000000087700000| Untracked 
| 110|0x0000000087800000, 0x0000000087800000, 0x0000000087900000|  0%| F|  |TAMS 0x0000000087800000, 0x0000000087800000| Untracked 
| 111|0x0000000087900000, 0x0000000087900000, 0x0000000087a00000|  0%| F|  |TAMS 0x0000000087900000, 0x0000000087900000| Untracked 
| 112|0x0000000087a00000, 0x0000000087a00000, 0x0000000087b00000|  0%| F|  |TAMS 0x0000000087a00000, 0x0000000087a00000| Untracked 
| 113|0x0000000087b00000, 0x0000000087b00000, 0x0000000087c00000|  0%| F|  |TAMS 0x0000000087b00000, 0x0000000087b00000| Untracked 
| 114|0x0000000087c00000, 0x0000000087c00000, 0x0000000087d00000|  0%| F|  |TAMS 0x0000000087c00000, 0x0000000087c00000| Untracked 
| 115|0x0000000087d00000, 0x0000000087d00000, 0x0000000087e00000|  0%| F|  |TAMS 0x0000000087d00000, 0x0000000087d00000| Untracked 
| 116|0x0000000087e00000, 0x0000000087e00000, 0x0000000087f00000|  0%| F|  |TAMS 0x0000000087e00000, 0x0000000087e00000| Untracked 
| 117|0x0000000087f00000, 0x0000000087f00000, 0x0000000088000000|  0%| F|  |TAMS 0x0000000087f00000, 0x0000000087f00000| Untracked 
| 118|0x0000000088000000, 0x0000000088000000, 0x0000000088100000|  0%| F|  |TAMS 0x0000000088000000, 0x0000000088000000| Untracked 
| 119|0x0000000088100000, 0x0000000088100000, 0x0000000088200000|  0%| F|  |TAMS 0x0000000088100000, 0x0000000088100000| Untracked 
| 120|0x0000000088200000, 0x0000000088200000, 0x0000000088300000|  0%| F|  |TAMS 0x0000000088200000, 0x0000000088200000| Untracked 
| 121|0x0000000088300000, 0x0000000088300000, 0x0000000088400000|  0%| F|  |TAMS 0x0000000088300000, 0x0000000088300000| Untracked 
| 122|0x0000000088400000, 0x0000000088400000, 0x0000000088500000|  0%| F|  |TAMS 0x0000000088400000, 0x0000000088400000| Untracked 
| 123|0x0000000088500000, 0x0000000088500000, 0x0000000088600000|  0%| F|  |TAMS 0x0000000088500000, 0x0000000088500000| Untracked 
| 124|0x0000000088600000, 0x0000000088600000, 0x0000000088700000|  0%| F|  |TAMS 0x0000000088600000, 0x0000000088600000| Untracked 
| 125|0x0000000088700000, 0x0000000088700000, 0x0000000088800000|  0%| F|  |TAMS 0x0000000088700000, 0x0000000088700000| Untracked 
| 126|0x0000000088800000, 0x0000000088800000, 0x0000000088900000|  0%| F|  |TAMS 0x0000000088800000, 0x0000000088800000| Untracked 
| 127|0x0000000088900000, 0x0000000088900000, 0x0000000088a00000|  0%| F|  |TAMS 0x0000000088900000, 0x0000000088900000| Untracked 
| 128|0x0000000088a00000, 0x0000000088a00000, 0x0000000088b00000|  0%| F|  |TAMS 0x0000000088a00000, 0x0000000088a00000| Untracked 
| 129|0x0000000088b00000, 0x0000000088b00000, 0x0000000088c00000|  0%| F|  |TAMS 0x0000000088b00000, 0x0000000088b00000| Untracked 
| 130|0x0000000088c00000, 0x0000000088c00000, 0x0000000088d00000|  0%| F|  |TAMS 0x0000000088c00000, 0x0000000088c00000| Untracked 
| 131|0x0000000088d00000, 0x0000000088d00000, 0x0000000088e00000|  0%| F|  |TAMS 0x0000000088d00000, 0x0000000088d00000| Untracked 
| 132|0x0000000088e00000, 0x0000000088e00000, 0x0000000088f00000|  0%| F|  |TAMS 0x0000000088e00000, 0x0000000088e00000| Untracked 
| 133|0x0000000088f00000, 0x0000000088f00000, 0x0000000089000000|  0%| F|  |TAMS 0x0000000088f00000, 0x0000000088f00000| Untracked 
| 134|0x0000000089000000, 0x0000000089000000, 0x0000000089100000|  0%| F|  |TAMS 0x0000000089000000, 0x0000000089000000| Untracked 
| 135|0x0000000089100000, 0x0000000089100000, 0x0000000089200000|  0%| F|  |TAMS 0x0000000089100000, 0x0000000089100000| Untracked 
| 136|0x0000000089200000, 0x0000000089200000, 0x0000000089300000|  0%| F|  |TAMS 0x0000000089200000, 0x0000000089200000| Untracked 
| 137|0x0000000089300000, 0x0000000089300000, 0x0000000089400000|  0%| F|  |TAMS 0x0000000089300000, 0x0000000089300000| Untracked 
| 138|0x0000000089400000, 0x0000000089400000, 0x0000000089500000|  0%| F|  |TAMS 0x0000000089400000, 0x0000000089400000| Untracked 
| 139|0x0000000089500000, 0x0000000089500000, 0x0000000089600000|  0%| F|  |TAMS 0x0000000089500000, 0x0000000089500000| Untracked 
| 140|0x0000000089600000, 0x0000000089600000, 0x0000000089700000|  0%| F|  |TAMS 0x0000000089600000, 0x0000000089600000| Untracked 
| 141|0x0000000089700000, 0x0000000089800000, 0x0000000089800000|100%| O|  |TAMS 0x0000000089800000, 0x0000000089700000| Untracked 
| 142|0x0000000089800000, 0x0000000089800000, 0x0000000089900000|  0%| F|  |TAMS 0x0000000089800000, 0x0000000089800000| Untracked 
| 143|0x0000000089900000, 0x00000000899ffff0, 0x0000000089a00000| 99%| O|  |TAMS 0x00000000899ffff0, 0x0000000089900000| Untracked 
| 144|0x0000000089a00000, 0x0000000089a00000, 0x0000000089b00000|  0%| F|  |TAMS 0x0000000089a00000, 0x0000000089a00000| Untracked 
| 145|0x0000000089b00000, 0x0000000089b00000, 0x0000000089c00000|  0%| F|  |TAMS 0x0000000089b00000, 0x0000000089b00000| Untracked 
| 146|0x0000000089c00000, 0x0000000089c00000, 0x0000000089d00000|  0%| F|  |TAMS 0x0000000089c00000, 0x0000000089c00000| Untracked 
| 147|0x0000000089d00000, 0x0000000089d00000, 0x0000000089e00000|  0%| F|  |TAMS 0x0000000089d00000, 0x0000000089d00000| Untracked 
| 148|0x0000000089e00000, 0x0000000089effff0, 0x0000000089f00000| 99%| O|  |TAMS 0x0000000089effff0, 0x0000000089e00000| Untracked 
| 149|0x0000000089f00000, 0x0000000089ffff40, 0x000000008a000000| 99%| O|  |TAMS 0x0000000089ffff40, 0x0000000089f00000| Untracked 
| 150|0x000000008a000000, 0x000000008a000000, 0x000000008a100000|  0%| F|  |TAMS 0x000000008a000000, 0x000000008a000000| Untracked 
| 151|0x000000008a100000, 0x000000008a100000, 0x000000008a200000|  0%| F|  |TAMS 0x000000008a100000, 0x000000008a100000| Untracked 
| 152|0x000000008a200000, 0x000000008a200000, 0x000000008a300000|  0%| F|  |TAMS 0x000000008a200000, 0x000000008a200000| Untracked 
| 153|0x000000008a300000, 0x000000008a300000, 0x000000008a400000|  0%| F|  |TAMS 0x000000008a300000, 0x000000008a300000| Untracked 
| 154|0x000000008a400000, 0x000000008a400000, 0x000000008a500000|  0%| F|  |TAMS 0x000000008a400000, 0x000000008a400000| Untracked 
| 155|0x000000008a500000, 0x000000008a500000, 0x000000008a600000|  0%| F|  |TAMS 0x000000008a500000, 0x000000008a500000| Untracked 
| 156|0x000000008a600000, 0x000000008a600000, 0x000000008a700000|  0%| F|  |TAMS 0x000000008a600000, 0x000000008a600000| Untracked 
| 157|0x000000008a700000, 0x000000008a700000, 0x000000008a800000|  0%| F|  |TAMS 0x000000008a700000, 0x000000008a700000| Untracked 
| 158|0x000000008a800000, 0x000000008a800000, 0x000000008a900000|  0%| F|  |TAMS 0x000000008a800000, 0x000000008a800000| Untracked 
| 159|0x000000008a900000, 0x000000008a900000, 0x000000008aa00000|  0%| F|  |TAMS 0x000000008a900000, 0x000000008a900000| Untracked 
| 160|0x000000008aa00000, 0x000000008aa00000, 0x000000008ab00000|  0%| F|  |TAMS 0x000000008aa00000, 0x000000008aa00000| Untracked 
| 161|0x000000008ab00000, 0x000000008ab00000, 0x000000008ac00000|  0%| F|  |TAMS 0x000000008ab00000, 0x000000008ab00000| Untracked 
| 162|0x000000008ac00000, 0x000000008ac00000, 0x000000008ad00000|  0%| F|  |TAMS 0x000000008ac00000, 0x000000008ac00000| Untracked 
| 163|0x000000008ad00000, 0x000000008ad00000, 0x000000008ae00000|  0%| F|  |TAMS 0x000000008ad00000, 0x000000008ad00000| Untracked 
| 164|0x000000008ae00000, 0x000000008ae00000, 0x000000008af00000|  0%| F|  |TAMS 0x000000008ae00000, 0x000000008ae00000| Untracked 
| 165|0x000000008af00000, 0x000000008af00000, 0x000000008b000000|  0%| F|  |TAMS 0x000000008af00000, 0x000000008af00000| Untracked 
| 166|0x000000008b000000, 0x000000008b000000, 0x000000008b100000|  0%| F|  |TAMS 0x000000008b000000, 0x000000008b000000| Untracked 
| 167|0x000000008b100000, 0x000000008b100000, 0x000000008b200000|  0%| F|  |TAMS 0x000000008b100000, 0x000000008b100000| Untracked 
| 168|0x000000008b200000, 0x000000008b200000, 0x000000008b300000|  0%| F|  |TAMS 0x000000008b200000, 0x000000008b200000| Untracked 
| 169|0x000000008b300000, 0x000000008b300000, 0x000000008b400000|  0%| F|  |TAMS 0x000000008b300000, 0x000000008b300000| Untracked 
| 170|0x000000008b400000, 0x000000008b400000, 0x000000008b500000|  0%| F|  |TAMS 0x000000008b400000, 0x000000008b400000| Untracked 
| 171|0x000000008b500000, 0x000000008b500000, 0x000000008b600000|  0%| F|  |TAMS 0x000000008b500000, 0x000000008b500000| Untracked 
| 172|0x000000008b600000, 0x000000008b600000, 0x000000008b700000|  0%| F|  |TAMS 0x000000008b600000, 0x000000008b600000| Untracked 
| 173|0x000000008b700000, 0x000000008b700000, 0x000000008b800000|  0%| F|  |TAMS 0x000000008b700000, 0x000000008b700000| Untracked 
| 174|0x000000008b800000, 0x000000008b800000, 0x000000008b900000|  0%| F|  |TAMS 0x000000008b800000, 0x000000008b800000| Untracked 
| 175|0x000000008b900000, 0x000000008b900000, 0x000000008ba00000|  0%| F|  |TAMS 0x000000008b900000, 0x000000008b900000| Untracked 
| 176|0x000000008ba00000, 0x000000008ba00000, 0x000000008bb00000|  0%| F|  |TAMS 0x000000008ba00000, 0x000000008ba00000| Untracked 
| 177|0x000000008bb00000, 0x000000008bb00000, 0x000000008bc00000|  0%| F|  |TAMS 0x000000008bb00000, 0x000000008bb00000| Untracked 
| 178|0x000000008bc00000, 0x000000008bc00000, 0x000000008bd00000|  0%| F|  |TAMS 0x000000008bc00000, 0x000000008bc00000| Untracked 
| 179|0x000000008bd00000, 0x000000008bd00000, 0x000000008be00000|  0%| F|  |TAMS 0x000000008bd00000, 0x000000008bd00000| Untracked 
| 180|0x000000008be00000, 0x000000008be00000, 0x000000008bf00000|  0%| F|  |TAMS 0x000000008be00000, 0x000000008be00000| Untracked 
| 181|0x000000008bf00000, 0x000000008bf00000, 0x000000008c000000|  0%| F|  |TAMS 0x000000008bf00000, 0x000000008bf00000| Untracked 
| 182|0x000000008c000000, 0x000000008c000000, 0x000000008c100000|  0%| F|  |TAMS 0x000000008c000000, 0x000000008c000000| Untracked 
| 183|0x000000008c100000, 0x000000008c100000, 0x000000008c200000|  0%| F|  |TAMS 0x000000008c100000, 0x000000008c100000| Untracked 
| 184|0x000000008c200000, 0x000000008c200000, 0x000000008c300000|  0%| F|  |TAMS 0x000000008c200000, 0x000000008c200000| Untracked 
| 185|0x000000008c300000, 0x000000008c300000, 0x000000008c400000|  0%| F|  |TAMS 0x000000008c300000, 0x000000008c300000| Untracked 
| 186|0x000000008c400000, 0x000000008c400000, 0x000000008c500000|  0%| F|  |TAMS 0x000000008c400000, 0x000000008c400000| Untracked 
| 187|0x000000008c500000, 0x000000008c500000, 0x000000008c600000|  0%| F|  |TAMS 0x000000008c500000, 0x000000008c500000| Untracked 
| 188|0x000000008c600000, 0x000000008c600000, 0x000000008c700000|  0%| F|  |TAMS 0x000000008c600000, 0x000000008c600000| Untracked 
| 189|0x000000008c700000, 0x000000008c700000, 0x000000008c800000|  0%| F|  |TAMS 0x000000008c700000, 0x000000008c700000| Untracked 
| 190|0x000000008c800000, 0x000000008c800000, 0x000000008c900000|  0%| F|  |TAMS 0x000000008c800000, 0x000000008c800000| Untracked 
| 191|0x000000008c900000, 0x000000008c900000, 0x000000008ca00000|  0%| F|  |TAMS 0x000000008c900000, 0x000000008c900000| Untracked 
| 192|0x000000008ca00000, 0x000000008ca00000, 0x000000008cb00000|  0%| F|  |TAMS 0x000000008ca00000, 0x000000008ca00000| Untracked 
| 193|0x000000008cb00000, 0x000000008cb00000, 0x000000008cc00000|  0%| F|  |TAMS 0x000000008cb00000, 0x000000008cb00000| Untracked 
| 194|0x000000008cc00000, 0x000000008cc00000, 0x000000008cd00000|  0%| F|  |TAMS 0x000000008cc00000, 0x000000008cc00000| Untracked 
| 195|0x000000008cd00000, 0x000000008ce00000, 0x000000008ce00000|100%|HS|  |TAMS 0x000000008ce00000, 0x000000008cd00000| Untracked 
| 196|0x000000008ce00000, 0x000000008ce00000, 0x000000008cf00000|  0%| F|  |TAMS 0x000000008ce00000, 0x000000008ce00000| Untracked 
| 197|0x000000008cf00000, 0x000000008cf00000, 0x000000008d000000|  0%| F|  |TAMS 0x000000008cf00000, 0x000000008cf00000| Untracked 
| 198|0x000000008d000000, 0x000000008d000000, 0x000000008d100000|  0%| F|  |TAMS 0x000000008d000000, 0x000000008d000000| Untracked 
| 199|0x000000008d100000, 0x000000008d100000, 0x000000008d200000|  0%| F|  |TAMS 0x000000008d100000, 0x000000008d100000| Untracked 
| 200|0x000000008d200000, 0x000000008d200000, 0x000000008d300000|  0%| F|  |TAMS 0x000000008d200000, 0x000000008d200000| Untracked 
| 201|0x000000008d300000, 0x000000008d400000, 0x000000008d400000|100%|HS|  |TAMS 0x000000008d400000, 0x000000008d300000| Untracked 
| 202|0x000000008d400000, 0x000000008d500000, 0x000000008d500000|100%|HC|  |TAMS 0x000000008d500000, 0x000000008d400000| Untracked 
| 203|0x000000008d500000, 0x000000008d500000, 0x000000008d600000|  0%| F|  |TAMS 0x000000008d500000, 0x000000008d500000| Untracked 
| 204|0x000000008d600000, 0x000000008d6097d8, 0x000000008d700000|  3%| E|  |TAMS 0x000000008d600000, 0x000000008d600000| Complete 
| 376|0x0000000098200000, 0x0000000098300000, 0x0000000098300000|100%| O|  |TAMS 0x0000000098300000, 0x0000000098200000| Untracked 
| 422|0x000000009b000000, 0x000000009b100000, 0x000000009b100000|100%| O|  |TAMS 0x000000009b100000, 0x000000009b000000| Untracked 

Card table byte_map: [0x00000171fd230000,0x00000171fd630000] _byte_map_base: 0x00000171fce2b000

Marking Bits (Prev, Next): (CMBitMap*) 0x00000171f5583890, (CMBitMap*) 0x00000171f55838d0
 Prev Bits: [0x00000171fda30000, 0x00000171ffa08000)
 Next Bits: [0x0000017180000000, 0x0000017181fd8000)

Polling page: 0x00000171f55f0000

Metaspace:

Usage:
  Non-class:     58.57 MB used.
      Class:      9.14 MB used.
       Both:     67.71 MB used.

Virtual space:
  Non-class space:       64.00 MB reserved,      58.81 MB ( 92%) committed,  8 nodes.
      Class space:        1.00 GB reserved,       9.38 MB ( <1%) committed,  1 nodes.
             Both:        1.06 GB reserved,      68.19 MB (  6%) committed. 

Chunk freelists:
   Non-Class:  1.18 MB
       Class:  2.68 MB
        Both:  3.86 MB

MaxMetaspaceSize: unlimited
CompressedClassSpaceSize: 1.00 GB
Initial GC threshold: 21.00 MB
Current GC threshold: 113.69 MB
CDS: off
MetaspaceReclaimPolicy: balanced
 - commit_granule_bytes: 65536.
 - commit_granule_words: 8192.
 - virtual_space_node_default_size: 1048576.
 - enlarge_chunks_in_place: 1.
 - new_chunks_are_fully_committed: 0.
 - uncommit_free_chunks: 1.
 - use_allocation_guard: 0.
 - handle_deallocations: 1.


Internal statistics:

num_allocs_failed_limit: 6.
num_arena_births: 696.
num_arena_deaths: 214.
num_vsnodes_births: 9.
num_vsnodes_deaths: 0.
num_space_committed: 1091.
num_space_uncommitted: 0.
num_chunks_returned_to_freelist: 259.
num_chunks_taken_from_freelist: 3033.
num_chunk_merges: 69.
num_chunk_splits: 2061.
num_chunks_enlarged: 1524.
num_purges: 6.
num_inconsistent_stats: 0.

CodeCache: size=49152Kb used=19808Kb max_used=20105Kb free=29343Kb
 bounds [0x00000171f9980000, 0x00000171fad30000, 0x00000171fc980000]
 total_blobs=11601 nmethods=10911 adapters=616
 compilation: enabled
              stopped_count=0, restarted_count=0
 full_count=0

Compilation events (20 events):
Event: 7385.908 Thread 0x00000171841d3890 11098       1       org.eclipse.lsp4j.jsonrpc.messages.ResponseMessage::setResult (6 bytes)
Event: 7385.908 Thread 0x00000171841d3890 nmethod 11098 0x00000171fa66a810 code [0x00000171fa66a9a0, 0x00000171fa66aab8]
Event: 7386.439 Thread 0x00000171841d3890 11099       1       com.google.gson.internal.bind.TypeAdapters$7::read (6 bytes)
Event: 7386.440 Thread 0x00000171841d3890 nmethod 11099 0x00000171fa66a290 code [0x00000171fa66a460, 0x00000171fa66a688]
Event: 7386.440 Thread 0x00000171841d3890 11100   !   1       com.google.gson.internal.bind.TypeAdapters$7::read (34 bytes)
Event: 7386.440 Thread 0x00000171841d3890 nmethod 11100 0x00000171fa669c10 code [0x00000171fa669e00, 0x00000171fa66a0f8]
Event: 7386.440 Thread 0x00000171841d3890 11101       1       jdk.internal.reflect.UnsafeIntegerFieldAccessorImpl::set (136 bytes)
Event: 7386.442 Thread 0x00000171841d3890 nmethod 11101 0x00000171fa668b10 code [0x00000171fa668da0, 0x00000171fa6696a8]
Event: 7390.516 Thread 0x00000171841d3890 11102       1       org.eclipse.lsp4j.jsonrpc.json.JsonRpcMethod::getParameterTypes (5 bytes)
Event: 7390.516 Thread 0x00000171841d3890 nmethod 11102 0x00000171fa668810 code [0x00000171fa6689a0, 0x00000171fa668a78]
Event: 7390.516 Thread 0x00000171841d3890 11103       1       java.util.concurrent.CompletableFuture::uniApplyStage (54 bytes)
Event: 7390.516 Thread 0x00000171841d3890 nmethod 11103 0x00000171fa668090 code [0x00000171fa668260, 0x00000171fa668688]
Event: 7390.519 Thread 0x00000171841d3890 11104       1       java.util.concurrent.CompletableFuture::isCancelled (31 bytes)
Event: 7390.519 Thread 0x00000171841d3890 nmethod 11104 0x00000171fa667c90 code [0x00000171fa667e20, 0x00000171fa667fb8]
Event: 7404.026 Thread 0x00000171841d3890 11105  s    1       org.springframework.ide.vscode.commons.languageserver.util.SimpleLanguageServer::getTextDocumentService (20 bytes)
Event: 7404.026 Thread 0x00000171841d3890 nmethod 11105 0x00000171fa667790 code [0x00000171fa667940, 0x00000171fa667bc8]
Event: 7404.026 Thread 0x00000171841d3890 11106       1       org.eclipse.lsp4j.Position::getLine (5 bytes)
Event: 7404.027 Thread 0x00000171841d3890 nmethod 11106 0x00000171fa667490 code [0x00000171fa667620, 0x00000171fa6676f8]
Event: 7404.027 Thread 0x00000171841d3890 11107       1       org.eclipse.lsp4j.Position::getCharacter (5 bytes)
Event: 7404.027 Thread 0x00000171841d3890 nmethod 11107 0x00000171fa667190 code [0x00000171fa667320, 0x00000171fa6673f8]

GC Heap History (20 events):
Event: 8256.385 GC heap before
{Heap before GC invocations=791 (full 748):
 garbage-first heap   total 211968K, used 69685K [0x0000000080a00000, 0x0000000100000000)
  region size 1024K, 1 young (1024K), 0 survivors (0K)
 Metaspace       used 69334K, committed 69824K, reserved 1114112K
  class space    used 9361K, committed 9600K, reserved 1048576K
}
Event: 8256.431 GC heap after
{Heap after GC invocations=792 (full 749):
 garbage-first heap   total 211968K, used 69685K [0x0000000080a00000, 0x0000000100000000)
  region size 1024K, 0 young (0K), 0 survivors (0K)
 Metaspace       used 69334K, committed 69824K, reserved 1114112K
  class space    used 9361K, committed 9600K, reserved 1048576K
}
Event: 8266.568 GC heap before
{Heap before GC invocations=792 (full 749):
 garbage-first heap   total 211968K, used 69685K [0x0000000080a00000, 0x0000000100000000)
  region size 1024K, 1 young (1024K), 0 survivors (0K)
 Metaspace       used 69334K, committed 69824K, reserved 1114112K
  class space    used 9361K, committed 9600K, reserved 1048576K
}
Event: 8266.614 GC heap after
{Heap after GC invocations=793 (full 750):
 garbage-first heap   total 211968K, used 69685K [0x0000000080a00000, 0x0000000100000000)
  region size 1024K, 0 young (0K), 0 survivors (0K)
 Metaspace       used 69334K, committed 69824K, reserved 1114112K
  class space    used 9361K, committed 9600K, reserved 1048576K
}
Event: 8276.772 GC heap before
{Heap before GC invocations=793 (full 750):
 garbage-first heap   total 211968K, used 69685K [0x0000000080a00000, 0x0000000100000000)
  region size 1024K, 1 young (1024K), 0 survivors (0K)
 Metaspace       used 69334K, committed 69824K, reserved 1114112K
  class space    used 9361K, committed 9600K, reserved 1048576K
}
Event: 8276.819 GC heap after
{Heap after GC invocations=794 (full 751):
 garbage-first heap   total 211968K, used 69685K [0x0000000080a00000, 0x0000000100000000)
  region size 1024K, 0 young (0K), 0 survivors (0K)
 Metaspace       used 69334K, committed 69824K, reserved 1114112K
  class space    used 9361K, committed 9600K, reserved 1048576K
}
Event: 8286.961 GC heap before
{Heap before GC invocations=794 (full 751):
 garbage-first heap   total 211968K, used 69685K [0x0000000080a00000, 0x0000000100000000)
  region size 1024K, 1 young (1024K), 0 survivors (0K)
 Metaspace       used 69334K, committed 69824K, reserved 1114112K
  class space    used 9361K, committed 9600K, reserved 1048576K
}
Event: 8287.006 GC heap after
{Heap after GC invocations=795 (full 752):
 garbage-first heap   total 211968K, used 69685K [0x0000000080a00000, 0x0000000100000000)
  region size 1024K, 0 young (0K), 0 survivors (0K)
 Metaspace       used 69334K, committed 69824K, reserved 1114112K
  class space    used 9361K, committed 9600K, reserved 1048576K
}
Event: 8297.147 GC heap before
{Heap before GC invocations=795 (full 752):
 garbage-first heap   total 211968K, used 69685K [0x0000000080a00000, 0x0000000100000000)
  region size 1024K, 1 young (1024K), 0 survivors (0K)
 Metaspace       used 69334K, committed 69824K, reserved 1114112K
  class space    used 9361K, committed 9600K, reserved 1048576K
}
Event: 8297.192 GC heap after
{Heap after GC invocations=796 (full 753):
 garbage-first heap   total 211968K, used 69685K [0x0000000080a00000, 0x0000000100000000)
  region size 1024K, 0 young (0K), 0 survivors (0K)
 Metaspace       used 69334K, committed 69824K, reserved 1114112K
  class space    used 9361K, committed 9600K, reserved 1048576K
}
Event: 8307.334 GC heap before
{Heap before GC invocations=796 (full 753):
 garbage-first heap   total 211968K, used 69685K [0x0000000080a00000, 0x0000000100000000)
  region size 1024K, 1 young (1024K), 0 survivors (0K)
 Metaspace       used 69334K, committed 69824K, reserved 1114112K
  class space    used 9361K, committed 9600K, reserved 1048576K
}
Event: 8307.380 GC heap after
{Heap after GC invocations=797 (full 754):
 garbage-first heap   total 211968K, used 69685K [0x0000000080a00000, 0x0000000100000000)
  region size 1024K, 0 young (0K), 0 survivors (0K)
 Metaspace       used 69334K, committed 69824K, reserved 1114112K
  class space    used 9361K, committed 9600K, reserved 1048576K
}
Event: 8317.524 GC heap before
{Heap before GC invocations=797 (full 754):
 garbage-first heap   total 211968K, used 69685K [0x0000000080a00000, 0x0000000100000000)
  region size 1024K, 1 young (1024K), 0 survivors (0K)
 Metaspace       used 69334K, committed 69824K, reserved 1114112K
  class space    used 9361K, committed 9600K, reserved 1048576K
}
Event: 8317.569 GC heap after
{Heap after GC invocations=798 (full 755):
 garbage-first heap   total 211968K, used 69685K [0x0000000080a00000, 0x0000000100000000)
  region size 1024K, 0 young (0K), 0 survivors (0K)
 Metaspace       used 69334K, committed 69824K, reserved 1114112K
  class space    used 9361K, committed 9600K, reserved 1048576K
}
Event: 8327.785 GC heap before
{Heap before GC invocations=798 (full 755):
 garbage-first heap   total 211968K, used 69685K [0x0000000080a00000, 0x0000000100000000)
  region size 1024K, 1 young (1024K), 0 survivors (0K)
 Metaspace       used 69334K, committed 69824K, reserved 1114112K
  class space    used 9361K, committed 9600K, reserved 1048576K
}
Event: 8327.833 GC heap after
{Heap after GC invocations=799 (full 756):
 garbage-first heap   total 211968K, used 69685K [0x0000000080a00000, 0x0000000100000000)
  region size 1024K, 0 young (0K), 0 survivors (0K)
 Metaspace       used 69334K, committed 69824K, reserved 1114112K
  class space    used 9361K, committed 9600K, reserved 1048576K
}
Event: 8338.018 GC heap before
{Heap before GC invocations=799 (full 756):
 garbage-first heap   total 211968K, used 69685K [0x0000000080a00000, 0x0000000100000000)
  region size 1024K, 1 young (1024K), 0 survivors (0K)
 Metaspace       used 69334K, committed 69824K, reserved 1114112K
  class space    used 9361K, committed 9600K, reserved 1048576K
}
Event: 8338.101 GC heap after
{Heap after GC invocations=800 (full 757):
 garbage-first heap   total 211968K, used 69685K [0x0000000080a00000, 0x0000000100000000)
  region size 1024K, 0 young (0K), 0 survivors (0K)
 Metaspace       used 69334K, committed 69824K, reserved 1114112K
  class space    used 9361K, committed 9600K, reserved 1048576K
}
Event: 8348.235 GC heap before
{Heap before GC invocations=800 (full 757):
 garbage-first heap   total 211968K, used 69685K [0x0000000080a00000, 0x0000000100000000)
  region size 1024K, 1 young (1024K), 0 survivors (0K)
 Metaspace       used 69334K, committed 69824K, reserved 1114112K
  class space    used 9361K, committed 9600K, reserved 1048576K
}
Event: 8348.281 GC heap after
{Heap after GC invocations=801 (full 758):
 garbage-first heap   total 211968K, used 69685K [0x0000000080a00000, 0x0000000100000000)
  region size 1024K, 0 young (0K), 0 survivors (0K)
 Metaspace       used 69334K, committed 69824K, reserved 1114112K
  class space    used 9361K, committed 9600K, reserved 1048576K
}

Dll operation events (10 events):
Event: 0.010 Loaded shared library c:\Users\PC\.vscode\extensions\redhat.java-1.13.0-win32-x64\jre\17.0.5-win32-x86_64\bin\java.dll
Event: 0.681 Loaded shared library C:\Users\PC\.vscode\extensions\redhat.java-1.13.0-win32-x64\jre\17.0.5-win32-x86_64\bin\net.dll
Event: 0.731 Loaded shared library C:\Users\PC\.vscode\extensions\redhat.java-1.13.0-win32-x64\jre\17.0.5-win32-x86_64\bin\nio.dll
Event: 0.744 Loaded shared library C:\Users\PC\.vscode\extensions\redhat.java-1.13.0-win32-x64\jre\17.0.5-win32-x86_64\bin\zip.dll
Event: 1.633 Loaded shared library C:\Users\PC\.vscode\extensions\redhat.java-1.13.0-win32-x64\jre\17.0.5-win32-x86_64\bin\jimage.dll
Event: 2.072 Loaded shared library c:\Users\PC\.vscode\extensions\redhat.java-1.13.0-win32-x64\jre\17.0.5-win32-x86_64\bin\verify.dll
Event: 7.828 Loaded shared library C:\Users\PC\.vscode\extensions\redhat.java-1.13.0-win32-x64\jre\17.0.5-win32-x86_64\bin\management.dll
Event: 7.840 Loaded shared library C:\Users\PC\.vscode\extensions\redhat.java-1.13.0-win32-x64\jre\17.0.5-win32-x86_64\bin\management_ext.dll
Event: 11.033 Loaded shared library C:\Users\PC\.vscode\extensions\redhat.java-1.13.0-win32-x64\jre\17.0.5-win32-x86_64\bin\sunmscapi.dll
Event: 22.875 Loaded shared library C:\Users\PC\AppData\Local\Temp\snappy-1.1.8-ed513458-7f11-4511-92c6-fb4e239e6b70-snappyjava.dll

Deoptimization events (20 events):
Event: 24.453 Thread 0x0000017188bf88a0 DEOPT PACKING pc=0x00000171faa5fbec sp=0x000000635f9fd340
Event: 24.453 Thread 0x0000017188bf88a0 DEOPT UNPACKING pc=0x00000171f99d2b43 sp=0x000000635f9fc890 mode 0
Event: 24.453 Thread 0x0000017188bf88a0 DEOPT PACKING pc=0x00000171faa5fbec sp=0x000000635f9fd5a0
Event: 24.453 Thread 0x0000017188bf88a0 DEOPT UNPACKING pc=0x00000171f99d2b43 sp=0x000000635f9fcad0 mode 0
Event: 24.455 Thread 0x0000017188bf88a0 DEOPT PACKING pc=0x00000171faa5fbec sp=0x000000635f9fd8b0
Event: 24.455 Thread 0x0000017188bf88a0 DEOPT UNPACKING pc=0x00000171f99d2b43 sp=0x000000635f9fcde0 mode 0
Event: 24.458 Thread 0x0000017188bf88a0 DEOPT PACKING pc=0x00000171faa5fbec sp=0x000000635f9fdb80
Event: 24.458 Thread 0x0000017188bf88a0 DEOPT UNPACKING pc=0x00000171f99d2b43 sp=0x000000635f9fd0b0 mode 0
Event: 24.458 Thread 0x0000017188bf88a0 DEOPT PACKING pc=0x00000171faa5fbec sp=0x000000635f9fde90
Event: 24.458 Thread 0x0000017188bf88a0 DEOPT UNPACKING pc=0x00000171f99d2b43 sp=0x000000635f9fd3c0 mode 0
Event: 24.458 Thread 0x0000017188bf88a0 DEOPT PACKING pc=0x00000171faa5fbec sp=0x000000635f9fe170
Event: 24.458 Thread 0x0000017188bf88a0 DEOPT UNPACKING pc=0x00000171f99d2b43 sp=0x000000635f9fd6a0 mode 0
Event: 24.480 Thread 0x0000017188bf88a0 DEOPT PACKING pc=0x00000171facdd696 sp=0x000000635f9fc090
Event: 24.480 Thread 0x0000017188bf88a0 DEOPT UNPACKING pc=0x00000171f99d2b43 sp=0x000000635f9fb6d8 mode 0
Event: 24.480 Thread 0x0000017188bf88a0 DEOPT PACKING pc=0x00000171face318c sp=0x000000635f9fc690
Event: 24.480 Thread 0x0000017188bf88a0 DEOPT UNPACKING pc=0x00000171f99d2b43 sp=0x000000635f9fbb20 mode 0
Event: 108.173 Thread 0x0000017186193700 DEOPT PACKING pc=0x00000171f9f2bc54 sp=0x000000635e0fef90
Event: 108.173 Thread 0x0000017186193700 DEOPT UNPACKING pc=0x00000171f99d2b43 sp=0x000000635e0fe438 mode 0
Event: 450.273 Thread 0x0000017186283800 DEOPT PACKING pc=0x00000171fad20364 sp=0x000000635effeab0
Event: 450.273 Thread 0x0000017186283800 DEOPT UNPACKING pc=0x00000171f99d2b43 sp=0x000000635effde00 mode 0

Classes unloaded (20 events):
Event: 199.114 Thread 0x000001718418fc80 Unloading class 0x00000001000d1400 'java/lang/invoke/LambdaForm$MH+0x00000001000d1400'
Event: 199.114 Thread 0x000001718418fc80 Unloading class 0x00000001000d1000 'java/lang/invoke/LambdaForm$MH+0x00000001000d1000'
Event: 199.114 Thread 0x000001718418fc80 Unloading class 0x00000001000d0c00 'java/lang/invoke/LambdaForm$MH+0x00000001000d0c00'
Event: 199.114 Thread 0x000001718418fc80 Unloading class 0x00000001000d0800 'java/lang/invoke/LambdaForm$MH+0x00000001000d0800'
Event: 199.114 Thread 0x000001718418fc80 Unloading class 0x00000001000d0400 'java/lang/invoke/LambdaForm$MH+0x00000001000d0400'
Event: 199.114 Thread 0x000001718418fc80 Unloading class 0x00000001000d0000 'java/lang/invoke/LambdaForm$MH+0x00000001000d0000'
Event: 199.114 Thread 0x000001718418fc80 Unloading class 0x00000001000cb800 'java/lang/invoke/LambdaForm$MH+0x00000001000cb800'
Event: 199.114 Thread 0x000001718418fc80 Unloading class 0x00000001000cb400 'java/lang/invoke/LambdaForm$MH+0x00000001000cb400'
Event: 199.114 Thread 0x000001718418fc80 Unloading class 0x00000001000cb000 'java/lang/invoke/LambdaForm$MH+0x00000001000cb000'
Event: 199.114 Thread 0x000001718418fc80 Unloading class 0x00000001000cac00 'java/lang/invoke/LambdaForm$MH+0x00000001000cac00'
Event: 199.114 Thread 0x000001718418fc80 Unloading class 0x00000001000ca800 'java/lang/invoke/LambdaForm$MH+0x00000001000ca800'
Event: 199.114 Thread 0x000001718418fc80 Unloading class 0x00000001000ca400 'java/lang/invoke/LambdaForm$MH+0x00000001000ca400'
Event: 199.114 Thread 0x000001718418fc80 Unloading class 0x00000001000c9c00 'java/lang/invoke/LambdaForm$MH+0x00000001000c9c00'
Event: 199.114 Thread 0x000001718418fc80 Unloading class 0x00000001000c9400 'java/lang/invoke/LambdaForm$MH+0x00000001000c9400'
Event: 199.114 Thread 0x000001718418fc80 Unloading class 0x00000001000c8c00 'java/lang/invoke/LambdaForm$MH+0x00000001000c8c00'
Event: 260.512 Thread 0x000001718418fc80 Unloading class 0x0000000100958000 'java/lang/invoke/LambdaForm$MH+0x0000000100958000'
Event: 260.512 Thread 0x000001718418fc80 Unloading class 0x0000000100954c00 'java/lang/invoke/LambdaForm$MH+0x0000000100954c00'
Event: 260.512 Thread 0x000001718418fc80 Unloading class 0x0000000100954800 'java/lang/invoke/LambdaForm$MH+0x0000000100954800'
Event: 260.512 Thread 0x000001718418fc80 Unloading class 0x0000000100360800 'java/lang/invoke/LambdaForm$MH+0x0000000100360800'
Event: 260.512 Thread 0x000001718418fc80 Unloading class 0x00000001000c8400 'java/lang/invoke/LambdaForm$MH+0x00000001000c8400'

Classes redefined (0 events):
No events

Internal exceptions (20 events):
Event: 449.109 Thread 0x0000017188bf66f0 Exception <a 'sun/nio/fs/WindowsException'{0x000000008c02c3a0}> (0x000000008c02c3a0) 
thrown [s\src\hotspot\share\prims\jni.cpp, line 516]
Event: 449.109 Thread 0x0000017188bf66f0 Exception <a 'sun/nio/fs/WindowsException'{0x000000008c02c718}> (0x000000008c02c718) 
thrown [s\src\hotspot\share\prims\jni.cpp, line 516]
Event: 449.109 Thread 0x0000017188bf66f0 Exception <a 'sun/nio/fs/WindowsException'{0x000000008c02d678}> (0x000000008c02d678) 
thrown [s\src\hotspot\share\prims\jni.cpp, line 516]
Event: 449.109 Thread 0x0000017188bf66f0 Exception <a 'sun/nio/fs/WindowsException'{0x000000008c02da08}> (0x000000008c02da08) 
thrown [s\src\hotspot\share\prims\jni.cpp, line 516]
Event: 449.111 Thread 0x0000017188bf66f0 Exception <a 'sun/nio/fs/WindowsException'{0x000000008c045130}> (0x000000008c045130) 
thrown [s\src\hotspot\share\prims\jni.cpp, line 516]
Event: 449.111 Thread 0x0000017188bf66f0 Exception <a 'sun/nio/fs/WindowsException'{0x000000008c0454b0}> (0x000000008c0454b0) 
thrown [s\src\hotspot\share\prims\jni.cpp, line 516]
Event: 449.111 Thread 0x0000017188bf66f0 Exception <a 'sun/nio/fs/WindowsException'{0x000000008c046410}> (0x000000008c046410) 
thrown [s\src\hotspot\share\prims\jni.cpp, line 516]
Event: 449.111 Thread 0x0000017188bf66f0 Exception <a 'sun/nio/fs/WindowsException'{0x000000008c0467a0}> (0x000000008c0467a0) 
thrown [s\src\hotspot\share\prims\jni.cpp, line 516]
Event: 450.130 Thread 0x0000017188bf66f0 Exception <a 'sun/nio/fs/WindowsException'{0x0000000088db2ac8}> (0x0000000088db2ac8) 
thrown [s\src\hotspot\share\prims\jni.cpp, line 516]
Event: 450.130 Thread 0x0000017188bf66f0 Exception <a 'sun/nio/fs/WindowsException'{0x0000000088db2ee0}> (0x0000000088db2ee0) 
thrown [s\src\hotspot\share\prims\jni.cpp, line 516]
Event: 450.130 Thread 0x0000017188bf66f0 Exception <a 'sun/nio/fs/WindowsException'{0x0000000088db4430}> (0x0000000088db4430) 
thrown [s\src\hotspot\share\prims\jni.cpp, line 516]
Event: 450.130 Thread 0x0000017188bf66f0 Exception <a 'sun/nio/fs/WindowsException'{0x0000000088db4868}> (0x0000000088db4868) 
thrown [s\src\hotspot\share\prims\jni.cpp, line 516]
Event: 543.169 Thread 0x0000017188bf66f0 Exception <a 'sun/nio/fs/WindowsException'{0x000000008d2cf4b8}> (0x000000008d2cf4b8) 
thrown [s\src\hotspot\share\prims\jni.cpp, line 516]
Event: 543.170 Thread 0x0000017188bf66f0 Exception <a 'sun/nio/fs/WindowsException'{0x000000008d2d03b8}> (0x000000008d2d03b8) 
thrown [s\src\hotspot\share\prims\jni.cpp, line 516]
Event: 6051.339 Thread 0x0000017188bfaa50 Exception <a 'sun/nio/fs/WindowsException'{0x000000008d2ae428}> (0x000000008d2ae428) 
thrown [s\src\hotspot\share\prims\jni.cpp, line 516]
Event: 6051.340 Thread 0x0000017188bfaa50 Exception <a 'sun/nio/fs/WindowsException'{0x000000008d2af328}> (0x000000008d2af328) 
thrown [s\src\hotspot\share\prims\jni.cpp, line 516]
Event: 6170.028 Thread 0x0000017188bf8d70 Exception <a 'sun/nio/fs/WindowsException'{0x000000008d283de8}> (0x000000008d283de8) 
thrown [s\src\hotspot\share\prims\jni.cpp, line 516]
Event: 6170.028 Thread 0x0000017188bf8d70 Exception <a 'sun/nio/fs/WindowsException'{0x000000008d284ce8}> (0x000000008d284ce8) 
thrown [s\src\hotspot\share\prims\jni.cpp, line 516]
Event: 7380.736 Thread 0x0000017188bf4a10 Exception <a 'sun/nio/fs/WindowsException'{0x000000008d276340}> (0x000000008d276340) 
thrown [s\src\hotspot\share\prims\jni.cpp, line 516]
Event: 7380.737 Thread 0x0000017188bf4a10 Exception <a 'sun/nio/fs/WindowsException'{0x000000008d277240}> (0x000000008d277240) 
thrown [s\src\hotspot\share\prims\jni.cpp, line 516]

VM Operations (20 events):
Event: 8256.431 Executing VM operation: G1CollectFull done
Event: 8266.568 Executing VM operation: G1CollectFull
Event: 8266.615 Executing VM operation: G1CollectFull done
Event: 8276.772 Executing VM operation: G1CollectFull
Event: 8276.819 Executing VM operation: G1CollectFull done
Event: 8286.961 Executing VM operation: G1CollectFull
Event: 8287.006 Executing VM operation: G1CollectFull done
Event: 8297.147 Executing VM operation: G1CollectFull
Event: 8297.193 Executing VM operation: G1CollectFull done
Event: 8307.334 Executing VM operation: G1CollectFull
Event: 8307.380 Executing VM operation: G1CollectFull done
Event: 8317.524 Executing VM operation: G1CollectFull
Event: 8317.570 Executing VM operation: G1CollectFull done
Event: 8327.785 Executing VM operation: G1CollectFull
Event: 8327.833 Executing VM operation: G1CollectFull done
Event: 8338.018 Executing VM operation: G1CollectFull
Event: 8338.101 Executing VM operation: G1CollectFull done
Event: 8348.235 Executing VM operation: G1CollectFull
Event: 8348.282 Executing VM operation: G1CollectFull done
Event: 8358.446 Executing VM operation: G1CollectFull

Events (20 events):
Event: 6127.441 Thread 0x0000017188bf53b0 Thread added: 0x0000017188bf53b0
Event: 6170.150 Thread 0x0000017188bf7f00 Thread added: 0x0000017188bf7f00
Event: 6170.344 Thread 0x0000017188bf9240 Thread added: 0x0000017188bf9240
Event: 6170.344 Thread 0x0000017188bf4540 Thread added: 0x0000017188bf4540
Event: 6230.176 Thread 0x0000017188bf7f00 Thread exited: 0x0000017188bf7f00
Event: 6230.347 Thread 0x0000017188bf9240 Thread exited: 0x0000017188bf9240
Event: 6238.715 Thread 0x0000017188bf8d70 Thread exited: 0x0000017188bf8d70
Event: 6246.659 Thread 0x0000017188bf53b0 Thread exited: 0x0000017188bf53b0
Event: 6253.544 Thread 0x0000017188bf7f00 Thread added: 0x0000017188bf7f00
Event: 6313.690 Thread 0x0000017188bf4540 Thread exited: 0x0000017188bf4540
Event: 6314.218 Thread 0x0000017188bf7f00 Thread exited: 0x0000017188bf7f00
Event: 6373.695 Thread 0x0000017188bf5d50 Thread exited: 0x0000017188bf5d50
Event: 7366.280 Thread 0x0000017188bf6bc0 Thread added: 0x0000017188bf6bc0
Event: 7366.283 Thread 0x0000017188bf4a10 Thread added: 0x0000017188bf4a10
Event: 7381.008 Thread 0x0000017188bf7f00 Thread added: 0x0000017188bf7f00
Event: 7381.008 Thread 0x0000017188bfaf20 Thread added: 0x0000017188bfaf20
Event: 7441.027 Thread 0x0000017188bf7f00 Thread exited: 0x0000017188bf7f00
Event: 7446.449 Thread 0x0000017188bf4a10 Thread exited: 0x0000017188bf4a10
Event: 7464.033 Thread 0x0000017188bf6bc0 Thread exited: 0x0000017188bf6bc0
Event: 7506.465 Thread 0x0000017188bfaf20 Thread exited: 0x0000017188bfaf20


Dynamic libraries:
0x00007ff7dd710000 - 0x00007ff7dd71e000 	c:\Users\PC\.vscode\extensions\redhat.java-1.13.0-win32-x64\jre\17.0.5-win32-x86_64\bin\java.exe
0x00007ffa9f730000 - 0x00007ffa9f928000 	C:\Windows\SYSTEM32\ntdll.dll
0x00007ffa9ea50000 - 0x00007ffa9eb0f000 	C:\Windows\System32\KERNEL32.DLL
0x00007ffa9d2f0000 - 0x00007ffa9d5c2000 	C:\Windows\System32\KERNELBASE.dll
0x00007ffa9d670000 - 0x00007ffa9d770000 	C:\Windows\System32\ucrtbase.dll
0x00007ffa8f960000 - 0x00007ffa8f977000 	c:\Users\PC\.vscode\extensions\redhat.java-1.13.0-win32-x64\jre\17.0.5-win32-x86_64\bin\jli.dll
0x00007ffa9e7d0000 - 0x00007ffa9e971000 	C:\Windows\System32\USER32.dll
0x00007ffa9d2c0000 - 0x00007ffa9d2e2000 	C:\Windows\System32\win32u.dll
0x00007ffa9e2a0000 - 0x00007ffa9e2cb000 	C:\Windows\System32\GDI32.dll
0x00007ffa9d0c0000 - 0x00007ffa9d1cf000 	C:\Windows\System32\gdi32full.dll
0x00007ffa9d5d0000 - 0x00007ffa9d66d000 	C:\Windows\System32\msvcp_win.dll
0x00007ffa89f20000 - 0x00007ffa89f39000 	c:\Users\PC\.vscode\extensions\redhat.java-1.13.0-win32-x64\jre\17.0.5-win32-x86_64\bin\VCRUNTIME140.dll
0x00007ffa8b970000 - 0x00007ffa8bc0a000 	C:\Windows\WinSxS\amd64_microsoft.windows.common-controls_6595b64144ccf1df_6.0.19041.1110_none_60b5254171f9507e\COMCTL32.dll
0x00007ffa9dd90000 - 0x00007ffa9de2e000 	C:\Windows\System32\msvcrt.dll
0x00007ffa9d770000 - 0x00007ffa9d7a2000 	C:\Windows\System32\IMM32.DLL
0x00007ffa91970000 - 0x00007ffa9197c000 	c:\Users\PC\.vscode\extensions\redhat.java-1.13.0-win32-x64\jre\17.0.5-win32-x86_64\bin\vcruntime140_1.dll
0x00007ffa783f0000 - 0x00007ffa78481000 	c:\Users\PC\.vscode\extensions\redhat.java-1.13.0-win32-x64\jre\17.0.5-win32-x86_64\bin\msvcp140.dll
0x00007ffa6c780000 - 0x00007ffa6d3c4000 	c:\Users\PC\.vscode\extensions\redhat.java-1.13.0-win32-x64\jre\17.0.5-win32-x86_64\bin\server\jvm.dll
0x00007ffa9ece0000 - 0x00007ffa9ed8e000 	C:\Windows\System32\ADVAPI32.dll
0x00007ffa9eb10000 - 0x00007ffa9ebac000 	C:\Windows\System32\sechost.dll
0x00007ffa9e2d0000 - 0x00007ffa9e3f5000 	C:\Windows\System32\RPCRT4.dll
0x00007ffa8cbb0000 - 0x00007ffa8cbb9000 	C:\Windows\SYSTEM32\WSOCK32.dll
0x00007ffa9e9e0000 - 0x00007ffa9ea4b000 	C:\Windows\System32\WS2_32.dll
0x00007ffa94c90000 - 0x00007ffa94cb7000 	C:\Windows\SYSTEM32\WINMM.dll
0x00007ffa967a0000 - 0x00007ffa967aa000 	C:\Windows\SYSTEM32\VERSION.dll
0x00007ffa9ad00000 - 0x00007ffa9ad12000 	C:\Windows\SYSTEM32\kernel.appcore.dll
0x00007ffa90200000 - 0x00007ffa9020a000 	c:\Users\PC\.vscode\extensions\redhat.java-1.13.0-win32-x64\jre\17.0.5-win32-x86_64\bin\jimage.dll
0x00007ffa8dd40000 - 0x00007ffa8df24000 	C:\Windows\SYSTEM32\DBGHELP.DLL
0x00007ffa8d1f0000 - 0x00007ffa8d225000 	C:\Windows\SYSTEM32\dbgcore.DLL
0x00007ffa9ced0000 - 0x00007ffa9cf52000 	C:\Windows\System32\bcryptPrimitives.dll
0x00007ffa85a10000 - 0x00007ffa85a35000 	c:\Users\PC\.vscode\extensions\redhat.java-1.13.0-win32-x64\jre\17.0.5-win32-x86_64\bin\java.dll
0x00007ffa85e10000 - 0x00007ffa85e28000 	c:\Users\PC\.vscode\extensions\redhat.java-1.13.0-win32-x64\jre\17.0.5-win32-x86_64\bin\zip.dll
0x00007ffa9eed0000 - 0x00007ffa9f614000 	C:\Windows\System32\SHELL32.dll
0x00007ffa9af00000 - 0x00007ffa9b692000 	C:\Windows\SYSTEM32\windows.storage.dll
0x00007ffa9e400000 - 0x00007ffa9e755000 	C:\Windows\System32\combase.dll
0x00007ffa9c7a0000 - 0x00007ffa9c7d0000 	C:\Windows\SYSTEM32\Wldp.dll
0x00007ffa9d910000 - 0x00007ffa9d9bd000 	C:\Windows\System32\SHCORE.dll
0x00007ffa9ee70000 - 0x00007ffa9eec5000 	C:\Windows\System32\shlwapi.dll
0x00007ffa9cd60000 - 0x00007ffa9cd7f000 	C:\Windows\SYSTEM32\profapi.dll
0x00007ffa859f0000 - 0x00007ffa85a09000 	C:\Users\PC\.vscode\extensions\redhat.java-1.13.0-win32-x64\jre\17.0.5-win32-x86_64\bin\net.dll
0x00007ffa96a50000 - 0x00007ffa96b5c000 	C:\Windows\SYSTEM32\WINHTTP.dll
0x00007ffa9c500000 - 0x00007ffa9c56a000 	C:\Windows\system32\mswsock.dll
0x00007ffa83700000 - 0x00007ffa83715000 	C:\Users\PC\.vscode\extensions\redhat.java-1.13.0-win32-x64\jre\17.0.5-win32-x86_64\bin\nio.dll
0x00007ffa8f9b0000 - 0x00007ffa8f9c0000 	c:\Users\PC\.vscode\extensions\redhat.java-1.13.0-win32-x64\jre\17.0.5-win32-x86_64\bin\verify.dll
0x00007ffa9c700000 - 0x00007ffa9c718000 	C:\Windows\SYSTEM32\CRYPTSP.dll
0x00007ffa9be20000 - 0x00007ffa9be54000 	C:\Windows\system32\rsaenh.dll
0x00007ffa9d1d0000 - 0x00007ffa9d1f7000 	C:\Windows\System32\bcrypt.dll
0x00007ffa9cd20000 - 0x00007ffa9cd4e000 	C:\Windows\SYSTEM32\USERENV.dll
0x00007ffa9c6f0000 - 0x00007ffa9c6fc000 	C:\Windows\SYSTEM32\CRYPTBASE.dll
0x00007ffa9c1f0000 - 0x00007ffa9c22b000 	C:\Windows\SYSTEM32\IPHLPAPI.DLL
0x00007ffa9e760000 - 0x00007ffa9e768000 	C:\Windows\System32\NSI.dll
0x00007ffa97630000 - 0x00007ffa97647000 	C:\Windows\SYSTEM32\dhcpcsvc6.DLL
0x00007ffa97480000 - 0x00007ffa9749d000 	C:\Windows\SYSTEM32\dhcpcsvc.DLL
0x00007ffa9c230000 - 0x00007ffa9c2fa000 	C:\Windows\SYSTEM32\DNSAPI.dll
0x00007ffa8a080000 - 0x00007ffa8a089000 	C:\Users\PC\.vscode\extensions\redhat.java-1.13.0-win32-x64\jre\17.0.5-win32-x86_64\bin\management.dll
0x00007ffa8a050000 - 0x00007ffa8a05b000 	C:\Users\PC\.vscode\extensions\redhat.java-1.13.0-win32-x64\jre\17.0.5-win32-x86_64\bin\management_ext.dll
0x00007ffa9d8d0000 - 0x00007ffa9d8d8000 	C:\Windows\System32\PSAPI.DLL
0x00007ffa931e0000 - 0x00007ffa931ee000 	C:\Users\PC\.vscode\extensions\redhat.java-1.13.0-win32-x64\jre\17.0.5-win32-x86_64\bin\sunmscapi.dll
0x00007ffa9cf60000 - 0x00007ffa9d0b6000 	C:\Windows\System32\CRYPT32.dll
0x00007ffa9c810000 - 0x00007ffa9c837000 	C:\Windows\SYSTEM32\ncrypt.dll
0x00007ffa9c7d0000 - 0x00007ffa9c80b000 	C:\Windows\SYSTEM32\NTASN1.dll
0x00007ffa91310000 - 0x00007ffa9131a000 	C:\Windows\System32\rasadhlp.dll
0x00007ffa921a0000 - 0x00007ffa92220000 	C:\Windows\System32\fwpuclnt.dll
0x000000006c500000 - 0x000000006c5c7000 	C:\Users\PC\AppData\Local\Temp\snappy-1.1.8-ed513458-7f11-4511-92c6-fb4e239e6b70-snappyjava.dll

dbghelp: loaded successfully - version: 4.0.5 - missing functions: none
symbol engine: initialized successfully - sym options: 0x614 - pdb path: .;c:\Users\PC\.vscode\extensions\redhat.java-1.13.0-win32-x64\jre\17.0.5-win32-x86_64\bin;C:\Windows\SYSTEM32;C:\Windows\WinSxS\amd64_microsoft.windows.common-controls_6595b64144ccf1df_6.0.19041.1110_none_60b5254171f9507e;c:\Users\PC\.vscode\extensions\redhat.java-1.13.0-win32-x64\jre\17.0.5-win32-x86_64\bin\server;C:\Users\PC\AppData\Local\Temp

VM Arguments:
jvm_args: -Dsts.lsp.client=vscode -Dsts.log.file=/dev/null -XX:TieredStopAtLevel=1 -Xlog:jni+resolve=off -Dspring.config.location=file:c:\Users\PC\.vscode\extensions\pivotal.vscode-spring-boot-1.43.0\language-server\BOOT-INF\classes\application.properties 
java_command: org.springframework.ide.vscode.boot.app.BootLanguageServerBootApp
java_class_path (initial): c:\Users\PC\.vscode\extensions\pivotal.vscode-spring-boot-1.43.0\language-server\BOOT-INF\classes;c:\Users\PC\.vscode\extensions\pivotal.vscode-spring-boot-1.43.0\language-server\BOOT-INF\lib\annotations-23.1.0.jar;c:\Users\PC\.vscode\extensions\pivotal.vscode-spring-boot-1.43.0\language-server\BOOT-INF\lib\ant-1.10.12.jar;c:\Users\PC\.vscode\extensions\pivotal.vscode-spring-boot-1.43.0\language-server\BOOT-INF\lib\ant-launcher-1.10.12.jar;c:\Users\PC\.vscode\extensions\pivotal.vscode-spring-boot-1.43.0\language-server\BOOT-INF\lib\antlr-runtime-3.5.2.jar;c:\Users\PC\.vscode\extensions\pivotal.vscode-spring-boot-1.43.0\language-server\BOOT-INF\lib\antlr4-4.9.3.jar;c:\Users\PC\.vscode\extensions\pivotal.vscode-spring-boot-1.43.0\language-server\BOOT-INF\lib\antlr4-runtime-4.9.3.jar;c:\Users\PC\.vscode\extensions\pivotal.vscode-spring-boot-1.43.0\language-server\BOOT-INF\lib\apiguardian-api-1.1.2.jar;c:\Users\PC\.vscode\extensions\pivotal.vscode-spring-boot-1.43.0\language-server\BOOT-INF\lib\asm-9.4.jar;c:\Users\PC\.vscode\extensions\pivotal.vscode-spring-boot-1.43.0\language-server\BOOT-INF\lib\asm-analysis-9.4.jar;c:\Users\PC\.vscode\extensions\pivotal.vscode-spring-boot-1.43.0\language-server\BOOT-INF\lib\asm-tree-9.4.jar;c:\Users\PC\.vscode\extensions\pivotal.vscode-spring-boot-1.43.0\language-server\BOOT-INF\lib\asm-util-9.4.jar;c:\Users\PC\.vscode\extensions\pivotal.vscode-spring-boot-1.43.0\language-server\BOOT-INF\lib\caffeine-3.1.2.jar;c:\Users\PC\.vscode\extensions\pivotal.vscode-spring-boot-1.43.0\language-server\BOOT-INF\lib\checker-qual-3.12.0.jar;c:\Users\PC\.vscode\extensions\pivotal.vscode-spring-boot-1.43.0\language-server\BOOT-INF\lib\ci-environment-9.1.0.jar;c:\Users\PC\.vscode\extensions\pivotal.vscode-spring-boot-1.43.0\language-server\BOOT-INF\lib\classgraph-4.8.149.jar;c:\Users\PC\.vscode\extensions\pivotal.vscode-spring-boot-1.43.0\language-server\BOOT-INF\lib\commons-codec-1.15.jar;c:\Users\PC\.vscode\extensions\p
Launcher Type: SUN_STANDARD

[Global flags]
     intx CICompilerCount                          = 3                                         {product} {ergonomic}
     uint ConcGCThreads                            = 1                                         {product} {ergonomic}
     uint G1ConcRefinementThreads                  = 4                                         {product} {ergonomic}
   size_t G1HeapRegionSize                         = 1048576                                   {product} {ergonomic}
    uintx GCDrainStackTargetSize                   = 64                                        {product} {ergonomic}
   size_t InitialHeapSize                          = 134217728                                 {product} {ergonomic}
   size_t MarkStackSize                            = 4194304                                   {product} {ergonomic}
   size_t MaxHeapSize                              = 2136997888                                {product} {ergonomic}
   size_t MaxNewSize                               = 1281359872                                {product} {ergonomic}
   size_t MinHeapDeltaBytes                        = 1048576                                   {product} {ergonomic}
   size_t MinHeapSize                              = 8388608                                   {product} {ergonomic}
    uintx NonProfiledCodeHeapSize                  = 0                                      {pd product} {ergonomic}
     bool ProfileInterpreter                       = false                                  {pd product} {command line}
    uintx ProfiledCodeHeapSize                     = 0                                      {pd product} {ergonomic}
   size_t SoftMaxHeapSize                          = 2136997888                             {manageable} {ergonomic}
     intx TieredStopAtLevel                        = 1                                         {product} {command line}
     bool UseCompressedClassPointers               = true                           {product lp64_product} {ergonomic}
     bool UseCompressedOops                        = true                           {product lp64_product} {ergonomic}
     bool UseG1GC                                  = true                                      {product} {ergonomic}
     bool UseLargePagesIndividualAllocation        = false                                  {pd product} {ergonomic}

Logging:
Log output configuration:
 #0: stdout all=warning,jni+resolve=off uptime,level,tags
 #1: stderr all=off uptime,level,tags

Environment Variables:
JAVA_HOME=C:\Program Files\Java\jdk-17.0.5
CLASSPATH=.;C:\Program Files\Java\jdk-17.0.5\lib
PATH=C:\Program Files\Common Files\Oracle\Java\javapath;C:\Program Files\AdoptOpenJDK\jdk-11.0.11.9-hotspot\bin;C:\Windows\system32;C:\Windows;C:\Windows\System32\Wbem;C:\Windows\System32\WindowsPowerShell\v1.0\;C:\Windows\System32\OpenSSH\;C:\ProgramData\UNIVALI\Portugol Studio;C:\MinGW\bin;C:\apache-maven-3.8.4\bin;C:\Program Files\Java\jdk-17.0.5\bin;C:\Program Files\Java\jdk-17.0.5\bin;C:\Program Files (x86)\ATI Technologies\ATI.ACE\Core-Static;C:\Program Files\nodejs\;C:\Program Files\Git\cmd;C:\Program Files\MySQL\MySQL Shell 8.0\bin\;C:\Users\PC\AppData\Local\Programs\Python\Python311\Scripts\;C:\Users\PC\AppData\Local\Programs\Python\Python311\;C:\Users\PC\AppData\Local\Microsoft\WindowsApps;C:\Users\PC\AppData\Local\Programs\Microsoft VS Code\bin;C:\Program Files\JetBrains\IntelliJ IDEA 2021.3\bin;;C:\Program Files\JetBrains\IntelliJ IDEA Community Edition 2021.3.1\bin;;C:\apache-maven-3.8.4\bin;C:\Users\PC\Downloads\ESTUDOS\WORKSPACE\springboot-rest\src\test;C:\Program Files\Java\jdk-11.0.8;C:\Program Files\heroku\bin;C:\Users\PC\AppData\Roaming\npm
USERNAME=PC
OS=Windows_NT
PROCESSOR_IDENTIFIER=Intel64 Family 6 Model 58 Stepping 9, GenuineIntel
TMP=C:\Users\PC\AppData\Local\Temp
TEMP=C:\Users\PC\AppData\Local\Temp



---------------  S Y S T E M  ---------------

OS:
 Windows 10 , 64 bit Build 19041 (10.0.19041.2364)
OS uptime: 0 days 22:45 hours

CPU: total 4 (initial active 4) (4 cores per cpu, 1 threads per core) family 6 model 58 stepping 9 microcode 0x21, cx8, cmov, fxsr, mmx, sse, sse2, sse3, ssse3, sse4.1, sse4.2, popcnt, tsc, tscinvbit, avx, aes, erms, clmul, vzeroupper, clflush

Memory: 4k page, system-wide physical 8150M (1147M free)
TotalPageFile size 13734M (AvailPageFile size 238M)
current process WorkingSet (physical memory assigned to process): 283M, peak: 994M
current process commit charge ("private bytes"): 402M, peak: 1001M

vm_info: OpenJDK 64-Bit Server VM (17.0.5+8) for windows-amd64 JRE (17.0.5+8), built on Oct 19 2022 04:48:13 by "temurin" with MS VC++ 16.7 (VS2019)

END.
