#
# There is insufficient memory for the Java Runtime Environment to continue.
# Native memory allocation (mmap) failed to map 385875968 bytes for G1 virtual space
# Possible reasons:
#   The system is out of physical RAM or swap space
#   The process is running with CompressedOops enabled, and the Java Heap may be blocking the growth of the native heap
# Possible solutions:
#   Reduce memory load on the system
#   Increase physical memory or swap space
#   Check if swap backing store is full
#   Decrease Java heap size (-Xmx/-Xms)
#   Decrease number of Java threads
#   Decrease Java thread stack sizes (-Xss)
#   Set larger code cache with -XX:ReservedCodeCacheSize=
#   JVM is running with Unscaled Compressed Oops mode in which the Java heap is
#     placed in the first 4GB address space. The Java Heap base address is the
#     maximum limit for the native heap growth. Please use -XX:HeapBaseMinAddress
#     to set the Java Heap base and to place the Java Heap above 4GB virtual address.
# This output file may be truncated or incomplete.
#
#  Out of Memory Error (os_windows.cpp:3548), pid=8080, tid=12580
#
# JRE version: OpenJDK Runtime Environment Temurin-17.0.5+8 (17.0.5+8) (build 17.0.5+8)
# Java VM: OpenJDK 64-Bit Server VM Temurin-17.0.5+8 (17.0.5+8, mixed mode, emulated-client, tiered, compressed oops, compressed class ptrs, g1 gc, windows-amd64)
# No core dump will be written. Minidumps are not enabled by default on client versions of Windows
#

---------------  S U M M A R Y ------------

Command Line: -Dsts.lsp.client=vscode -Dsts.log.file=/dev/null -XX:TieredStopAtLevel=1 -Xlog:jni+resolve=off -Dspring.config.location=file:c:\Users\PC\.vscode\extensions\pivotal.vscode-spring-boot-1.43.0\language-server\BOOT-INF\classes\application.properties org.springframework.ide.vscode.boot.app.BootLanguageServerBootApp

Host: Intel(R) Core(TM) i5-3340S CPU @ 2.80GHz, 4 cores, 7G,  Windows 10 , 64 bit Build 19041 (10.0.19041.2364)
Time: Tue Jan 10 15:20:59 2023 Hora oficial do Brasil elapsed time: 4.943913 seconds (0d 0h 0m 4s)

---------------  T H R E A D  ---------------

Current thread (0x000002607eff09d0):  VMThread "VM Thread" [stack: 0x000000ced0500000,0x000000ced0600000] [id=12580]

Stack: [0x000000ced0500000,0x000000ced0600000]
Native frames: (J=compiled Java code, j=interpreted, Vv=VM code, C=native code)
V  [jvm.dll+0x676b3a]
V  [jvm.dll+0x831444]
V  [jvm.dll+0x832bee]
V  [jvm.dll+0x833253]
V  [jvm.dll+0x244ce5]
V  [jvm.dll+0x673a49]
V  [jvm.dll+0x66811a]
V  [jvm.dll+0x303ceb]
V  [jvm.dll+0x30b1e6]
V  [jvm.dll+0x35adbe]
V  [jvm.dll+0x35afef]
V  [jvm.dll+0x2dab88]
V  [jvm.dll+0x2d8e3c]
V  [jvm.dll+0x2d840c]
V  [jvm.dll+0x31c31b]
V  [jvm.dll+0x8376fb]
V  [jvm.dll+0x838434]
V  [jvm.dll+0x83894c]
V  [jvm.dll+0x838d24]
V  [jvm.dll+0x838df0]
V  [jvm.dll+0x7e17ea]
V  [jvm.dll+0x6759e5]
C  [ucrtbase.dll+0x21bb2]
C  [KERNEL32.DLL+0x17614]
C  [ntdll.dll+0x526a1]

VM_Operation (0x000000ced24fe130): G1CollectForAllocation, mode: safepoint, requested by thread 0x00000260073e8290


---------------  P R O C E S S  ---------------

Threads class SMR info:
_java_thread_list=0x000002600a6f4530, length=42, elements={
0x000002607f007740, 0x000002607f0085b0, 0x000002607f02f240, 0x000002607f02fdc0,
0x000002607f030770, 0x000002607f032130, 0x000002607f034ba0, 0x000002607fc27bb0,
0x000002607fe02590, 0x000002607fe0f910, 0x000002607fe11450, 0x00000260067ac8b0,
0x0000026006f7a440, 0x000002600707b080, 0x00000260070652e0, 0x00000260764946e0,
0x0000026006cda690, 0x000002600726d040, 0x000002600726d9b0, 0x0000026007285f20,
0x00000260072863f0, 0x00000260072a23a0, 0x00000260072a1060, 0x00000260072a1a00,
0x00000260072a1530, 0x00000260072a2870, 0x00000260072a1ed0, 0x00000260073e8290,
0x00000260073e5c10, 0x00000260073e6a80, 0x00000260073e2bf0, 0x00000260073e7dc0,
0x00000260073e30c0, 0x00000260073e13e0, 0x00000260073e1d80, 0x00000260073e4da0,
0x00000260073e65b0, 0x00000260073e2250, 0x00000260073e8760, 0x00000260073e8c30,
0x00000260073e60e0, 0x00000260073e48d0
}

Java Threads: ( => current thread )
  0x000002607f007740 JavaThread "Reference Handler" daemon [_thread_blocked, id=15488, stack(0x000000ced0600000,0x000000ced0700000)]
  0x000002607f0085b0 JavaThread "Finalizer" daemon [_thread_blocked, id=15804, stack(0x000000ced0700000,0x000000ced0800000)]
  0x000002607f02f240 JavaThread "Signal Dispatcher" daemon [_thread_blocked, id=8916, stack(0x000000ced0800000,0x000000ced0900000)]
  0x000002607f02fdc0 JavaThread "Attach Listener" daemon [_thread_blocked, id=15908, stack(0x000000ced0900000,0x000000ced0a00000)]
  0x000002607f030770 JavaThread "Service Thread" daemon [_thread_blocked, id=14344, stack(0x000000ced0a00000,0x000000ced0b00000)]
  0x000002607f032130 JavaThread "Monitor Deflation Thread" daemon [_thread_blocked, id=13376, stack(0x000000ced0b00000,0x000000ced0c00000)]
  0x000002607f034ba0 JavaThread "C1 CompilerThread0" daemon [_thread_blocked, id=12160, stack(0x000000ced0c00000,0x000000ced0d00000)]
  0x000002607fc27bb0 JavaThread "Sweeper thread" daemon [_thread_blocked, id=5744, stack(0x000000ced0d00000,0x000000ced0e00000)]
  0x000002607fe02590 JavaThread "C1 CompilerThread1" daemon [_thread_blocked, id=1156, stack(0x000000ced0e00000,0x000000ced0f00000)]
  0x000002607fe0f910 JavaThread "Notification Thread" daemon [_thread_blocked, id=14860, stack(0x000000ced0f00000,0x000000ced1000000)]
  0x000002607fe11450 JavaThread "Common-Cleaner" daemon [_thread_blocked, id=10464, stack(0x000000ced1100000,0x000000ced1200000)]
  0x00000260067ac8b0 JavaThread "C1 CompilerThread2" daemon [_thread_blocked, id=15284, stack(0x000000ced1400000,0x000000ced1500000)]
  0x0000026006f7a440 JavaThread "boundedElastic-evictor-1" daemon [_thread_blocked, id=11520, stack(0x000000ced1600000,0x000000ced1700000)]
  0x000002600707b080 JavaThread "pool-11-thread-1" [_thread_blocked, id=14560, stack(0x000000ced1700000,0x000000ced1800000)]
  0x00000260070652e0 JavaThread "LanguageServerApp-lifecycle" [_thread_blocked, id=9192, stack(0x000000ced1800000,0x000000ced1900000)]
  0x00000260764946e0 JavaThread "DestroyJavaVM" [_thread_blocked, id=15976, stack(0x000000cecff00000,0x000000ced0000000)]
  0x0000026006cda690 JavaThread "pool-12-thread-1" [_thread_in_native, id=12256, stack(0x000000ced1900000,0x000000ced1a00000)]
  0x000002600726d040 JavaThread "Simple-Language-Server main thread" daemon [_thread_blocked, id=8704, stack(0x000000ced1a00000,0x000000ced1b00000)]
  0x000002600726d9b0 JavaThread "pool-8-thread-1" [_thread_blocked, id=6284, stack(0x000000ced1b00000,0x000000ced1c00000)]
  0x0000026007285f20 JavaThread "parallel-1" daemon [_thread_blocked, id=4464, stack(0x000000ced1c00000,0x000000ced1d00000)]
  0x00000260072863f0 JavaThread "ForkJoinPool.commonPool-worker-1" daemon [_thread_blocked, id=6480, stack(0x000000ced1d00000,0x000000ced1e00000)]
  0x00000260072a23a0 JavaThread "pool-5-thread-1" [_thread_blocked, id=13152, stack(0x000000ced1e00000,0x000000ced1f00000)]
  0x00000260072a1060 JavaThread "ForkJoinPool.commonPool-worker-2" daemon [_thread_blocked, id=14852, stack(0x000000ced1f00000,0x000000ced2000000)]
  0x00000260072a1a00 JavaThread "pool-5-thread-2" [_thread_blocked, id=12888, stack(0x000000ced2000000,0x000000ced2100000)]
  0x00000260072a1530 JavaThread "parallel-2" daemon [_thread_blocked, id=16168, stack(0x000000ced2100000,0x000000ced2200000)]
  0x00000260072a2870 JavaThread "ClassGraph-worker-0" daemon [_thread_blocked, id=9296, stack(0x000000ced2200000,0x000000ced2300000)]
  0x00000260072a1ed0 JavaThread "ClassGraph-worker-1" daemon [_thread_blocked, id=5224, stack(0x000000ced2300000,0x000000ced2400000)]
  0x00000260073e8290 JavaThread "ClassGraph-worker-2" daemon [_thread_blocked, id=11816, stack(0x000000ced2400000,0x000000ced2500000)]
  0x00000260073e5c10 JavaThread "ClassGraph-worker-3" daemon [_thread_blocked, id=13944, stack(0x000000ced2500000,0x000000ced2600000)]
  0x00000260073e6a80 JavaThread "ClassGraph-worker-4" daemon [_thread_blocked, id=10832, stack(0x000000ced2600000,0x000000ced2700000)]
  0x00000260073e2bf0 JavaThread "ClassGraph-worker-5" daemon [_thread_blocked, id=12612, stack(0x000000ced2700000,0x000000ced2800000)]
  0x00000260073e7dc0 JavaThread "ClassGraph-worker-6" daemon [_thread_blocked, id=8748, stack(0x000000ced2800000,0x000000ced2900000)]
  0x00000260073e30c0 JavaThread "ClassGraph-worker-7" daemon [_thread_blocked, id=11252, stack(0x000000ced2900000,0x000000ced2a00000)]
  0x00000260073e13e0 JavaThread "Reconciler-1" daemon [_thread_blocked, id=10268, stack(0x000000ced2a00000,0x000000ced2b00000)]
  0x00000260073e1d80 JavaThread "pool-6-thread-1" [_thread_blocked, id=12320, stack(0x000000ced2b00000,0x000000ced2c00000)]
  0x00000260073e4da0 JavaThread "pool-10-thread-1" [_thread_blocked, id=8224, stack(0x000000ced2c00000,0x000000ced2d00000)]
  0x00000260073e65b0 JavaThread "parallel-3" daemon [_thread_blocked, id=8720, stack(0x000000ced2d00000,0x000000ced2e00000)]
  0x00000260073e2250 JavaThread "parallel-4" daemon [_thread_blocked, id=8768, stack(0x000000ced2e00000,0x000000ced2f00000)]
  0x00000260073e8760 JavaThread "pool-10-thread-2" [_thread_blocked, id=7216, stack(0x000000ced2f00000,0x000000ced3000000)]
  0x00000260073e8c30 JavaThread "ForkJoinPool.commonPool-worker-3" daemon [_thread_blocked, id=13728, stack(0x000000ced3000000,0x000000ced3100000)]
  0x00000260073e60e0 JavaThread "Project-Reconciler-1" daemon [_thread_blocked, id=9088, stack(0x000000ced3300000,0x000000ced3400000)]
  0x00000260073e48d0 JavaThread "pool-10-thread-3" [_thread_blocked, id=16184, stack(0x000000ced3400000,0x000000ced3500000)]

Other Threads:
=>0x000002607eff09d0 VMThread "VM Thread" [stack: 0x000000ced0500000,0x000000ced0600000] [id=12580]
  0x000002607fe0fde0 WatcherThread [stack: 0x000000ced1000000,0x000000ced1100000] [id=14624]
  0x00000260764f23c0 GCTaskThread "GC Thread#0" [stack: 0x000000ced0000000,0x000000ced0100000] [id=620]
  0x00000260064d1560 GCTaskThread "GC Thread#1" [stack: 0x000000ced1200000,0x000000ced1300000] [id=16112]
  0x0000026006590670 GCTaskThread "GC Thread#2" [stack: 0x000000ced1300000,0x000000ced1400000] [id=7048]
  0x0000026006857400 GCTaskThread "GC Thread#3" [stack: 0x000000ced1500000,0x000000ced1600000] [id=14536]
  0x00000260765031c0 ConcurrentGCThread "G1 Main Marker" [stack: 0x000000ced0100000,0x000000ced0200000] [id=16276]
  0x0000026076503bd0 ConcurrentGCThread "G1 Conc#0" [stack: 0x000000ced0200000,0x000000ced0300000] [id=3892]
  0x0000026076557260 ConcurrentGCThread "G1 Refine#0" [stack: 0x000000ced0300000,0x000000ced0400000] [id=6440]
  0x0000026006c1ed50 ConcurrentGCThread "G1 Refine#1" [stack: 0x000000ced3100000,0x000000ced3200000] [id=9240]
  0x0000026006c1d090 ConcurrentGCThread "G1 Refine#2" [stack: 0x000000ced3200000,0x000000ced3300000] [id=16124]
  0x000002607ee620b0 ConcurrentGCThread "G1 Service" [stack: 0x000000ced0400000,0x000000ced0500000] [id=2952]

Threads with active compile tasks:
C1 CompilerThread1     4966 4695       1       java.util.regex.Pattern::compile (500 bytes)
C1 CompilerThread2     4966 4685       1       java.util.regex.Pattern::group0 (1097 bytes)

VM state: at safepoint (normal execution)

VM Mutex/Monitor currently owned by a thread:  ([mutex/lock_event])
[0x00000260762c9970] Threads_lock - owner thread: 0x000002607eff09d0
[0x0000026076492100] Heap_lock - owner thread: 0x00000260073e8290

Heap address: 0x0000000080a00000, size: 2038 MB, Compressed Oops mode: 32-bit

CDS archive(s) not mapped
Compressed class space mapped at: 0x0000000100000000-0x0000000140000000, reserved size: 1073741824
Narrow klass base: 0x0000000000000000, Narrow klass shift: 3, Narrow klass range: 0x140000000

GC Precious Log:
 CPUs: 4 total, 4 available
 Memory: 8150M
 Large Page Support: Disabled
 NUMA Support: Disabled
 Compressed Oops: Enabled (32-bit)
 Heap Region Size: 1M
 Heap Min Capacity: 8M
 Heap Initial Capacity: 128M
 Heap Max Capacity: 2038M
 Pre-touch: Disabled
 Parallel Workers: 4
 Concurrent Workers: 1
 Concurrent Refinement Workers: 4
 Periodic GC: Disabled

Heap:
 garbage-first heap   total 233472K, used 90687K [0x0000000080a00000, 0x0000000100000000)
  region size 1024K, 7 young (7168K), 7 survivors (7168K)
 Metaspace       used 45329K, committed 45824K, reserved 1089536K
  class space    used 5710K, committed 5952K, reserved 1048576K

Heap Regions: E=young(eden), S=young(survivor), O=old, HS=humongous(starts), HC=humongous(continues), CS=collection set, F=free, OA=open archive, CA=closed archive, TAMS=top-at-mark-start (previous, next)
|   0|0x0000000080a00000, 0x0000000080b00000, 0x0000000080b00000|100%| O|  |TAMS 0x0000000080b00000, 0x0000000080a00000| Untracked 
|   1|0x0000000080b00000, 0x0000000080c00000, 0x0000000080c00000|100%| O|  |TAMS 0x0000000080c00000, 0x0000000080b00000| Untracked 
|   2|0x0000000080c00000, 0x0000000080d00000, 0x0000000080d00000|100%| O|  |TAMS 0x0000000080d00000, 0x0000000080c00000| Untracked 
|   3|0x0000000080d00000, 0x0000000080e00000, 0x0000000080e00000|100%| O|  |TAMS 0x0000000080e00000, 0x0000000080d00000| Untracked 
|   4|0x0000000080e00000, 0x0000000080f00000, 0x0000000080f00000|100%| O|  |TAMS 0x0000000080f00000, 0x0000000080e00000| Untracked 
|   5|0x0000000080f00000, 0x0000000081000000, 0x0000000081000000|100%| O|  |TAMS 0x0000000081000000, 0x0000000080f00000| Untracked 
|   6|0x0000000081000000, 0x0000000081100000, 0x0000000081100000|100%| O|  |TAMS 0x0000000081100000, 0x0000000081000000| Untracked 
|   7|0x0000000081100000, 0x0000000081200000, 0x0000000081200000|100%| O|  |TAMS 0x0000000081200000, 0x0000000081100000| Untracked 
|   8|0x0000000081200000, 0x0000000081300000, 0x0000000081300000|100%| O|  |TAMS 0x0000000081300000, 0x0000000081200000| Untracked 
|   9|0x0000000081300000, 0x0000000081400000, 0x0000000081400000|100%| O|  |TAMS 0x0000000081400000, 0x0000000081300000| Untracked 
|  10|0x0000000081400000, 0x0000000081500000, 0x0000000081500000|100%| O|  |TAMS 0x0000000081500000, 0x0000000081400000| Untracked 
|  11|0x0000000081500000, 0x0000000081600000, 0x0000000081600000|100%| O|  |TAMS 0x0000000081600000, 0x0000000081500000| Untracked 
|  12|0x0000000081600000, 0x0000000081700000, 0x0000000081700000|100%| O|  |TAMS 0x0000000081700000, 0x0000000081600000| Untracked 
|  13|0x0000000081700000, 0x0000000081800000, 0x0000000081800000|100%| O|  |TAMS 0x0000000081800000, 0x0000000081700000| Untracked 
|  14|0x0000000081800000, 0x0000000081900000, 0x0000000081900000|100%| O|  |TAMS 0x0000000081800000, 0x0000000081800000| Untracked 
|  15|0x0000000081900000, 0x0000000081a00000, 0x0000000081a00000|100%| O|  |TAMS 0x0000000081a00000, 0x0000000081900000| Untracked 
|  16|0x0000000081a00000, 0x0000000081b00000, 0x0000000081b00000|100%| O|  |TAMS 0x0000000081b00000, 0x0000000081a00000| Untracked 
|  17|0x0000000081b00000, 0x0000000081c00000, 0x0000000081c00000|100%| O|  |TAMS 0x0000000081c00000, 0x0000000081b00000| Untracked 
|  18|0x0000000081c00000, 0x0000000081d00000, 0x0000000081d00000|100%| O|  |TAMS 0x0000000081d00000, 0x0000000081c00000| Untracked 
|  19|0x0000000081d00000, 0x0000000081e00000, 0x0000000081e00000|100%| O|  |TAMS 0x0000000081e00000, 0x0000000081d00000| Untracked 
|  20|0x0000000081e00000, 0x0000000081f00000, 0x0000000081f00000|100%| O|  |TAMS 0x0000000081f00000, 0x0000000081e00000| Untracked 
|  21|0x0000000081f00000, 0x0000000082000000, 0x0000000082000000|100%| O|  |TAMS 0x0000000082000000, 0x0000000081f00000| Untracked 
|  22|0x0000000082000000, 0x0000000082100000, 0x0000000082100000|100%| O|  |TAMS 0x0000000082100000, 0x0000000082000000| Untracked 
|  23|0x0000000082100000, 0x0000000082200000, 0x0000000082200000|100%| O|  |TAMS 0x0000000082200000, 0x0000000082100000| Untracked 
|  24|0x0000000082200000, 0x0000000082300000, 0x0000000082300000|100%| O|  |TAMS 0x0000000082300000, 0x0000000082200000| Untracked 
|  25|0x0000000082300000, 0x0000000082400000, 0x0000000082400000|100%| O|  |TAMS 0x0000000082400000, 0x0000000082300000| Untracked 
|  26|0x0000000082400000, 0x0000000082500000, 0x0000000082500000|100%| O|  |TAMS 0x0000000082500000, 0x0000000082400000| Untracked 
|  27|0x0000000082500000, 0x0000000082600000, 0x0000000082600000|100%| O|  |TAMS 0x0000000082600000, 0x0000000082500000| Untracked 
|  28|0x0000000082600000, 0x0000000082700000, 0x0000000082700000|100%| O|  |TAMS 0x0000000082700000, 0x0000000082600000| Untracked 
|  29|0x0000000082700000, 0x0000000082800000, 0x0000000082800000|100%| O|  |TAMS 0x0000000082800000, 0x0000000082700000| Untracked 
|  30|0x0000000082800000, 0x0000000082900000, 0x0000000082900000|100%| O|  |TAMS 0x0000000082900000, 0x0000000082800000| Untracked 
|  31|0x0000000082900000, 0x0000000082a00000, 0x0000000082a00000|100%| O|  |TAMS 0x0000000082a00000, 0x0000000082900000| Untracked 
|  32|0x0000000082a00000, 0x0000000082b00000, 0x0000000082b00000|100%| O|  |TAMS 0x0000000082b00000, 0x0000000082a00000| Untracked 
|  33|0x0000000082b00000, 0x0000000082c00000, 0x0000000082c00000|100%| O|  |TAMS 0x0000000082c00000, 0x0000000082b00000| Untracked 
|  34|0x0000000082c00000, 0x0000000082d00000, 0x0000000082d00000|100%| O|  |TAMS 0x0000000082d00000, 0x0000000082c00000| Untracked 
|  35|0x0000000082d00000, 0x0000000082e00000, 0x0000000082e00000|100%| O|  |TAMS 0x0000000082e00000, 0x0000000082d00000| Untracked 
|  36|0x0000000082e00000, 0x0000000082f00000, 0x0000000082f00000|100%| O|  |TAMS 0x0000000082f00000, 0x0000000082e00000| Untracked 
|  37|0x0000000082f00000, 0x0000000083000000, 0x0000000083000000|100%| O|  |TAMS 0x0000000083000000, 0x0000000082f00000| Untracked 
|  38|0x0000000083000000, 0x0000000083100000, 0x0000000083100000|100%| O|  |TAMS 0x0000000083100000, 0x0000000083000000| Untracked 
|  39|0x0000000083100000, 0x0000000083200000, 0x0000000083200000|100%| O|  |TAMS 0x0000000083200000, 0x0000000083100000| Untracked 
|  40|0x0000000083200000, 0x0000000083300000, 0x0000000083300000|100%|HS|  |TAMS 0x0000000083300000, 0x0000000083200000| Complete 
|  41|0x0000000083300000, 0x0000000083400000, 0x0000000083400000|100%| O|  |TAMS 0x0000000083400000, 0x0000000083300000| Untracked 
|  42|0x0000000083400000, 0x0000000083500000, 0x0000000083500000|100%| O|  |TAMS 0x0000000083500000, 0x0000000083400000| Untracked 
|  43|0x0000000083500000, 0x0000000083600000, 0x0000000083600000|100%| O|  |TAMS 0x0000000083600000, 0x0000000083500000| Untracked 
|  44|0x0000000083600000, 0x0000000083700000, 0x0000000083700000|100%| O|  |TAMS 0x0000000083700000, 0x0000000083600000| Untracked 
|  45|0x0000000083700000, 0x0000000083800000, 0x0000000083800000|100%| O|  |TAMS 0x0000000083800000, 0x0000000083700000| Untracked 
|  46|0x0000000083800000, 0x0000000083900000, 0x0000000083900000|100%| O|  |TAMS 0x0000000083900000, 0x0000000083800000| Untracked 
|  47|0x0000000083900000, 0x0000000083a00000, 0x0000000083a00000|100%| O|  |TAMS 0x0000000083a00000, 0x0000000083900000| Untracked 
|  48|0x0000000083a00000, 0x0000000083b00000, 0x0000000083b00000|100%| O|  |TAMS 0x0000000083b00000, 0x0000000083a00000| Untracked 
|  49|0x0000000083b00000, 0x0000000083c00000, 0x0000000083c00000|100%| O|  |TAMS 0x0000000083c00000, 0x0000000083b00000| Untracked 
|  50|0x0000000083c00000, 0x0000000083d00000, 0x0000000083d00000|100%| O|  |TAMS 0x0000000083d00000, 0x0000000083c00000| Untracked 
|  51|0x0000000083d00000, 0x0000000083e00000, 0x0000000083e00000|100%| O|  |TAMS 0x0000000083d7ac00, 0x0000000083d00000| Untracked 
|  52|0x0000000083e00000, 0x0000000083f00000, 0x0000000083f00000|100%| O|  |TAMS 0x0000000083e00000, 0x0000000083e00000| Untracked 
|  53|0x0000000083f00000, 0x0000000084000000, 0x0000000084000000|100%| O|  |TAMS 0x0000000083f00000, 0x0000000083f00000| Untracked 
|  54|0x0000000084000000, 0x0000000084100000, 0x0000000084100000|100%| O|  |TAMS 0x0000000084000000, 0x0000000084000000| Untracked 
|  55|0x0000000084100000, 0x0000000084200000, 0x0000000084200000|100%| O|  |TAMS 0x0000000084100000, 0x0000000084100000| Untracked 
|  56|0x0000000084200000, 0x0000000084300000, 0x0000000084300000|100%| O|  |TAMS 0x0000000084200000, 0x0000000084200000| Untracked 
|  57|0x0000000084300000, 0x0000000084400000, 0x0000000084400000|100%| O|  |TAMS 0x0000000084300000, 0x0000000084300000| Untracked 
|  58|0x0000000084400000, 0x0000000084500000, 0x0000000084500000|100%|HS|  |TAMS 0x0000000084400000, 0x0000000084400000| Complete 
|  59|0x0000000084500000, 0x0000000084600000, 0x0000000084600000|100%| O|  |TAMS 0x0000000084500000, 0x0000000084500000| Untracked 
|  60|0x0000000084600000, 0x0000000084700000, 0x0000000084700000|100%| O|  |TAMS 0x0000000084600000, 0x0000000084600000| Untracked 
|  61|0x0000000084700000, 0x0000000084800000, 0x0000000084800000|100%| O|  |TAMS 0x0000000084700000, 0x0000000084700000| Untracked 
|  62|0x0000000084800000, 0x0000000084900000, 0x0000000084900000|100%| O|  |TAMS 0x0000000084800000, 0x0000000084800000| Untracked 
|  63|0x0000000084900000, 0x0000000084a00000, 0x0000000084a00000|100%| O|  |TAMS 0x0000000084900000, 0x0000000084900000| Untracked 
|  64|0x0000000084a00000, 0x0000000084b00000, 0x0000000084b00000|100%|HS|  |TAMS 0x0000000084a00000, 0x0000000084a00000| Complete 
|  65|0x0000000084b00000, 0x0000000084c00000, 0x0000000084c00000|100%| O|  |TAMS 0x0000000084b00000, 0x0000000084b00000| Untracked 
|  66|0x0000000084c00000, 0x0000000084d00000, 0x0000000084d00000|100%| O|  |TAMS 0x0000000084c00000, 0x0000000084c00000| Untracked 
|  67|0x0000000084d00000, 0x0000000084e00000, 0x0000000084e00000|100%| O|  |TAMS 0x0000000084d00000, 0x0000000084d00000| Untracked 
|  68|0x0000000084e00000, 0x0000000084f00000, 0x0000000084f00000|100%| O|  |TAMS 0x0000000084e00000, 0x0000000084e00000| Untracked 
|  69|0x0000000084f00000, 0x0000000085000000, 0x0000000085000000|100%| O|  |TAMS 0x0000000084f00000, 0x0000000084f00000| Untracked 
|  70|0x0000000085000000, 0x0000000085100000, 0x0000000085100000|100%| O|  |TAMS 0x0000000085000000, 0x0000000085000000| Untracked 
|  71|0x0000000085100000, 0x0000000085200000, 0x0000000085200000|100%| O|  |TAMS 0x0000000085100000, 0x0000000085100000| Untracked 
|  72|0x0000000085200000, 0x0000000085300000, 0x0000000085300000|100%| O|  |TAMS 0x0000000085200000, 0x0000000085200000| Untracked 
|  73|0x0000000085300000, 0x0000000085400000, 0x0000000085400000|100%| O|  |TAMS 0x0000000085300000, 0x0000000085300000| Untracked 
|  74|0x0000000085400000, 0x0000000085500000, 0x0000000085500000|100%| O|  |TAMS 0x0000000085400000, 0x0000000085400000| Untracked 
|  75|0x0000000085500000, 0x0000000085600000, 0x0000000085600000|100%| O|  |TAMS 0x0000000085500000, 0x0000000085500000| Untracked 
|  76|0x0000000085600000, 0x0000000085700000, 0x0000000085700000|100%| O|  |TAMS 0x0000000085600000, 0x0000000085600000| Untracked 
|  77|0x0000000085700000, 0x0000000085800000, 0x0000000085800000|100%| O|  |TAMS 0x0000000085700000, 0x0000000085700000| Untracked 
|  78|0x0000000085800000, 0x0000000085900000, 0x0000000085900000|100%| O|  |TAMS 0x0000000085800000, 0x0000000085800000| Untracked 
|  79|0x0000000085900000, 0x0000000085a00000, 0x0000000085a00000|100%| O|  |TAMS 0x0000000085900000, 0x0000000085900000| Untracked 
|  80|0x0000000085a00000, 0x0000000085b00000, 0x0000000085b00000|100%| O|  |TAMS 0x0000000085a00000, 0x0000000085a00000| Untracked 
|  81|0x0000000085b00000, 0x0000000085bc5e00, 0x0000000085c00000| 77%| O|  |TAMS 0x0000000085b00000, 0x0000000085b00000| Untracked 
|  82|0x0000000085c00000, 0x0000000085c00000, 0x0000000085d00000|  0%| F|  |TAMS 0x0000000085c00000, 0x0000000085c00000| Untracked 
|  83|0x0000000085d00000, 0x0000000085d00000, 0x0000000085e00000|  0%| F|  |TAMS 0x0000000085d00000, 0x0000000085d00000| Untracked 
|  84|0x0000000085e00000, 0x0000000085e00000, 0x0000000085f00000|  0%| F|  |TAMS 0x0000000085e00000, 0x0000000085e00000| Untracked 
|  85|0x0000000085f00000, 0x0000000085f00000, 0x0000000086000000|  0%| F|  |TAMS 0x0000000085f00000, 0x0000000085f00000| Untracked 
|  86|0x0000000086000000, 0x0000000086000000, 0x0000000086100000|  0%| F|  |TAMS 0x0000000086000000, 0x0000000086000000| Untracked 
|  87|0x0000000086100000, 0x0000000086100000, 0x0000000086200000|  0%| F|  |TAMS 0x0000000086100000, 0x0000000086100000| Untracked 
|  88|0x0000000086200000, 0x0000000086200000, 0x0000000086300000|  0%| F|  |TAMS 0x0000000086200000, 0x0000000086200000| Untracked 
|  89|0x0000000086300000, 0x0000000086300000, 0x0000000086400000|  0%| F|  |TAMS 0x0000000086300000, 0x0000000086300000| Untracked 
|  90|0x0000000086400000, 0x0000000086400000, 0x0000000086500000|  0%| F|  |TAMS 0x0000000086400000, 0x0000000086400000| Untracked 
|  91|0x0000000086500000, 0x0000000086500000, 0x0000000086600000|  0%| F|  |TAMS 0x0000000086500000, 0x0000000086500000| Untracked 
|  92|0x0000000086600000, 0x0000000086600000, 0x0000000086700000|  0%| F|  |TAMS 0x0000000086600000, 0x0000000086600000| Untracked 
|  93|0x0000000086700000, 0x0000000086700000, 0x0000000086800000|  0%| F|  |TAMS 0x0000000086700000, 0x0000000086700000| Untracked 
|  94|0x0000000086800000, 0x0000000086800000, 0x0000000086900000|  0%| F|  |TAMS 0x0000000086800000, 0x0000000086800000| Untracked 
|  95|0x0000000086900000, 0x0000000086900000, 0x0000000086a00000|  0%| F|  |TAMS 0x0000000086900000, 0x0000000086900000| Untracked 
|  96|0x0000000086a00000, 0x0000000086a00000, 0x0000000086b00000|  0%| F|  |TAMS 0x0000000086a00000, 0x0000000086a00000| Untracked 
|  97|0x0000000086b00000, 0x0000000086b00000, 0x0000000086c00000|  0%| F|  |TAMS 0x0000000086b00000, 0x0000000086b00000| Untracked 
|  98|0x0000000086c00000, 0x0000000086c00000, 0x0000000086d00000|  0%| F|  |TAMS 0x0000000086c00000, 0x0000000086c00000| Untracked 
|  99|0x0000000086d00000, 0x0000000086d00000, 0x0000000086e00000|  0%| F|  |TAMS 0x0000000086d00000, 0x0000000086d00000| Untracked 
| 100|0x0000000086e00000, 0x0000000086e00000, 0x0000000086f00000|  0%| F|  |TAMS 0x0000000086e00000, 0x0000000086e00000| Untracked 
| 101|0x0000000086f00000, 0x0000000086f00000, 0x0000000087000000|  0%| F|  |TAMS 0x0000000086f00000, 0x0000000086f00000| Untracked 
| 102|0x0000000087000000, 0x0000000087000000, 0x0000000087100000|  0%| F|  |TAMS 0x0000000087000000, 0x0000000087000000| Untracked 
| 103|0x0000000087100000, 0x0000000087100000, 0x0000000087200000|  0%| F|  |TAMS 0x0000000087100000, 0x0000000087100000| Untracked 
| 104|0x0000000087200000, 0x0000000087200000, 0x0000000087300000|  0%| F|  |TAMS 0x0000000087200000, 0x0000000087200000| Untracked 
| 105|0x0000000087300000, 0x0000000087300000, 0x0000000087400000|  0%| F|  |TAMS 0x0000000087300000, 0x0000000087300000| Untracked 
| 106|0x0000000087400000, 0x0000000087400000, 0x0000000087500000|  0%| F|  |TAMS 0x0000000087400000, 0x0000000087400000| Untracked 
| 107|0x0000000087500000, 0x0000000087500000, 0x0000000087600000|  0%| F|  |TAMS 0x0000000087500000, 0x0000000087500000| Untracked 
| 108|0x0000000087600000, 0x0000000087600000, 0x0000000087700000|  0%| F|  |TAMS 0x0000000087600000, 0x0000000087600000| Untracked 
| 109|0x0000000087700000, 0x0000000087700000, 0x0000000087800000|  0%| F|  |TAMS 0x0000000087700000, 0x0000000087700000| Untracked 
| 110|0x0000000087800000, 0x0000000087800000, 0x0000000087900000|  0%| F|  |TAMS 0x0000000087800000, 0x0000000087800000| Untracked 
| 111|0x0000000087900000, 0x0000000087900000, 0x0000000087a00000|  0%| F|  |TAMS 0x0000000087900000, 0x0000000087900000| Untracked 
| 112|0x0000000087a00000, 0x0000000087a00000, 0x0000000087b00000|  0%| F|  |TAMS 0x0000000087a00000, 0x0000000087a00000| Untracked 
| 113|0x0000000087b00000, 0x0000000087b00000, 0x0000000087c00000|  0%| F|  |TAMS 0x0000000087b00000, 0x0000000087b00000| Untracked 
| 114|0x0000000087c00000, 0x0000000087c00000, 0x0000000087d00000|  0%| F|  |TAMS 0x0000000087c00000, 0x0000000087c00000| Untracked 
| 115|0x0000000087d00000, 0x0000000087d00000, 0x0000000087e00000|  0%| F|  |TAMS 0x0000000087d00000, 0x0000000087d00000| Untracked 
| 116|0x0000000087e00000, 0x0000000087e00000, 0x0000000087f00000|  0%| F|  |TAMS 0x0000000087e00000, 0x0000000087e00000| Untracked 
| 117|0x0000000087f00000, 0x0000000087f00000, 0x0000000088000000|  0%| F|  |TAMS 0x0000000087f00000, 0x0000000087f00000| Untracked 
| 118|0x0000000088000000, 0x0000000088000000, 0x0000000088100000|  0%| F|  |TAMS 0x0000000088000000, 0x0000000088000000| Untracked 
| 119|0x0000000088100000, 0x0000000088100000, 0x0000000088200000|  0%| F|  |TAMS 0x0000000088100000, 0x0000000088100000| Untracked 
| 120|0x0000000088200000, 0x0000000088200000, 0x0000000088300000|  0%| F|  |TAMS 0x0000000088200000, 0x0000000088200000| Untracked 
| 121|0x0000000088300000, 0x0000000088300000, 0x0000000088400000|  0%| F|  |TAMS 0x0000000088300000, 0x0000000088300000| Untracked 
| 122|0x0000000088400000, 0x0000000088400000, 0x0000000088500000|  0%| F|  |TAMS 0x0000000088400000, 0x0000000088400000| Untracked 
| 123|0x0000000088500000, 0x0000000088500000, 0x0000000088600000|  0%| F|  |TAMS 0x0000000088500000, 0x0000000088500000| Untracked 
| 124|0x0000000088600000, 0x0000000088600000, 0x0000000088700000|  0%| F|  |TAMS 0x0000000088600000, 0x0000000088600000| Untracked 
| 125|0x0000000088700000, 0x0000000088700000, 0x0000000088800000|  0%| F|  |TAMS 0x0000000088700000, 0x0000000088700000| Untracked 
| 126|0x0000000088800000, 0x0000000088800000, 0x0000000088900000|  0%| F|  |TAMS 0x0000000088800000, 0x0000000088800000| Untracked 
| 127|0x0000000088900000, 0x0000000088900000, 0x0000000088a00000|  0%| F|  |TAMS 0x0000000088900000, 0x0000000088900000| Untracked 
| 128|0x0000000088a00000, 0x0000000088a00000, 0x0000000088b00000|  0%| F|  |TAMS 0x0000000088a00000, 0x0000000088a00000| Untracked 
| 129|0x0000000088b00000, 0x0000000088b00000, 0x0000000088c00000|  0%| F|  |TAMS 0x0000000088b00000, 0x0000000088b00000| Untracked 
| 130|0x0000000088c00000, 0x0000000088c00000, 0x0000000088d00000|  0%| F|  |TAMS 0x0000000088c00000, 0x0000000088c00000| Untracked 
| 131|0x0000000088d00000, 0x0000000088dca158, 0x0000000088e00000| 78%| S|CS|TAMS 0x0000000088d00000, 0x0000000088d00000| Complete 
| 132|0x0000000088e00000, 0x0000000088f00000, 0x0000000088f00000|100%| S|CS|TAMS 0x0000000088e00000, 0x0000000088e00000| Complete 
| 133|0x0000000088f00000, 0x0000000089000000, 0x0000000089000000|100%| S|CS|TAMS 0x0000000088f00000, 0x0000000088f00000| Complete 
| 134|0x0000000089000000, 0x0000000089100000, 0x0000000089100000|100%| S|CS|TAMS 0x0000000089000000, 0x0000000089000000| Complete 
| 135|0x0000000089100000, 0x0000000089200000, 0x0000000089200000|100%| S|CS|TAMS 0x0000000089100000, 0x0000000089100000| Complete 
| 136|0x0000000089200000, 0x0000000089300000, 0x0000000089300000|100%| S|CS|TAMS 0x0000000089200000, 0x0000000089200000| Complete 
| 137|0x0000000089300000, 0x0000000089400000, 0x0000000089400000|100%| S|CS|TAMS 0x0000000089300000, 0x0000000089300000| Complete 
| 138|0x0000000089400000, 0x0000000089400000, 0x0000000089500000|  0%| F|  |TAMS 0x0000000089400000, 0x0000000089400000| Untracked 
| 139|0x0000000089500000, 0x0000000089500000, 0x0000000089600000|  0%| F|  |TAMS 0x0000000089500000, 0x0000000089500000| Untracked 
| 140|0x0000000089600000, 0x0000000089600000, 0x0000000089700000|  0%| F|  |TAMS 0x0000000089600000, 0x0000000089600000| Untracked 
| 141|0x0000000089700000, 0x0000000089700000, 0x0000000089800000|  0%| F|  |TAMS 0x0000000089700000, 0x0000000089700000| Untracked 
| 142|0x0000000089800000, 0x0000000089800000, 0x0000000089900000|  0%| F|  |TAMS 0x0000000089800000, 0x0000000089800000| Untracked 
| 143|0x0000000089900000, 0x0000000089900000, 0x0000000089a00000|  0%| F|  |TAMS 0x0000000089900000, 0x0000000089900000| Untracked 
| 144|0x0000000089a00000, 0x0000000089a00000, 0x0000000089b00000|  0%| F|  |TAMS 0x0000000089a00000, 0x0000000089a00000| Untracked 
| 145|0x0000000089b00000, 0x0000000089b00000, 0x0000000089c00000|  0%| F|  |TAMS 0x0000000089b00000, 0x0000000089b00000| Untracked 
| 146|0x0000000089c00000, 0x0000000089c00000, 0x0000000089d00000|  0%| F|  |TAMS 0x0000000089c00000, 0x0000000089c00000| Untracked 
| 147|0x0000000089d00000, 0x0000000089d00000, 0x0000000089e00000|  0%| F|  |TAMS 0x0000000089d00000, 0x0000000089d00000| Untracked 
| 148|0x0000000089e00000, 0x0000000089e00000, 0x0000000089f00000|  0%| F|  |TAMS 0x0000000089e00000, 0x0000000089e00000| Untracked 
| 149|0x0000000089f00000, 0x0000000089f00000, 0x000000008a000000|  0%| F|  |TAMS 0x0000000089f00000, 0x0000000089f00000| Untracked 
| 150|0x000000008a000000, 0x000000008a000000, 0x000000008a100000|  0%| F|  |TAMS 0x000000008a000000, 0x000000008a000000| Untracked 
| 151|0x000000008a100000, 0x000000008a100000, 0x000000008a200000|  0%| F|  |TAMS 0x000000008a100000, 0x000000008a100000| Untracked 
| 152|0x000000008a200000, 0x000000008a200000, 0x000000008a300000|  0%| F|  |TAMS 0x000000008a200000, 0x000000008a200000| Untracked 
| 153|0x000000008a300000, 0x000000008a300000, 0x000000008a400000|  0%| F|  |TAMS 0x000000008a300000, 0x000000008a300000| Untracked 
| 154|0x000000008a400000, 0x000000008a400000, 0x000000008a500000|  0%| F|  |TAMS 0x000000008a400000, 0x000000008a400000| Untracked 
| 155|0x000000008a500000, 0x000000008a500000, 0x000000008a600000|  0%| F|  |TAMS 0x000000008a500000, 0x000000008a500000| Untracked 
| 156|0x000000008a600000, 0x000000008a600000, 0x000000008a700000|  0%| F|  |TAMS 0x000000008a600000, 0x000000008a600000| Untracked 
| 157|0x000000008a700000, 0x000000008a700000, 0x000000008a800000|  0%| F|  |TAMS 0x000000008a700000, 0x000000008a700000| Untracked 
| 158|0x000000008a800000, 0x000000008a800000, 0x000000008a900000|  0%| F|  |TAMS 0x000000008a800000, 0x000000008a800000| Untracked 
| 159|0x000000008a900000, 0x000000008a900000, 0x000000008aa00000|  0%| F|  |TAMS 0x000000008a900000, 0x000000008a900000| Untracked 
| 160|0x000000008aa00000, 0x000000008aa00000, 0x000000008ab00000|  0%| F|  |TAMS 0x000000008aa00000, 0x000000008aa00000| Untracked 
| 161|0x000000008ab00000, 0x000000008ab00000, 0x000000008ac00000|  0%| F|  |TAMS 0x000000008ab00000, 0x000000008ab00000| Untracked 
| 162|0x000000008ac00000, 0x000000008ac00000, 0x000000008ad00000|  0%| F|  |TAMS 0x000000008ac00000, 0x000000008ac00000| Untracked 
| 163|0x000000008ad00000, 0x000000008ad00000, 0x000000008ae00000|  0%| F|  |TAMS 0x000000008ad00000, 0x000000008ad00000| Untracked 
| 164|0x000000008ae00000, 0x000000008ae00000, 0x000000008af00000|  0%| F|  |TAMS 0x000000008ae00000, 0x000000008ae00000| Untracked 
| 165|0x000000008af00000, 0x000000008af00000, 0x000000008b000000|  0%| F|  |TAMS 0x000000008af00000, 0x000000008af00000| Untracked 
| 166|0x000000008b000000, 0x000000008b000000, 0x000000008b100000|  0%| F|  |TAMS 0x000000008b000000, 0x000000008b000000| Untracked 
| 167|0x000000008b100000, 0x000000008b100000, 0x000000008b200000|  0%| F|  |TAMS 0x000000008b100000, 0x000000008b100000| Untracked 
| 168|0x000000008b200000, 0x000000008b200000, 0x000000008b300000|  0%| F|  |TAMS 0x000000008b200000, 0x000000008b200000| Untracked 
| 169|0x000000008b300000, 0x000000008b300000, 0x000000008b400000|  0%| F|  |TAMS 0x000000008b300000, 0x000000008b300000| Untracked 
| 170|0x000000008b400000, 0x000000008b400000, 0x000000008b500000|  0%| F|  |TAMS 0x000000008b400000, 0x000000008b400000| Untracked 
| 171|0x000000008b500000, 0x000000008b500000, 0x000000008b600000|  0%| F|  |TAMS 0x000000008b500000, 0x000000008b500000| Untracked 
| 172|0x000000008b600000, 0x000000008b600000, 0x000000008b700000|  0%| F|  |TAMS 0x000000008b600000, 0x000000008b600000| Untracked 
| 173|0x000000008b700000, 0x000000008b700000, 0x000000008b800000|  0%| F|  |TAMS 0x000000008b700000, 0x000000008b700000| Untracked 
| 174|0x000000008b800000, 0x000000008b800000, 0x000000008b900000|  0%| F|  |TAMS 0x000000008b800000, 0x000000008b800000| Untracked 
| 175|0x000000008b900000, 0x000000008b900000, 0x000000008ba00000|  0%| F|  |TAMS 0x000000008b900000, 0x000000008b900000| Untracked 
| 176|0x000000008ba00000, 0x000000008ba00000, 0x000000008bb00000|  0%| F|  |TAMS 0x000000008ba00000, 0x000000008ba00000| Untracked 
| 177|0x000000008bb00000, 0x000000008bb00000, 0x000000008bc00000|  0%| F|  |TAMS 0x000000008bb00000, 0x000000008bb00000| Untracked 
| 178|0x000000008bc00000, 0x000000008bc00000, 0x000000008bd00000|  0%| F|  |TAMS 0x000000008bc00000, 0x000000008bc00000| Untracked 
| 179|0x000000008bd00000, 0x000000008bd00000, 0x000000008be00000|  0%| F|  |TAMS 0x000000008bd00000, 0x000000008bd00000| Untracked 
| 180|0x000000008be00000, 0x000000008be00000, 0x000000008bf00000|  0%| F|  |TAMS 0x000000008be00000, 0x000000008be00000| Untracked 
| 181|0x000000008bf00000, 0x000000008bf00000, 0x000000008c000000|  0%| F|  |TAMS 0x000000008bf00000, 0x000000008bf00000| Untracked 
| 182|0x000000008c000000, 0x000000008c000000, 0x000000008c100000|  0%| F|  |TAMS 0x000000008c000000, 0x000000008c000000| Untracked 
| 183|0x000000008c100000, 0x000000008c100000, 0x000000008c200000|  0%| F|  |TAMS 0x000000008c100000, 0x000000008c100000| Untracked 
| 184|0x000000008c200000, 0x000000008c200000, 0x000000008c300000|  0%| F|  |TAMS 0x000000008c200000, 0x000000008c200000| Untracked 
| 185|0x000000008c300000, 0x000000008c300000, 0x000000008c400000|  0%| F|  |TAMS 0x000000008c300000, 0x000000008c300000| Untracked 
| 186|0x000000008c400000, 0x000000008c400000, 0x000000008c500000|  0%| F|  |TAMS 0x000000008c400000, 0x000000008c400000| Untracked 
| 187|0x000000008c500000, 0x000000008c500000, 0x000000008c600000|  0%| F|  |TAMS 0x000000008c500000, 0x000000008c500000| Untracked 
| 188|0x000000008c600000, 0x000000008c600000, 0x000000008c700000|  0%| F|  |TAMS 0x000000008c600000, 0x000000008c600000| Untracked 
| 189|0x000000008c700000, 0x000000008c700000, 0x000000008c800000|  0%| F|  |TAMS 0x000000008c700000, 0x000000008c700000| Untracked 
| 190|0x000000008c800000, 0x000000008c800000, 0x000000008c900000|  0%| F|  |TAMS 0x000000008c800000, 0x000000008c800000| Untracked 
| 191|0x000000008c900000, 0x000000008c900000, 0x000000008ca00000|  0%| F|  |TAMS 0x000000008c900000, 0x000000008c900000| Untracked 
| 192|0x000000008ca00000, 0x000000008ca00000, 0x000000008cb00000|  0%| F|  |TAMS 0x000000008ca00000, 0x000000008ca00000| Untracked 
| 193|0x000000008cb00000, 0x000000008cb00000, 0x000000008cc00000|  0%| F|  |TAMS 0x000000008cb00000, 0x000000008cb00000| Untracked 
| 194|0x000000008cc00000, 0x000000008cc00000, 0x000000008cd00000|  0%| F|  |TAMS 0x000000008cc00000, 0x000000008cc00000| Untracked 
| 195|0x000000008cd00000, 0x000000008cd00000, 0x000000008ce00000|  0%| F|  |TAMS 0x000000008cd00000, 0x000000008cd00000| Untracked 
| 196|0x000000008ce00000, 0x000000008ce00000, 0x000000008cf00000|  0%| F|  |TAMS 0x000000008ce00000, 0x000000008ce00000| Untracked 
| 197|0x000000008cf00000, 0x000000008cf00000, 0x000000008d000000|  0%| F|  |TAMS 0x000000008cf00000, 0x000000008cf00000| Untracked 
| 198|0x000000008d000000, 0x000000008d000000, 0x000000008d100000|  0%| F|  |TAMS 0x000000008d000000, 0x000000008d000000| Untracked 
| 199|0x000000008d100000, 0x000000008d100000, 0x000000008d200000|  0%| F|  |TAMS 0x000000008d100000, 0x000000008d100000| Untracked 
| 200|0x000000008d200000, 0x000000008d200000, 0x000000008d300000|  0%| F|  |TAMS 0x000000008d200000, 0x000000008d200000| Untracked 
| 201|0x000000008d300000, 0x000000008d300000, 0x000000008d400000|  0%| F|  |TAMS 0x000000008d300000, 0x000000008d300000| Untracked 
| 202|0x000000008d400000, 0x000000008d400000, 0x000000008d500000|  0%| F|  |TAMS 0x000000008d400000, 0x000000008d400000| Untracked 
| 203|0x000000008d500000, 0x000000008d500000, 0x000000008d600000|  0%| F|  |TAMS 0x000000008d500000, 0x000000008d500000| Untracked 
| 204|0x000000008d600000, 0x000000008d600000, 0x000000008d700000|  0%| F|  |TAMS 0x000000008d600000, 0x000000008d600000| Untracked 
| 205|0x000000008d700000, 0x000000008d700000, 0x000000008d800000|  0%| F|  |TAMS 0x000000008d700000, 0x000000008d700000| Untracked 
| 206|0x000000008d800000, 0x000000008d800000, 0x000000008d900000|  0%| F|  |TAMS 0x000000008d800000, 0x000000008d800000| Untracked 
| 207|0x000000008d900000, 0x000000008d900000, 0x000000008da00000|  0%| F|  |TAMS 0x000000008d900000, 0x000000008d900000| Untracked 
| 208|0x000000008da00000, 0x000000008da00000, 0x000000008db00000|  0%| F|  |TAMS 0x000000008da00000, 0x000000008da00000| Untracked 
| 209|0x000000008db00000, 0x000000008db00000, 0x000000008dc00000|  0%| F|  |TAMS 0x000000008db00000, 0x000000008db00000| Untracked 
| 210|0x000000008dc00000, 0x000000008dc00000, 0x000000008dd00000|  0%| F|  |TAMS 0x000000008dc00000, 0x000000008dc00000| Untracked 
| 211|0x000000008dd00000, 0x000000008dd00000, 0x000000008de00000|  0%| F|  |TAMS 0x000000008dd00000, 0x000000008dd00000| Untracked 
| 212|0x000000008de00000, 0x000000008de00000, 0x000000008df00000|  0%| F|  |TAMS 0x000000008de00000, 0x000000008de00000| Untracked 
| 213|0x000000008df00000, 0x000000008df00000, 0x000000008e000000|  0%| F|  |TAMS 0x000000008df00000, 0x000000008df00000| Untracked 
| 214|0x000000008e000000, 0x000000008e000000, 0x000000008e100000|  0%| F|  |TAMS 0x000000008e000000, 0x000000008e000000| Untracked 
| 215|0x000000008e100000, 0x000000008e100000, 0x000000008e200000|  0%| F|  |TAMS 0x000000008e100000, 0x000000008e100000| Untracked 
| 216|0x000000008e200000, 0x000000008e200000, 0x000000008e300000|  0%| F|  |TAMS 0x000000008e200000, 0x000000008e200000| Untracked 
| 217|0x000000008e300000, 0x000000008e300000, 0x000000008e400000|  0%| F|  |TAMS 0x000000008e300000, 0x000000008e300000| Untracked 
| 218|0x000000008e400000, 0x000000008e400000, 0x000000008e500000|  0%| F|  |TAMS 0x000000008e400000, 0x000000008e400000| Untracked 
| 219|0x000000008e500000, 0x000000008e500000, 0x000000008e600000|  0%| F|  |TAMS 0x000000008e500000, 0x000000008e500000| Untracked 
| 220|0x000000008e600000, 0x000000008e600000, 0x000000008e700000|  0%| F|  |TAMS 0x000000008e600000, 0x000000008e600000| Untracked 
| 221|0x000000008e700000, 0x000000008e700000, 0x000000008e800000|  0%| F|  |TAMS 0x000000008e700000, 0x000000008e700000| Untracked 
| 222|0x000000008e800000, 0x000000008e800000, 0x000000008e900000|  0%| F|  |TAMS 0x000000008e800000, 0x000000008e800000| Untracked 
| 223|0x000000008e900000, 0x000000008e900000, 0x000000008ea00000|  0%| F|  |TAMS 0x000000008e900000, 0x000000008e900000| Untracked 
| 224|0x000000008ea00000, 0x000000008ea00000, 0x000000008eb00000|  0%| F|  |TAMS 0x000000008ea00000, 0x000000008ea00000| Untracked 
| 225|0x000000008eb00000, 0x000000008eb00000, 0x000000008ec00000|  0%| F|  |TAMS 0x000000008eb00000, 0x000000008eb00000| Untracked 
| 226|0x000000008ec00000, 0x000000008ec00000, 0x000000008ed00000|  0%| F|  |TAMS 0x000000008ec00000, 0x000000008ec00000| Untracked 
| 227|0x000000008ed00000, 0x000000008ed00000, 0x000000008ee00000|  0%| F|  |TAMS 0x000000008ed00000, 0x000000008ed00000| Untracked 

Card table byte_map: [0x000002607e1b0000,0x000002607e5b0000] _byte_map_base: 0x000002607ddab000

Marking Bits (Prev, Next): (CMBitMap*) 0x00000260764f2a10, (CMBitMap*) 0x00000260764f29d0
 Prev Bits: [0x0000026001fe0000, 0x0000026003fb8000)
 Next Bits: [0x0000026000000000, 0x0000026001fd8000)

Polling page: 0x0000026076560000

Metaspace:

Usage:
  Non-class:     38.69 MB used.
      Class:      5.58 MB used.
       Both:     44.27 MB used.

Virtual space:
  Non-class space:       40.00 MB reserved,      38.94 MB ( 97%) committed,  5 nodes.
      Class space:        1.00 GB reserved,       5.81 MB ( <1%) committed,  1 nodes.
             Both:        1.04 GB reserved,      44.75 MB (  4%) committed. 

Chunk freelists:
   Non-Class:  208.00 KB
       Class:  2.03 MB
        Both:  2.24 MB

MaxMetaspaceSize: unlimited
CompressedClassSpaceSize: 1.00 GB
Initial GC threshold: 21.00 MB
Current GC threshold: 71.88 MB
CDS: off
MetaspaceReclaimPolicy: balanced
 - commit_granule_bytes: 65536.
 - commit_granule_words: 8192.
 - virtual_space_node_default_size: 1048576.
 - enlarge_chunks_in_place: 1.
 - new_chunks_are_fully_committed: 0.
 - uncommit_free_chunks: 1.
 - use_allocation_guard: 0.
 - handle_deallocations: 1.


Internal statistics:

num_allocs_failed_limit: 6.
num_arena_births: 526.
num_arena_deaths: 0.
num_vsnodes_births: 6.
num_vsnodes_deaths: 0.
num_space_committed: 716.
num_space_uncommitted: 0.
num_chunks_returned_to_freelist: 6.
num_chunks_taken_from_freelist: 1935.
num_chunk_merges: 3.
num_chunk_splits: 1336.
num_chunks_enlarged: 995.
num_purges: 0.
num_inconsistent_stats: 0.

CodeCache: size=49152Kb used=10166Kb max_used=10166Kb free=38985Kb
 bounds [0x000002607a900000, 0x000002607b2f0000, 0x000002607d900000]
 total_blobs=5269 nmethods=4688 adapters=506
 compilation: enabled
              stopped_count=0, restarted_count=0
 full_count=0

Compilation events (20 events):
Event: 4.934 Thread 0x000002607fe02590 4686       1       java.util.regex.Pattern::createGroup (86 bytes)
Event: 4.934 Thread 0x000002607f034ba0 nmethod 4682 0x000002607b2ea490 code [0x000002607b2ea6a0, 0x000002607b2eab58]
Event: 4.934 Thread 0x000002607f034ba0 4687       1       java.util.regex.Pattern$GroupHead::<init> (10 bytes)
Event: 4.934 Thread 0x000002607fe02590 nmethod 4686 0x000002607b2eae10 code [0x000002607b2eafc0, 0x000002607b2eb418]
Event: 4.934 Thread 0x000002607fe02590 4688       1       java.util.regex.Pattern$GroupTail::<init> (17 bytes)
Event: 4.934 Thread 0x000002607f034ba0 nmethod 4687 0x000002607b2eb590 code [0x000002607b2eb720, 0x000002607b2eb858]
Event: 4.934 Thread 0x000002607f034ba0 4689       1       java.util.regex.Pattern::accept (43 bytes)
Event: 4.934 Thread 0x000002607fe02590 nmethod 4688 0x000002607b2eb910 code [0x000002607b2ebaa0, 0x000002607b2ebbd8]
Event: 4.934 Thread 0x000002607fe02590 4690       1       java.util.regex.Pattern::bitsOrSingle (106 bytes)
Event: 4.934 Thread 0x000002607f034ba0 nmethod 4689 0x000002607b2ebc90 code [0x000002607b2ebe40, 0x000002607b2ec038]
Event: 4.934 Thread 0x000002607f034ba0 4691       1       java.util.regex.Pattern$BitClass::add (97 bytes)
Event: 4.934 Thread 0x000002607fe02590 nmethod 4690 0x000002607b2ec190 code [0x000002607b2ec340, 0x000002607b2ec558]
Event: 4.934 Thread 0x000002607fe02590 4692       1       java.util.regex.Pattern$BmpCharPredicate::union (23 bytes)
Event: 4.935 Thread 0x000002607f034ba0 nmethod 4691 0x000002607b2ec610 code [0x000002607b2ec7e0, 0x000002607b2ecaf8]
Event: 4.935 Thread 0x000002607f034ba0 4693       1       java.util.regex.Pattern$BmpCharPredicate$$Lambda$100/0x0000000100150808::<init> (15 bytes)
Event: 4.935 Thread 0x000002607fe02590 nmethod 4692 0x000002607b2ecd10 code [0x000002607b2ecee0, 0x000002607b2ed198]
Event: 4.935 Thread 0x000002607f034ba0 nmethod 4693 0x000002607b2ed310 code [0x000002607b2ed4a0, 0x000002607b2ed5f8]
Event: 4.935 Thread 0x000002607f034ba0 4694       1       java.util.ArrayList$SubList::checkForComodification (23 bytes)
Event: 4.935 Thread 0x000002607f034ba0 nmethod 4694 0x000002607b2ed690 code [0x000002607b2ed820, 0x000002607b2ed988]
Event: 4.936 Thread 0x000002607fe02590 4695       1       java.util.regex.Pattern::compile (500 bytes)

GC Heap History (20 events):
Event: 3.930 GC heap after
{Heap after GC invocations=14 (full 0):
 garbage-first heap   total 71680K, used 34672K [0x0000000080a00000, 0x0000000100000000)
  region size 1024K, 4 young (4096K), 4 survivors (4096K)
 Metaspace       used 38282K, committed 38720K, reserved 1089536K
  class space    used 4938K, committed 5120K, reserved 1048576K
}
Event: 3.975 GC heap before
{Heap before GC invocations=14 (full 0):
 garbage-first heap   total 71680K, used 54128K [0x0000000080a00000, 0x0000000100000000)
  region size 1024K, 23 young (23552K), 4 survivors (4096K)
 Metaspace       used 38778K, committed 39232K, reserved 1089536K
  class space    used 4965K, committed 5184K, reserved 1048576K
}
Event: 3.980 GC heap after
{Heap after GC invocations=15 (full 0):
 garbage-first heap   total 102400K, used 37888K [0x0000000080a00000, 0x0000000100000000)
  region size 1024K, 3 young (3072K), 3 survivors (3072K)
 Metaspace       used 38778K, committed 39232K, reserved 1089536K
  class space    used 4965K, committed 5184K, reserved 1048576K
}
Event: 4.080 GC heap before
{Heap before GC invocations=15 (full 0):
 garbage-first heap   total 102400K, used 75776K [0x0000000080a00000, 0x0000000100000000)
  region size 1024K, 41 young (41984K), 3 survivors (3072K)
 Metaspace       used 38975K, committed 39360K, reserved 1089536K
  class space    used 4986K, committed 5184K, reserved 1048576K
}
Event: 4.090 GC heap after
{Heap after GC invocations=16 (full 0):
 garbage-first heap   total 102400K, used 46989K [0x0000000080a00000, 0x0000000100000000)
  region size 1024K, 6 young (6144K), 6 survivors (6144K)
 Metaspace       used 38975K, committed 39360K, reserved 1089536K
  class space    used 4986K, committed 5184K, reserved 1048576K
}
Event: 4.360 GC heap before
{Heap before GC invocations=16 (full 0):
 garbage-first heap   total 102400K, used 76685K [0x0000000080a00000, 0x0000000100000000)
  region size 1024K, 35 young (35840K), 6 survivors (6144K)
 Metaspace       used 40388K, committed 40768K, reserved 1089536K
  class space    used 5141K, committed 5312K, reserved 1048576K
}
Event: 4.370 GC heap after
{Heap after GC invocations=17 (full 0):
 garbage-first heap   total 102400K, used 57835K [0x0000000080a00000, 0x0000000100000000)
  region size 1024K, 5 young (5120K), 5 survivors (5120K)
 Metaspace       used 40388K, committed 40768K, reserved 1089536K
  class space    used 5141K, committed 5312K, reserved 1048576K
}
Event: 4.514 GC heap before
{Heap before GC invocations=17 (full 0):
 garbage-first heap   total 102400K, used 76267K [0x0000000080a00000, 0x0000000100000000)
  region size 1024K, 24 young (24576K), 5 survivors (5120K)
 Metaspace       used 42443K, committed 42880K, reserved 1089536K
  class space    used 5356K, committed 5568K, reserved 1048576K
}
Event: 4.519 GC heap after
{Heap after GC invocations=18 (full 0):
 garbage-first heap   total 102400K, used 61455K [0x0000000080a00000, 0x0000000100000000)
  region size 1024K, 3 young (3072K), 3 survivors (3072K)
 Metaspace       used 42443K, committed 42880K, reserved 1089536K
  class space    used 5356K, committed 5568K, reserved 1048576K
}
Event: 4.620 GC heap before
{Heap before GC invocations=18 (full 0):
 garbage-first heap   total 135168K, used 79887K [0x0000000080a00000, 0x0000000100000000)
  region size 1024K, 21 young (21504K), 3 survivors (3072K)
 Metaspace       used 44144K, committed 44608K, reserved 1089536K
  class space    used 5549K, committed 5760K, reserved 1048576K
}
Event: 4.628 GC heap after
{Heap after GC invocations=19 (full 0):
 garbage-first heap   total 233472K, used 68608K [0x0000000080a00000, 0x0000000100000000)
  region size 1024K, 3 young (3072K), 3 survivors (3072K)
 Metaspace       used 44144K, committed 44608K, reserved 1089536K
  class space    used 5549K, committed 5760K, reserved 1048576K
}
Event: 4.783 GC heap before
{Heap before GC invocations=20 (full 0):
 garbage-first heap   total 233472K, used 151552K [0x0000000080a00000, 0x0000000100000000)
  region size 1024K, 84 young (86016K), 3 survivors (3072K)
 Metaspace       used 45265K, committed 45760K, reserved 1089536K
  class space    used 5699K, committed 5952K, reserved 1048576K
}
Event: 4.805 GC heap after
{Heap after GC invocations=21 (full 0):
 garbage-first heap   total 233472K, used 81429K [0x0000000080a00000, 0x0000000100000000)
  region size 1024K, 11 young (11264K), 11 survivors (11264K)
 Metaspace       used 45265K, committed 45760K, reserved 1089536K
  class space    used 5699K, committed 5952K, reserved 1048576K
}
Event: 4.810 GC heap before
{Heap before GC invocations=21 (full 0):
 garbage-first heap   total 233472K, used 82453K [0x0000000080a00000, 0x0000000100000000)
  region size 1024K, 12 young (12288K), 11 survivors (11264K)
 Metaspace       used 45275K, committed 45760K, reserved 1089536K
  class space    used 5700K, committed 5952K, reserved 1048576K
}
Event: 4.818 GC heap after
{Heap after GC invocations=22 (full 0):
 garbage-first heap   total 233472K, used 82055K [0x0000000080a00000, 0x0000000100000000)
  region size 1024K, 2 young (2048K), 2 survivors (2048K)
 Metaspace       used 45275K, committed 45760K, reserved 1089536K
  class space    used 5700K, committed 5952K, reserved 1048576K
}
Event: 4.853 GC heap before
{Heap before GC invocations=22 (full 0):
 garbage-first heap   total 233472K, used 157831K [0x0000000080a00000, 0x0000000100000000)
  region size 1024K, 77 young (78848K), 2 survivors (2048K)
 Metaspace       used 45286K, committed 45824K, reserved 1089536K
  class space    used 5701K, committed 5952K, reserved 1048576K
}
Event: 4.855 GC heap after
{Heap after GC invocations=23 (full 0):
 garbage-first heap   total 233472K, used 83888K [0x0000000080a00000, 0x0000000100000000)
  region size 1024K, 4 young (4096K), 4 survivors (4096K)
 Metaspace       used 45286K, committed 45824K, reserved 1089536K
  class space    used 5701K, committed 5952K, reserved 1048576K
}
Event: 4.897 GC heap before
{Heap before GC invocations=23 (full 0):
 garbage-first heap   total 233472K, used 163760K [0x0000000080a00000, 0x0000000100000000)
  region size 1024K, 83 young (84992K), 4 survivors (4096K)
 Metaspace       used 45301K, committed 45824K, reserved 1089536K
  class space    used 5704K, committed 5952K, reserved 1048576K
}
Event: 4.900 GC heap after
{Heap after GC invocations=24 (full 0):
 garbage-first heap   total 233472K, used 87171K [0x0000000080a00000, 0x0000000100000000)
  region size 1024K, 7 young (7168K), 7 survivors (7168K)
 Metaspace       used 45301K, committed 45824K, reserved 1089536K
  class space    used 5704K, committed 5952K, reserved 1048576K
}
Event: 4.936 GC heap before
{Heap before GC invocations=24 (full 0):
 garbage-first heap   total 233472K, used 171139K [0x0000000080a00000, 0x0000000100000000)
  region size 1024K, 90 young (92160K), 7 survivors (7168K)
 Metaspace       used 45329K, committed 45824K, reserved 1089536K
  class space    used 5710K, committed 5952K, reserved 1048576K
}

Dll operation events (9 events):
Event: 0.016 Loaded shared library c:\Users\PC\.vscode\extensions\redhat.java-1.13.0-win32-x64\jre\17.0.5-win32-x86_64\bin\java.dll
Event: 0.351 Loaded shared library C:\Users\PC\.vscode\extensions\redhat.java-1.13.0-win32-x64\jre\17.0.5-win32-x86_64\bin\net.dll
Event: 0.354 Loaded shared library C:\Users\PC\.vscode\extensions\redhat.java-1.13.0-win32-x64\jre\17.0.5-win32-x86_64\bin\nio.dll
Event: 0.363 Loaded shared library C:\Users\PC\.vscode\extensions\redhat.java-1.13.0-win32-x64\jre\17.0.5-win32-x86_64\bin\zip.dll
Event: 0.656 Loaded shared library C:\Users\PC\.vscode\extensions\redhat.java-1.13.0-win32-x64\jre\17.0.5-win32-x86_64\bin\jimage.dll
Event: 0.783 Loaded shared library c:\Users\PC\.vscode\extensions\redhat.java-1.13.0-win32-x64\jre\17.0.5-win32-x86_64\bin\verify.dll
Event: 3.126 Loaded shared library C:\Users\PC\.vscode\extensions\redhat.java-1.13.0-win32-x64\jre\17.0.5-win32-x86_64\bin\management.dll
Event: 3.128 Loaded shared library C:\Users\PC\.vscode\extensions\redhat.java-1.13.0-win32-x64\jre\17.0.5-win32-x86_64\bin\management_ext.dll
Event: 4.512 Loaded shared library C:\Users\PC\.vscode\extensions\redhat.java-1.13.0-win32-x64\jre\17.0.5-win32-x86_64\bin\sunmscapi.dll

Deoptimization events (12 events):
Event: 1.896 Thread 0x00000260764946e0 DEOPT PACKING pc=0x000002607ae09919 sp=0x000000cecfffd5a0
Event: 1.896 Thread 0x00000260764946e0 DEOPT UNPACKING pc=0x000002607a952b43 sp=0x000000cecfffca80 mode 3
Event: 3.410 Thread 0x000002600726d040 DEOPT PACKING pc=0x000002607b013fb5 sp=0x000000ced1afdc50
Event: 3.410 Thread 0x000002600726d040 DEOPT UNPACKING pc=0x000002607a952b43 sp=0x000000ced1afd178 mode 3
Event: 3.535 Thread 0x00000260072863f0 DEOPT PACKING pc=0x000002607b030f2b sp=0x000000ced1dfe5d0
Event: 3.535 Thread 0x00000260072863f0 DEOPT UNPACKING pc=0x000002607a952b43 sp=0x000000ced1dfdb18 mode 3
Event: 3.570 Thread 0x0000026006cda690 DEOPT PACKING pc=0x000002607ae14901 sp=0x000000ced19fd8b0
Event: 3.570 Thread 0x0000026006cda690 DEOPT UNPACKING pc=0x000002607a952b43 sp=0x000000ced19fcd40 mode 3
Event: 4.292 Thread 0x000002600726d040 DEOPT PACKING pc=0x000002607ae08697 sp=0x000000ced1aff2c0
Event: 4.292 Thread 0x000002600726d040 DEOPT UNPACKING pc=0x000002607a952b43 sp=0x000000ced1afe718 mode 3
Event: 4.503 Thread 0x00000260073e4da0 DEOPT PACKING pc=0x000002607aaf7d0c sp=0x000000ced2cfe690
Event: 4.503 Thread 0x00000260073e4da0 DEOPT UNPACKING pc=0x000002607a952b43 sp=0x000000ced2cfdb58 mode 0

Classes unloaded (0 events):
No events

Classes redefined (0 events):
No events

Internal exceptions (20 events):
Event: 3.596 Thread 0x00000260072a1ed0 Exception <a 'sun/nio/fs/WindowsException'{0x0000000086df8fe0}> (0x0000000086df8fe0) 
thrown [s\src\hotspot\share\prims\jni.cpp, line 516]
Event: 3.596 Thread 0x00000260072a1ed0 Exception <a 'sun/nio/fs/WindowsException'{0x0000000086df93c0}> (0x0000000086df93c0) 
thrown [s\src\hotspot\share\prims\jni.cpp, line 516]
Event: 3.596 Thread 0x00000260072a1ed0 Exception <a 'sun/nio/fs/WindowsException'{0x0000000086df9de0}> (0x0000000086df9de0) 
thrown [s\src\hotspot\share\prims\jni.cpp, line 516]
Event: 3.596 Thread 0x00000260072a1ed0 Exception <a 'sun/nio/fs/WindowsException'{0x0000000086dfa1c0}> (0x0000000086dfa1c0) 
thrown [s\src\hotspot\share\prims\jni.cpp, line 516]
Event: 4.130 Thread 0x000002600726d040 Exception <a 'java/lang/NoSuchMethodError'{0x00000000864f1908}: 'java.lang.Object java.lang.invoke.Invokers$Holder.invoke_MT(java.lang.Object, java.lang.Object, java.lang.Object)'> (0x00000000864f1908) 
thrown [s\src\hotspot\share\interpreter\linkResolver.cpp, line 759]
Event: 4.283 Thread 0x000002600726d040 Exception <a 'java/lang/NoSuchMethodError'{0x00000000856feb90}: 'java.lang.Object java.lang.invoke.DirectMethodHandle$Holder.newInvokeSpecial(java.lang.Object, java.lang.Object, int)'> (0x00000000856feb90) 
thrown [s\src\hotspot\share\interpreter\linkResolver.cpp, line 759]
Event: 4.412 Thread 0x00000260073e4da0 Exception <a 'java/lang/NoSuchMethodError'{0x0000000086c2bd28}: 'void java.lang.invoke.DirectMethodHandle$Holder.invokeVirtual(java.lang.Object, java.lang.Object, java.lang.Object, java.lang.Object)'> (0x0000000086c2bd28) 
thrown [s\src\hotspot\share\interpreter\linkResolver.cpp, line 759]
Event: 4.478 Thread 0x00000260073e1d80 Exception <a 'sun/nio/fs/WindowsException'{0x0000000086075f18}> (0x0000000086075f18) 
thrown [s\src\hotspot\share\prims\jni.cpp, line 516]
Event: 4.478 Thread 0x00000260073e1d80 Exception <a 'sun/nio/fs/WindowsException'{0x0000000086076ad8}> (0x0000000086076ad8) 
thrown [s\src\hotspot\share\prims\jni.cpp, line 516]
Event: 4.478 Thread 0x00000260073e1d80 Exception <a 'sun/nio/fs/WindowsException'{0x0000000086077680}> (0x0000000086077680) 
thrown [s\src\hotspot\share\prims\jni.cpp, line 516]
Event: 4.478 Thread 0x00000260073e1d80 Exception <a 'sun/nio/fs/WindowsException'{0x0000000086078320}> (0x0000000086078320) 
thrown [s\src\hotspot\share\prims\jni.cpp, line 516]
Event: 4.479 Thread 0x00000260073e1d80 Exception <a 'sun/nio/fs/WindowsException'{0x0000000086079048}> (0x0000000086079048) 
thrown [s\src\hotspot\share\prims\jni.cpp, line 516]
Event: 4.480 Thread 0x00000260073e1d80 Exception <a 'sun/nio/fs/WindowsException'{0x00000000860c9430}> (0x00000000860c9430) 
thrown [s\src\hotspot\share\prims\jni.cpp, line 516]
Event: 4.480 Thread 0x00000260073e1d80 Exception <a 'sun/nio/fs/WindowsException'{0x00000000860c9ff0}> (0x00000000860c9ff0) 
thrown [s\src\hotspot\share\prims\jni.cpp, line 516]
Event: 4.480 Thread 0x00000260073e1d80 Exception <a 'sun/nio/fs/WindowsException'{0x00000000860cab98}> (0x00000000860cab98) 
thrown [s\src\hotspot\share\prims\jni.cpp, line 516]
Event: 4.480 Thread 0x00000260073e1d80 Exception <a 'sun/nio/fs/WindowsException'{0x00000000860cb838}> (0x00000000860cb838) 
thrown [s\src\hotspot\share\prims\jni.cpp, line 516]
Event: 4.480 Thread 0x00000260073e1d80 Exception <a 'sun/nio/fs/WindowsException'{0x00000000860cec68}> (0x00000000860cec68) 
thrown [s\src\hotspot\share\prims\jni.cpp, line 516]
Event: 4.486 Thread 0x00000260073e1d80 Exception <a 'sun/nio/fs/WindowsException'{0x0000000085f626a8}> (0x0000000085f626a8) 
thrown [s\src\hotspot\share\prims\jni.cpp, line 516]
Event: 4.546 Thread 0x00000260073e4da0 Exception <a 'sun/nio/fs/WindowsException'{0x0000000086eed970}> (0x0000000086eed970) 
thrown [s\src\hotspot\share\prims\jni.cpp, line 516]
Event: 4.556 Thread 0x00000260073e4da0 Exception <a 'java/lang/NoSuchMethodError'{0x0000000086d70b40}: 'int java.lang.invoke.DirectMethodHandle$Holder.invokeStaticInit(java.lang.Object, java.lang.Object, java.lang.Object, java.lang.Object)'> (0x0000000086d70b40) 
thrown [s\src\hotspot\share\interpreter\linkResolver.cpp, line 759]

VM Operations (20 events):
Event: 4.649 Executing VM operation: G1Concurrent done
Event: 4.755 Executing VM operation: HandshakeAllThreads
Event: 4.757 Executing VM operation: HandshakeAllThreads done
Event: 4.781 Executing VM operation: G1CollectForAllocation
Event: 4.782 Executing VM operation: G1CollectForAllocation done
Event: 4.782 Executing VM operation: G1CollectForAllocation
Event: 4.805 Executing VM operation: G1CollectForAllocation done
Event: 4.809 Executing VM operation: G1CollectForAllocation
Event: 4.819 Executing VM operation: G1CollectForAllocation done
Event: 4.852 Executing VM operation: G1CollectForAllocation
Event: 4.853 Executing VM operation: G1CollectForAllocation done
Event: 4.853 Executing VM operation: G1CollectForAllocation
Event: 4.855 Executing VM operation: G1CollectForAllocation done
Event: 4.891 Executing VM operation: G1CollectForAllocation
Event: 4.896 Executing VM operation: G1CollectForAllocation done
Event: 4.896 Executing VM operation: G1CollectForAllocation
Event: 4.900 Executing VM operation: G1CollectForAllocation done
Event: 4.932 Executing VM operation: G1CollectForAllocation
Event: 4.935 Executing VM operation: G1CollectForAllocation done
Event: 4.936 Executing VM operation: G1CollectForAllocation

Events (20 events):
Event: 4.704 loading class sun/net/www/protocol/https/AbstractDelegateHttpsURLConnection done
Event: 4.704 loading class sun/net/www/protocol/https/DelegateHttpsURLConnection done
Event: 4.740 loading class sun/net/NetProperties
Event: 4.740 loading class sun/net/NetProperties done
Event: 4.740 loading class sun/net/NetProperties$1
Event: 4.741 loading class sun/net/NetProperties$1 done
Event: 4.743 loading class sun/net/www/protocol/http/HttpURLConnection$TunnelState
Event: 4.743 loading class sun/net/www/protocol/http/HttpURLConnection$TunnelState done
Event: 4.743 loading class sun/net/www/protocol/http/HttpURLConnection$2
Event: 4.744 loading class sun/net/www/protocol/http/HttpURLConnection$2 done
Event: 4.744 loading class java/net/CookieHandler
Event: 4.744 loading class java/net/CookieHandler done
Event: 4.745 loading class sun/net/www/protocol/http/HttpURLConnection$3
Event: 4.745 loading class sun/net/www/protocol/http/HttpURLConnection$3 done
Event: 4.746 loading class java/net/ResponseCache
Event: 4.746 loading class java/net/ResponseCache done
Event: 4.751 loading class java/lang/ExceptionInInitializerError
Event: 4.751 loading class java/lang/ExceptionInInitializerError done
Event: 4.827 Thread 0x00000260073e60e0 Thread added: 0x00000260073e60e0
Event: 4.891 Thread 0x00000260073e48d0 Thread added: 0x00000260073e48d0


Dynamic libraries:
0x00007ff7dd710000 - 0x00007ff7dd71e000 	c:\Users\PC\.vscode\extensions\redhat.java-1.13.0-win32-x64\jre\17.0.5-win32-x86_64\bin\java.exe
0x00007ffa9f730000 - 0x00007ffa9f928000 	C:\Windows\SYSTEM32\ntdll.dll
0x00007ffa9ea50000 - 0x00007ffa9eb0f000 	C:\Windows\System32\KERNEL32.DLL
0x00007ffa9d2f0000 - 0x00007ffa9d5c2000 	C:\Windows\System32\KERNELBASE.dll
0x00007ffa9d670000 - 0x00007ffa9d770000 	C:\Windows\System32\ucrtbase.dll
0x00007ffa8f960000 - 0x00007ffa8f977000 	c:\Users\PC\.vscode\extensions\redhat.java-1.13.0-win32-x64\jre\17.0.5-win32-x86_64\bin\jli.dll
0x00007ffa9e7d0000 - 0x00007ffa9e971000 	C:\Windows\System32\USER32.dll
0x00007ffa9d2c0000 - 0x00007ffa9d2e2000 	C:\Windows\System32\win32u.dll
0x00007ffa9e2a0000 - 0x00007ffa9e2cb000 	C:\Windows\System32\GDI32.dll
0x00007ffa9d0c0000 - 0x00007ffa9d1cf000 	C:\Windows\System32\gdi32full.dll
0x00007ffa9d5d0000 - 0x00007ffa9d66d000 	C:\Windows\System32\msvcp_win.dll
0x00007ffa89f20000 - 0x00007ffa89f39000 	c:\Users\PC\.vscode\extensions\redhat.java-1.13.0-win32-x64\jre\17.0.5-win32-x86_64\bin\VCRUNTIME140.dll
0x00007ffa8b970000 - 0x00007ffa8bc0a000 	C:\Windows\WinSxS\amd64_microsoft.windows.common-controls_6595b64144ccf1df_6.0.19041.1110_none_60b5254171f9507e\COMCTL32.dll
0x00007ffa9dd90000 - 0x00007ffa9de2e000 	C:\Windows\System32\msvcrt.dll
0x00007ffa9d770000 - 0x00007ffa9d7a2000 	C:\Windows\System32\IMM32.DLL
0x00007ffa91970000 - 0x00007ffa9197c000 	c:\Users\PC\.vscode\extensions\redhat.java-1.13.0-win32-x64\jre\17.0.5-win32-x86_64\bin\vcruntime140_1.dll
0x00007ffa783f0000 - 0x00007ffa78481000 	c:\Users\PC\.vscode\extensions\redhat.java-1.13.0-win32-x64\jre\17.0.5-win32-x86_64\bin\msvcp140.dll
0x00007ffa6c780000 - 0x00007ffa6d3c4000 	c:\Users\PC\.vscode\extensions\redhat.java-1.13.0-win32-x64\jre\17.0.5-win32-x86_64\bin\server\jvm.dll
0x00007ffa9ece0000 - 0x00007ffa9ed8e000 	C:\Windows\System32\ADVAPI32.dll
0x00007ffa9eb10000 - 0x00007ffa9ebac000 	C:\Windows\System32\sechost.dll
0x00007ffa9e2d0000 - 0x00007ffa9e3f5000 	C:\Windows\System32\RPCRT4.dll
0x00007ffa8cbb0000 - 0x00007ffa8cbb9000 	C:\Windows\SYSTEM32\WSOCK32.dll
0x00007ffa9e9e0000 - 0x00007ffa9ea4b000 	C:\Windows\System32\WS2_32.dll
0x00007ffa94c90000 - 0x00007ffa94cb7000 	C:\Windows\SYSTEM32\WINMM.dll
0x00007ffa967a0000 - 0x00007ffa967aa000 	C:\Windows\SYSTEM32\VERSION.dll
0x00007ffa9ad00000 - 0x00007ffa9ad12000 	C:\Windows\SYSTEM32\kernel.appcore.dll
0x00007ffa90200000 - 0x00007ffa9020a000 	c:\Users\PC\.vscode\extensions\redhat.java-1.13.0-win32-x64\jre\17.0.5-win32-x86_64\bin\jimage.dll
0x00007ffa8dd40000 - 0x00007ffa8df24000 	C:\Windows\SYSTEM32\DBGHELP.DLL
0x00007ffa8d1f0000 - 0x00007ffa8d225000 	C:\Windows\SYSTEM32\dbgcore.DLL
0x00007ffa9ced0000 - 0x00007ffa9cf52000 	C:\Windows\System32\bcryptPrimitives.dll
0x00007ffa85a10000 - 0x00007ffa85a35000 	c:\Users\PC\.vscode\extensions\redhat.java-1.13.0-win32-x64\jre\17.0.5-win32-x86_64\bin\java.dll
0x00007ffa85e10000 - 0x00007ffa85e28000 	c:\Users\PC\.vscode\extensions\redhat.java-1.13.0-win32-x64\jre\17.0.5-win32-x86_64\bin\zip.dll
0x00007ffa9eed0000 - 0x00007ffa9f614000 	C:\Windows\System32\SHELL32.dll
0x00007ffa9af00000 - 0x00007ffa9b692000 	C:\Windows\SYSTEM32\windows.storage.dll
0x00007ffa9e400000 - 0x00007ffa9e755000 	C:\Windows\System32\combase.dll
0x00007ffa9c7a0000 - 0x00007ffa9c7d0000 	C:\Windows\SYSTEM32\Wldp.dll
0x00007ffa9d910000 - 0x00007ffa9d9bd000 	C:\Windows\System32\SHCORE.dll
0x00007ffa9ee70000 - 0x00007ffa9eec5000 	C:\Windows\System32\shlwapi.dll
0x00007ffa9cd60000 - 0x00007ffa9cd7f000 	C:\Windows\SYSTEM32\profapi.dll
0x00007ffa859f0000 - 0x00007ffa85a09000 	C:\Users\PC\.vscode\extensions\redhat.java-1.13.0-win32-x64\jre\17.0.5-win32-x86_64\bin\net.dll
0x00007ffa96a50000 - 0x00007ffa96b5c000 	C:\Windows\SYSTEM32\WINHTTP.dll
0x00007ffa9c500000 - 0x00007ffa9c56a000 	C:\Windows\system32\mswsock.dll
0x00007ffa83700000 - 0x00007ffa83715000 	C:\Users\PC\.vscode\extensions\redhat.java-1.13.0-win32-x64\jre\17.0.5-win32-x86_64\bin\nio.dll
0x00007ffa8f9b0000 - 0x00007ffa8f9c0000 	c:\Users\PC\.vscode\extensions\redhat.java-1.13.0-win32-x64\jre\17.0.5-win32-x86_64\bin\verify.dll
0x00007ffa9c700000 - 0x00007ffa9c718000 	C:\Windows\SYSTEM32\CRYPTSP.dll
0x00007ffa9be20000 - 0x00007ffa9be54000 	C:\Windows\system32\rsaenh.dll
0x00007ffa9d1d0000 - 0x00007ffa9d1f7000 	C:\Windows\System32\bcrypt.dll
0x00007ffa9cd20000 - 0x00007ffa9cd4e000 	C:\Windows\SYSTEM32\USERENV.dll
0x00007ffa9c6f0000 - 0x00007ffa9c6fc000 	C:\Windows\SYSTEM32\CRYPTBASE.dll
0x00007ffa9c1f0000 - 0x00007ffa9c22b000 	C:\Windows\SYSTEM32\IPHLPAPI.DLL
0x00007ffa9e760000 - 0x00007ffa9e768000 	C:\Windows\System32\NSI.dll
0x00007ffa97630000 - 0x00007ffa97647000 	C:\Windows\SYSTEM32\dhcpcsvc6.DLL
0x00007ffa97480000 - 0x00007ffa9749d000 	C:\Windows\SYSTEM32\dhcpcsvc.DLL
0x00007ffa9c230000 - 0x00007ffa9c2fa000 	C:\Windows\SYSTEM32\DNSAPI.dll
0x00007ffa98830000 - 0x00007ffa98839000 	C:\Users\PC\.vscode\extensions\redhat.java-1.13.0-win32-x64\jre\17.0.5-win32-x86_64\bin\management.dll
0x00007ffa94010000 - 0x00007ffa9401b000 	C:\Users\PC\.vscode\extensions\redhat.java-1.13.0-win32-x64\jre\17.0.5-win32-x86_64\bin\management_ext.dll
0x00007ffa9d8d0000 - 0x00007ffa9d8d8000 	C:\Windows\System32\PSAPI.DLL
0x00007ffa931e0000 - 0x00007ffa931ee000 	C:\Users\PC\.vscode\extensions\redhat.java-1.13.0-win32-x64\jre\17.0.5-win32-x86_64\bin\sunmscapi.dll
0x00007ffa9cf60000 - 0x00007ffa9d0b6000 	C:\Windows\System32\CRYPT32.dll
0x00007ffa9c810000 - 0x00007ffa9c837000 	C:\Windows\SYSTEM32\ncrypt.dll
0x00007ffa9c7d0000 - 0x00007ffa9c80b000 	C:\Windows\SYSTEM32\NTASN1.dll

dbghelp: loaded successfully - version: 4.0.5 - missing functions: none
symbol engine: initialized successfully - sym options: 0x614 - pdb path: .;c:\Users\PC\.vscode\extensions\redhat.java-1.13.0-win32-x64\jre\17.0.5-win32-x86_64\bin;C:\Windows\SYSTEM32;C:\Windows\WinSxS\amd64_microsoft.windows.common-controls_6595b64144ccf1df_6.0.19041.1110_none_60b5254171f9507e;c:\Users\PC\.vscode\extensions\redhat.java-1.13.0-win32-x64\jre\17.0.5-win32-x86_64\bin\server

VM Arguments:
jvm_args: -Dsts.lsp.client=vscode -Dsts.log.file=/dev/null -XX:TieredStopAtLevel=1 -Xlog:jni+resolve=off -Dspring.config.location=file:c:\Users\PC\.vscode\extensions\pivotal.vscode-spring-boot-1.43.0\language-server\BOOT-INF\classes\application.properties 
java_command: org.springframework.ide.vscode.boot.app.BootLanguageServerBootApp
java_class_path (initial): c:\Users\PC\.vscode\extensions\pivotal.vscode-spring-boot-1.43.0\language-server\BOOT-INF\classes;c:\Users\PC\.vscode\extensions\pivotal.vscode-spring-boot-1.43.0\language-server\BOOT-INF\lib\annotations-23.1.0.jar;c:\Users\PC\.vscode\extensions\pivotal.vscode-spring-boot-1.43.0\language-server\BOOT-INF\lib\ant-1.10.12.jar;c:\Users\PC\.vscode\extensions\pivotal.vscode-spring-boot-1.43.0\language-server\BOOT-INF\lib\ant-launcher-1.10.12.jar;c:\Users\PC\.vscode\extensions\pivotal.vscode-spring-boot-1.43.0\language-server\BOOT-INF\lib\antlr-runtime-3.5.2.jar;c:\Users\PC\.vscode\extensions\pivotal.vscode-spring-boot-1.43.0\language-server\BOOT-INF\lib\antlr4-4.9.3.jar;c:\Users\PC\.vscode\extensions\pivotal.vscode-spring-boot-1.43.0\language-server\BOOT-INF\lib\antlr4-runtime-4.9.3.jar;c:\Users\PC\.vscode\extensions\pivotal.vscode-spring-boot-1.43.0\language-server\BOOT-INF\lib\apiguardian-api-1.1.2.jar;c:\Users\PC\.vscode\extensions\pivotal.vscode-spring-boot-1.43.0\language-server\BOOT-INF\lib\asm-9.4.jar;c:\Users\PC\.vscode\extensions\pivotal.vscode-spring-boot-1.43.0\language-server\BOOT-INF\lib\asm-analysis-9.4.jar;c:\Users\PC\.vscode\extensions\pivotal.vscode-spring-boot-1.43.0\language-server\BOOT-INF\lib\asm-tree-9.4.jar;c:\Users\PC\.vscode\extensions\pivotal.vscode-spring-boot-1.43.0\language-server\BOOT-INF\lib\asm-util-9.4.jar;c:\Users\PC\.vscode\extensions\pivotal.vscode-spring-boot-1.43.0\language-server\BOOT-INF\lib\caffeine-3.1.2.jar;c:\Users\PC\.vscode\extensions\pivotal.vscode-spring-boot-1.43.0\language-server\BOOT-INF\lib\checker-qual-3.12.0.jar;c:\Users\PC\.vscode\extensions\pivotal.vscode-spring-boot-1.43.0\language-server\BOOT-INF\lib\ci-environment-9.1.0.jar;c:\Users\PC\.vscode\extensions\pivotal.vscode-spring-boot-1.43.0\language-server\BOOT-INF\lib\classgraph-4.8.149.jar;c:\Users\PC\.vscode\extensions\pivotal.vscode-spring-boot-1.43.0\language-server\BOOT-INF\lib\commons-codec-1.15.jar;c:\Users\PC\.vscode\extensions\p
Launcher Type: SUN_STANDARD

[Global flags]
     intx CICompilerCount                          = 3                                         {product} {ergonomic}
     uint ConcGCThreads                            = 1                                         {product} {ergonomic}
     uint G1ConcRefinementThreads                  = 4                                         {product} {ergonomic}
   size_t G1HeapRegionSize                         = 1048576                                   {product} {ergonomic}
    uintx GCDrainStackTargetSize                   = 64                                        {product} {ergonomic}
   size_t InitialHeapSize                          = 134217728                                 {product} {ergonomic}
   size_t MarkStackSize                            = 4194304                                   {product} {ergonomic}
   size_t MaxHeapSize                              = 2136997888                                {product} {ergonomic}
   size_t MaxNewSize                               = 1281359872                                {product} {ergonomic}
   size_t MinHeapDeltaBytes                        = 1048576                                   {product} {ergonomic}
   size_t MinHeapSize                              = 8388608                                   {product} {ergonomic}
    uintx NonProfiledCodeHeapSize                  = 0                                      {pd product} {ergonomic}
     bool ProfileInterpreter                       = false                                  {pd product} {command line}
    uintx ProfiledCodeHeapSize                     = 0                                      {pd product} {ergonomic}
   size_t SoftMaxHeapSize                          = 2136997888                             {manageable} {ergonomic}
     intx TieredStopAtLevel                        = 1                                         {product} {command line}
     bool UseCompressedClassPointers               = true                           {product lp64_product} {ergonomic}
     bool UseCompressedOops                        = true                           {product lp64_product} {ergonomic}
     bool UseG1GC                                  = true                                      {product} {ergonomic}
     bool UseLargePagesIndividualAllocation        = false                                  {pd product} {ergonomic}

Logging:
Log output configuration:
 #0: stdout all=warning,jni+resolve=off uptime,level,tags
 #1: stderr all=off uptime,level,tags

Environment Variables:
JAVA_HOME=C:\Program Files\Java\jdk-17.0.5
CLASSPATH=.;C:\Program Files\Java\jdk-17.0.5\lib
PATH=C:\Program Files\Common Files\Oracle\Java\javapath;C:\Program Files\AdoptOpenJDK\jdk-11.0.11.9-hotspot\bin;C:\Windows\system32;C:\Windows;C:\Windows\System32\Wbem;C:\Windows\System32\WindowsPowerShell\v1.0\;C:\Windows\System32\OpenSSH\;C:\ProgramData\UNIVALI\Portugol Studio;C:\MinGW\bin;C:\apache-maven-3.8.4\bin;C:\Program Files\Java\jdk-17.0.5\bin;C:\Program Files\Java\jdk-17.0.5\bin;C:\Program Files (x86)\ATI Technologies\ATI.ACE\Core-Static;C:\Program Files\nodejs\;C:\Program Files\Git\cmd;C:\Program Files\MySQL\MySQL Shell 8.0\bin\;C:\Users\PC\AppData\Local\Programs\Python\Python311\Scripts\;C:\Users\PC\AppData\Local\Programs\Python\Python311\;C:\Users\PC\AppData\Local\Microsoft\WindowsApps;C:\Users\PC\AppData\Local\Programs\Microsoft VS Code\bin;C:\Program Files\JetBrains\IntelliJ IDEA 2021.3\bin;;C:\Program Files\JetBrains\IntelliJ IDEA Community Edition 2021.3.1\bin;;C:\apache-maven-3.8.4\bin;C:\Users\PC\Downloads\ESTUDOS\WORKSPACE\springboot-rest\src\test;C:\Program Files\Java\jdk-11.0.8;C:\Program Files\heroku\bin;C:\Users\PC\AppData\Roaming\npm
USERNAME=PC
OS=Windows_NT
PROCESSOR_IDENTIFIER=Intel64 Family 6 Model 58 Stepping 9, GenuineIntel
TMP=C:\Users\PC\AppData\Local\Temp
TEMP=C:\Users\PC\AppData\Local\Temp



---------------  S Y S T E M  ---------------

OS:
 Windows 10 , 64 bit Build 19041 (10.0.19041.2364)
OS uptime: 0 days 22:46 hours

CPU: total 4 (initial active 4) (4 cores per cpu, 1 threads per core) family 6 model 58 stepping 9 microcode 0x21, cx8, cmov, fxsr, mmx, sse, sse2, sse3, ssse3, sse4.1, sse4.2, popcnt, tsc, tscinvbit, avx, aes, erms, clmul, vzeroupper, clflush

Memory: 4k page, system-wide physical 8150M (915M free)
TotalPageFile size 13734M (AvailPageFile size 313M)
current process WorkingSet (physical memory assigned to process): 323M, peak: 323M
current process commit charge ("private bytes"): 378M, peak: 746M

vm_info: OpenJDK 64-Bit Server VM (17.0.5+8) for windows-amd64 JRE (17.0.5+8), built on Oct 19 2022 04:48:13 by "temurin" with MS VC++ 16.7 (VS2019)

END.
