#
# There is insufficient memory for the Java Runtime Environment to continue.
# Native memory allocation (mmap) failed to map 656408576 bytes for G1 virtual space
# Possible reasons:
#   The system is out of physical RAM or swap space
#   The process is running with CompressedOops enabled, and the Java Heap may be blocking the growth of the native heap
# Possible solutions:
#   Reduce memory load on the system
#   Increase physical memory or swap space
#   Check if swap backing store is full
#   Decrease Java heap size (-Xmx/-Xms)
#   Decrease number of Java threads
#   Decrease Java thread stack sizes (-Xss)
#   Set larger code cache with -XX:ReservedCodeCacheSize=
#   JVM is running with Unscaled Compressed Oops mode in which the Java heap is
#     placed in the first 4GB address space. The Java Heap base address is the
#     maximum limit for the native heap growth. Please use -XX:HeapBaseMinAddress
#     to set the Java Heap base and to place the Java Heap above 4GB virtual address.
# This output file may be truncated or incomplete.
#
#  Out of Memory Error (os_windows.cpp:3548), pid=3184, tid=15672
#
# JRE version: OpenJDK Runtime Environment Temurin-17.0.5+8 (17.0.5+8) (build 17.0.5+8)
# Java VM: OpenJDK 64-Bit Server VM Temurin-17.0.5+8 (17.0.5+8, mixed mode, emulated-client, tiered, compressed oops, compressed class ptrs, g1 gc, windows-amd64)
# No core dump will be written. Minidumps are not enabled by default on client versions of Windows
#

---------------  S U M M A R Y ------------

Command Line: -Dsts.lsp.client=vscode -Dsts.log.file=/dev/null -XX:TieredStopAtLevel=1 -Xlog:jni+resolve=off -Dspring.config.location=file:c:\Users\PC\.vscode\extensions\pivotal.vscode-spring-boot-1.43.0\language-server\BOOT-INF\classes\application.properties org.springframework.ide.vscode.boot.app.BootLanguageServerBootApp

Host: Intel(R) Core(TM) i5-3340S CPU @ 2.80GHz, 4 cores, 7G,  Windows 10 , 64 bit Build 19041 (10.0.19041.2364)
Time: Tue Jan 10 15:20:43 2023 Hora oficial do Brasil elapsed time: 12.089096 seconds (0d 0h 0m 12s)

---------------  T H R E A D  ---------------

Current thread (0x00000216b794a910):  VMThread "VM Thread" [stack: 0x00000044e5d00000,0x00000044e5e00000] [id=15672]

Stack: [0x00000044e5d00000,0x00000044e5e00000]
Native frames: (J=compiled Java code, j=interpreted, Vv=VM code, C=native code)
V  [jvm.dll+0x676b3a]
V  [jvm.dll+0x831444]
V  [jvm.dll+0x832bee]
V  [jvm.dll+0x833253]
V  [jvm.dll+0x244ce5]
V  [jvm.dll+0x673a49]
V  [jvm.dll+0x66811a]
V  [jvm.dll+0x303ceb]
V  [jvm.dll+0x30b1e6]
V  [jvm.dll+0x35adbe]
V  [jvm.dll+0x35afef]
V  [jvm.dll+0x2dab88]
V  [jvm.dll+0x2d8e3c]
V  [jvm.dll+0x2d840c]
V  [jvm.dll+0x31c31b]
V  [jvm.dll+0x8376fb]
V  [jvm.dll+0x838434]
V  [jvm.dll+0x83894c]
V  [jvm.dll+0x838d24]
V  [jvm.dll+0x838df0]
V  [jvm.dll+0x7e17ea]
V  [jvm.dll+0x6759e5]
C  [ucrtbase.dll+0x21bb2]
C  [KERNEL32.DLL+0x17614]
C  [ntdll.dll+0x526a1]

VM_Operation (0x00000044e7afe340): G1CollectForAllocation, mode: safepoint, requested by thread 0x00000216b9c647f0


---------------  P R O C E S S  ---------------

Threads class SMR info:
_java_thread_list=0x00000216bcc7ac70, length=43, elements={
0x00000216b7960740, 0x00000216b79614c0, 0x00000216b798dd90, 0x00000216b798e910,
0x00000216b840b880, 0x00000216b840c140, 0x00000216b840ff00, 0x00000216b8418810,
0x00000216b86027c0, 0x00000216b8644350, 0x00000216b864de40, 0x00000216b91b8c30,
0x00000216b9955060, 0x00000216b9ad2980, 0x00000216b9b56030, 0x00000216aae3cdc0,
0x00000216b9ba9970, 0x00000216b9c59830, 0x00000216b9c84790, 0x00000216b9c83e00,
0x00000216b9c62b10, 0x00000216b9c63980, 0x00000216b9c63e50, 0x00000216b9c64320,
0x00000216b9c65b30, 0x00000216b9c647f0, 0x00000216b9c62170, 0x00000216b9c65660,
0x00000216b9c64cc0, 0x00000216b9c65190, 0x00000216b9c62640, 0x00000216b9c62fe0,
0x00000216b9c634b0, 0x00000216bcb74a20, 0x00000216bcb76bd0, 0x00000216bcb770a0,
0x00000216bcb74ef0, 0x00000216bcb77a40, 0x00000216bcb73bb0, 0x00000216bcb76230,
0x00000216bcb71060, 0x00000216bcb71530, 0x00000216bce6d190
}

Java Threads: ( => current thread )
  0x00000216b7960740 JavaThread "Reference Handler" daemon [_thread_blocked, id=9472, stack(0x00000044e5e00000,0x00000044e5f00000)]
  0x00000216b79614c0 JavaThread "Finalizer" daemon [_thread_blocked, id=11148, stack(0x00000044e5f00000,0x00000044e6000000)]
  0x00000216b798dd90 JavaThread "Signal Dispatcher" daemon [_thread_blocked, id=10824, stack(0x00000044e6000000,0x00000044e6100000)]
  0x00000216b798e910 JavaThread "Attach Listener" daemon [_thread_blocked, id=16096, stack(0x00000044e6100000,0x00000044e6200000)]
  0x00000216b840b880 JavaThread "Service Thread" daemon [_thread_blocked, id=1756, stack(0x00000044e6200000,0x00000044e6300000)]
  0x00000216b840c140 JavaThread "Monitor Deflation Thread" daemon [_thread_blocked, id=12520, stack(0x00000044e6300000,0x00000044e6400000)]
  0x00000216b840ff00 JavaThread "C1 CompilerThread0" daemon [_thread_blocked, id=400, stack(0x00000044e6400000,0x00000044e6500000)]
  0x00000216b8418810 JavaThread "Sweeper thread" daemon [_thread_blocked, id=1552, stack(0x00000044e6500000,0x00000044e6600000)]
  0x00000216b86027c0 JavaThread "C1 CompilerThread1" daemon [_thread_blocked, id=14520, stack(0x00000044e6600000,0x00000044e6700000)]
  0x00000216b8644350 JavaThread "Notification Thread" daemon [_thread_blocked, id=15732, stack(0x00000044e6700000,0x00000044e6800000)]
  0x00000216b864de40 JavaThread "Common-Cleaner" daemon [_thread_blocked, id=7220, stack(0x00000044e6900000,0x00000044e6a00000)]
  0x00000216b91b8c30 JavaThread "C1 CompilerThread2" daemon [_thread_blocked, id=6400, stack(0x00000044e6c00000,0x00000044e6d00000)]
  0x00000216b9955060 JavaThread "boundedElastic-evictor-1" daemon [_thread_blocked, id=15780, stack(0x00000044e6e00000,0x00000044e6f00000)]
  0x00000216b9ad2980 JavaThread "pool-11-thread-1" [_thread_blocked, id=6160, stack(0x00000044e6f00000,0x00000044e7000000)]
  0x00000216b9b56030 JavaThread "LanguageServerApp-lifecycle" [_thread_blocked, id=6908, stack(0x00000044e7000000,0x00000044e7100000)]
  0x00000216aae3cdc0 JavaThread "DestroyJavaVM" [_thread_blocked, id=5300, stack(0x00000044e5700000,0x00000044e5800000)]
  0x00000216b9ba9970 JavaThread "pool-12-thread-1" [_thread_in_native, id=8196, stack(0x00000044e7100000,0x00000044e7200000)]
  0x00000216b9c59830 JavaThread "Simple-Language-Server main thread" daemon [_thread_blocked, id=12156, stack(0x00000044e7200000,0x00000044e7300000)]
  0x00000216b9c84790 JavaThread "pool-8-thread-1" [_thread_blocked, id=11216, stack(0x00000044e7300000,0x00000044e7400000)]
  0x00000216b9c83e00 JavaThread "parallel-1" daemon [_thread_blocked, id=11944, stack(0x00000044e7400000,0x00000044e7500000)]
  0x00000216b9c62b10 JavaThread "ForkJoinPool.commonPool-worker-1" daemon [_thread_blocked, id=3464, stack(0x00000044e7500000,0x00000044e7600000)]
  0x00000216b9c63980 JavaThread "pool-5-thread-1" [_thread_blocked, id=12444, stack(0x00000044e7600000,0x00000044e7700000)]
  0x00000216b9c63e50 JavaThread "ForkJoinPool.commonPool-worker-2" daemon [_thread_blocked, id=11380, stack(0x00000044e7700000,0x00000044e7800000)]
  0x00000216b9c64320 JavaThread "pool-5-thread-2" [_thread_blocked, id=9316, stack(0x00000044e7800000,0x00000044e7900000)]
  0x00000216b9c65b30 JavaThread "parallel-2" daemon [_thread_blocked, id=6816, stack(0x00000044e7900000,0x00000044e7a00000)]
  0x00000216b9c647f0 JavaThread "ClassGraph-worker-0" daemon [_thread_blocked, id=10324, stack(0x00000044e7a00000,0x00000044e7b00000)]
  0x00000216b9c62170 JavaThread "ClassGraph-worker-1" daemon [_thread_blocked, id=15740, stack(0x00000044e7b00000,0x00000044e7c00000)]
  0x00000216b9c65660 JavaThread "ClassGraph-worker-2" daemon [_thread_blocked, id=10064, stack(0x00000044e7c00000,0x00000044e7d00000)]
  0x00000216b9c64cc0 JavaThread "ClassGraph-worker-3" daemon [_thread_blocked, id=6380, stack(0x00000044e7d00000,0x00000044e7e00000)]
  0x00000216b9c65190 JavaThread "ClassGraph-worker-4" daemon [_thread_blocked, id=1308, stack(0x00000044e7e00000,0x00000044e7f00000)]
  0x00000216b9c62640 JavaThread "ClassGraph-worker-5" daemon [_thread_blocked, id=4260, stack(0x00000044e7f00000,0x00000044e8000000)]
  0x00000216b9c62fe0 JavaThread "ClassGraph-worker-6" daemon [_thread_blocked, id=9324, stack(0x00000044e8000000,0x00000044e8100000)]
  0x00000216b9c634b0 JavaThread "ClassGraph-worker-7" daemon [_thread_blocked, id=11124, stack(0x00000044e8100000,0x00000044e8200000)]
  0x00000216bcb74a20 JavaThread "Reconciler-1" daemon [_thread_blocked, id=5920, stack(0x00000044e8200000,0x00000044e8300000)]
  0x00000216bcb76bd0 JavaThread "pool-6-thread-1" [_thread_blocked, id=8464, stack(0x00000044e8300000,0x00000044e8400000)]
  0x00000216bcb770a0 JavaThread "pool-10-thread-1" [_thread_blocked, id=11748, stack(0x00000044e8400000,0x00000044e8500000)]
  0x00000216bcb74ef0 JavaThread "parallel-3" daemon [_thread_blocked, id=8700, stack(0x00000044e8500000,0x00000044e8600000)]
  0x00000216bcb77a40 JavaThread "parallel-4" daemon [_thread_blocked, id=1064, stack(0x00000044e8600000,0x00000044e8700000)]
  0x00000216bcb73bb0 JavaThread "ForkJoinPool.commonPool-worker-3" daemon [_thread_blocked, id=14960, stack(0x00000044e8700000,0x00000044e8800000)]
  0x00000216bcb76230 JavaThread "pool-10-thread-2" [_thread_blocked, id=10352, stack(0x00000044e8800000,0x00000044e8900000)]
  0x00000216bcb71060 JavaThread "Project-Reconciler-1" daemon [_thread_blocked, id=15792, stack(0x00000044e8a00000,0x00000044e8b00000)]
  0x00000216bcb71530 JavaThread "pool-10-thread-3" [_thread_blocked, id=9468, stack(0x00000044e8b00000,0x00000044e8c00000)]
  0x00000216bce6d190 JavaThread "Project-Reconciler-2" daemon [_thread_blocked, id=10836, stack(0x00000044e8c00000,0x00000044e8d00000)]

Other Threads:
=>0x00000216b794a910 VMThread "VM Thread" [stack: 0x00000044e5d00000,0x00000044e5e00000] [id=15672]
  0x00000216b8644820 WatcherThread [stack: 0x00000044e6800000,0x00000044e6900000] [id=14744]
  0x00000216aae9a390 GCTaskThread "GC Thread#0" [stack: 0x00000044e5800000,0x00000044e5900000] [id=1704]
  0x00000216b84e7c20 GCTaskThread "GC Thread#1" [stack: 0x00000044e6a00000,0x00000044e6b00000] [id=3720]
  0x00000216b8583ee0 GCTaskThread "GC Thread#2" [stack: 0x00000044e6b00000,0x00000044e6c00000] [id=15704]
  0x00000216b8f35970 GCTaskThread "GC Thread#3" [stack: 0x00000044e6d00000,0x00000044e6e00000] [id=2300]
  0x00000216aaeab0a0 ConcurrentGCThread "G1 Main Marker" [stack: 0x00000044e5900000,0x00000044e5a00000] [id=5516]
  0x00000216aaeac160 ConcurrentGCThread "G1 Conc#0" [stack: 0x00000044e5a00000,0x00000044e5b00000] [id=15440]
  0x00000216aaefe150 ConcurrentGCThread "G1 Refine#0" [stack: 0x00000044e5b00000,0x00000044e5c00000] [id=6416]
  0x00000216bccf24e0 ConcurrentGCThread "G1 Refine#1" [stack: 0x00000044e8900000,0x00000044e8a00000] [id=15608]
  0x00000216aaefea80 ConcurrentGCThread "G1 Service" [stack: 0x00000044e5c00000,0x00000044e5d00000] [id=12304]

Threads with active compile tasks:

VM state: at safepoint (normal execution)

VM Mutex/Monitor currently owned by a thread:  ([mutex/lock_event])
[0x00000216a8ce43a0] Threads_lock - owner thread: 0x00000216b794a910
[0x00000216aae3a630] Heap_lock - owner thread: 0x00000216b9c647f0

Heap address: 0x0000000080a00000, size: 2038 MB, Compressed Oops mode: 32-bit

CDS archive(s) not mapped
Compressed class space mapped at: 0x0000000100000000-0x0000000140000000, reserved size: 1073741824
Narrow klass base: 0x0000000000000000, Narrow klass shift: 3, Narrow klass range: 0x140000000

GC Precious Log:
 CPUs: 4 total, 4 available
 Memory: 8150M
 Large Page Support: Disabled
 NUMA Support: Disabled
 Compressed Oops: Enabled (32-bit)
 Heap Region Size: 1M
 Heap Min Capacity: 8M
 Heap Initial Capacity: 128M
 Heap Max Capacity: 2038M
 Pre-touch: Disabled
 Parallel Workers: 4
 Concurrent Workers: 1
 Concurrent Refinement Workers: 4
 Periodic GC: Disabled

Heap:
 garbage-first heap   total 320512K, used 105438K [0x0000000080a00000, 0x0000000100000000)
  region size 1024K, 13 young (13312K), 13 survivors (13312K)
 Metaspace       used 44285K, committed 44736K, reserved 1089536K
  class space    used 5562K, committed 5760K, reserved 1048576K

Heap Regions: E=young(eden), S=young(survivor), O=old, HS=humongous(starts), HC=humongous(continues), CS=collection set, F=free, OA=open archive, CA=closed archive, TAMS=top-at-mark-start (previous, next)
|   0|0x0000000080a00000, 0x0000000080b00000, 0x0000000080b00000|100%| O|  |TAMS 0x0000000080b00000, 0x0000000080a00000| Untracked 
|   1|0x0000000080b00000, 0x0000000080c00000, 0x0000000080c00000|100%| O|  |TAMS 0x0000000080c00000, 0x0000000080b00000| Untracked 
|   2|0x0000000080c00000, 0x0000000080d00000, 0x0000000080d00000|100%| O|  |TAMS 0x0000000080d00000, 0x0000000080c00000| Untracked 
|   3|0x0000000080d00000, 0x0000000080e00000, 0x0000000080e00000|100%| O|  |TAMS 0x0000000080e00000, 0x0000000080d00000| Untracked 
|   4|0x0000000080e00000, 0x0000000080f00000, 0x0000000080f00000|100%| O|  |TAMS 0x0000000080f00000, 0x0000000080e00000| Untracked 
|   5|0x0000000080f00000, 0x0000000081000000, 0x0000000081000000|100%| O|  |TAMS 0x0000000081000000, 0x0000000080f00000| Untracked 
|   6|0x0000000081000000, 0x0000000081100000, 0x0000000081100000|100%| O|  |TAMS 0x0000000081100000, 0x0000000081000000| Untracked 
|   7|0x0000000081100000, 0x0000000081200000, 0x0000000081200000|100%| O|  |TAMS 0x0000000081200000, 0x0000000081100000| Untracked 
|   8|0x0000000081200000, 0x0000000081300000, 0x0000000081300000|100%| O|  |TAMS 0x0000000081300000, 0x0000000081200000| Untracked 
|   9|0x0000000081300000, 0x0000000081400000, 0x0000000081400000|100%| O|  |TAMS 0x0000000081400000, 0x0000000081300000| Untracked 
|  10|0x0000000081400000, 0x000000008148f200, 0x0000000081500000| 55%| O|  |TAMS 0x000000008148f200, 0x0000000081400000| Untracked 
|  11|0x0000000081500000, 0x0000000081600000, 0x0000000081600000|100%| O|  |TAMS 0x0000000081600000, 0x0000000081500000| Untracked 
|  12|0x0000000081600000, 0x0000000081700000, 0x0000000081700000|100%| O|  |TAMS 0x0000000081700000, 0x0000000081600000| Untracked 
|  13|0x0000000081700000, 0x0000000081800000, 0x0000000081800000|100%| O|  |TAMS 0x0000000081800000, 0x0000000081700000| Untracked 
|  14|0x0000000081800000, 0x0000000081900000, 0x0000000081900000|100%| O|  |TAMS 0x0000000081900000, 0x0000000081800000| Untracked 
|  15|0x0000000081900000, 0x0000000081a00000, 0x0000000081a00000|100%| O|  |TAMS 0x0000000081a00000, 0x0000000081900000| Untracked 
|  16|0x0000000081a00000, 0x0000000081b00000, 0x0000000081b00000|100%| O|  |TAMS 0x0000000081b00000, 0x0000000081a00000| Untracked 
|  17|0x0000000081b00000, 0x0000000081c00000, 0x0000000081c00000|100%| O|  |TAMS 0x0000000081c00000, 0x0000000081b00000| Untracked 
|  18|0x0000000081c00000, 0x0000000081d00000, 0x0000000081d00000|100%| O|  |TAMS 0x0000000081d00000, 0x0000000081c00000| Untracked 
|  19|0x0000000081d00000, 0x0000000081e00000, 0x0000000081e00000|100%| O|  |TAMS 0x0000000081e00000, 0x0000000081d00000| Untracked 
|  20|0x0000000081e00000, 0x0000000081f00000, 0x0000000081f00000|100%| O|  |TAMS 0x0000000081f00000, 0x0000000081e00000| Untracked 
|  21|0x0000000081f00000, 0x0000000082000000, 0x0000000082000000|100%| O|  |TAMS 0x0000000082000000, 0x0000000081f00000| Untracked 
|  22|0x0000000082000000, 0x0000000082100000, 0x0000000082100000|100%| O|  |TAMS 0x0000000082100000, 0x0000000082000000| Untracked 
|  23|0x0000000082100000, 0x0000000082200000, 0x0000000082200000|100%| O|  |TAMS 0x0000000082200000, 0x0000000082100000| Untracked 
|  24|0x0000000082200000, 0x0000000082300000, 0x0000000082300000|100%| O|  |TAMS 0x0000000082300000, 0x0000000082200000| Untracked 
|  25|0x0000000082300000, 0x0000000082400000, 0x0000000082400000|100%| O|  |TAMS 0x0000000082400000, 0x0000000082300000| Untracked 
|  26|0x0000000082400000, 0x0000000082500000, 0x0000000082500000|100%| O|  |TAMS 0x0000000082500000, 0x0000000082400000| Untracked 
|  27|0x0000000082500000, 0x0000000082600000, 0x0000000082600000|100%| O|  |TAMS 0x0000000082600000, 0x0000000082500000| Untracked 
|  28|0x0000000082600000, 0x0000000082700000, 0x0000000082700000|100%| O|  |TAMS 0x0000000082700000, 0x0000000082600000| Untracked 
|  29|0x0000000082700000, 0x0000000082800000, 0x0000000082800000|100%| O|  |TAMS 0x0000000082800000, 0x0000000082700000| Untracked 
|  30|0x0000000082800000, 0x0000000082900000, 0x0000000082900000|100%| O|  |TAMS 0x0000000082900000, 0x0000000082800000| Untracked 
|  31|0x0000000082900000, 0x0000000082a00000, 0x0000000082a00000|100%| O|  |TAMS 0x0000000082a00000, 0x0000000082900000| Untracked 
|  32|0x0000000082a00000, 0x0000000082b00000, 0x0000000082b00000|100%| O|  |TAMS 0x0000000082b00000, 0x0000000082a00000| Untracked 
|  33|0x0000000082b00000, 0x0000000082c00000, 0x0000000082c00000|100%| O|  |TAMS 0x0000000082c00000, 0x0000000082b00000| Untracked 
|  34|0x0000000082c00000, 0x0000000082d00000, 0x0000000082d00000|100%| O|  |TAMS 0x0000000082d00000, 0x0000000082c00000| Untracked 
|  35|0x0000000082d00000, 0x0000000082e00000, 0x0000000082e00000|100%| O|  |TAMS 0x0000000082e00000, 0x0000000082d00000| Untracked 
|  36|0x0000000082e00000, 0x0000000082f00000, 0x0000000082f00000|100%| O|  |TAMS 0x0000000082f00000, 0x0000000082e00000| Untracked 
|  37|0x0000000082f00000, 0x0000000083000000, 0x0000000083000000|100%| O|  |TAMS 0x0000000083000000, 0x0000000082f00000| Untracked 
|  38|0x0000000083000000, 0x0000000083100000, 0x0000000083100000|100%| O|  |TAMS 0x0000000083100000, 0x0000000083000000| Untracked 
|  39|0x0000000083100000, 0x0000000083200000, 0x0000000083200000|100%| O|  |TAMS 0x0000000083200000, 0x0000000083100000| Untracked 
|  40|0x0000000083200000, 0x0000000083300000, 0x0000000083300000|100%| O|  |TAMS 0x0000000083200000, 0x0000000083200000| Untracked 
|  41|0x0000000083300000, 0x0000000083400000, 0x0000000083400000|100%| O|  |TAMS 0x0000000083400000, 0x0000000083300000| Untracked 
|  42|0x0000000083400000, 0x0000000083500000, 0x0000000083500000|100%| O|  |TAMS 0x0000000083500000, 0x0000000083400000| Untracked 
|  43|0x0000000083500000, 0x0000000083600000, 0x0000000083600000|100%| O|  |TAMS 0x0000000083600000, 0x0000000083500000| Untracked 
|  44|0x0000000083600000, 0x0000000083700000, 0x0000000083700000|100%|HS|  |TAMS 0x0000000083700000, 0x0000000083600000| Complete 
|  45|0x0000000083700000, 0x0000000083800000, 0x0000000083800000|100%| O|  |TAMS 0x0000000083700000, 0x0000000083700000| Untracked 
|  46|0x0000000083800000, 0x0000000083900000, 0x0000000083900000|100%| O|  |TAMS 0x0000000083900000, 0x0000000083800000| Untracked 
|  47|0x0000000083900000, 0x0000000083a00000, 0x0000000083a00000|100%| O|  |TAMS 0x0000000083a00000, 0x0000000083900000| Untracked 
|  48|0x0000000083a00000, 0x0000000083b00000, 0x0000000083b00000|100%| O|  |TAMS 0x0000000083b00000, 0x0000000083a00000| Untracked 
|  49|0x0000000083b00000, 0x0000000083c00000, 0x0000000083c00000|100%| O|  |TAMS 0x0000000083c00000, 0x0000000083b00000| Untracked 
|  50|0x0000000083c00000, 0x0000000083d00000, 0x0000000083d00000|100%| O|  |TAMS 0x0000000083d00000, 0x0000000083c00000| Untracked 
|  51|0x0000000083d00000, 0x0000000083e00000, 0x0000000083e00000|100%| O|  |TAMS 0x0000000083e00000, 0x0000000083d00000| Untracked 
|  52|0x0000000083e00000, 0x0000000083f00000, 0x0000000083f00000|100%| O|  |TAMS 0x0000000083f00000, 0x0000000083e00000| Untracked 
|  53|0x0000000083f00000, 0x0000000084000000, 0x0000000084000000|100%|HS|  |TAMS 0x0000000084000000, 0x0000000083f00000| Complete 
|  54|0x0000000084000000, 0x0000000084100000, 0x0000000084100000|100%| O|  |TAMS 0x0000000084100000, 0x0000000084000000| Untracked 
|  55|0x0000000084100000, 0x0000000084200000, 0x0000000084200000|100%| O|  |TAMS 0x0000000084200000, 0x0000000084100000| Untracked 
|  56|0x0000000084200000, 0x0000000084300000, 0x0000000084300000|100%| O|  |TAMS 0x0000000084300000, 0x0000000084200000| Untracked 
|  57|0x0000000084300000, 0x0000000084400000, 0x0000000084400000|100%| O|  |TAMS 0x0000000084400000, 0x0000000084300000| Untracked 
|  58|0x0000000084400000, 0x0000000084500000, 0x0000000084500000|100%| O|  |TAMS 0x0000000084500000, 0x0000000084400000| Untracked 
|  59|0x0000000084500000, 0x0000000084600000, 0x0000000084600000|100%| O|  |TAMS 0x0000000084600000, 0x0000000084500000| Untracked 
|  60|0x0000000084600000, 0x0000000084700000, 0x0000000084700000|100%| O|  |TAMS 0x0000000084700000, 0x0000000084600000| Untracked 
|  61|0x0000000084700000, 0x0000000084800000, 0x0000000084800000|100%| O|  |TAMS 0x0000000084800000, 0x0000000084700000| Untracked 
|  62|0x0000000084800000, 0x0000000084900000, 0x0000000084900000|100%| O|  |TAMS 0x0000000084900000, 0x0000000084800000| Untracked 
|  63|0x0000000084900000, 0x0000000084a00000, 0x0000000084a00000|100%| O|  |TAMS 0x0000000084a00000, 0x0000000084900000| Untracked 
|  64|0x0000000084a00000, 0x0000000084b00000, 0x0000000084b00000|100%| O|  |TAMS 0x0000000084b00000, 0x0000000084a00000| Untracked 
|  65|0x0000000084b00000, 0x0000000084c00000, 0x0000000084c00000|100%| O|  |TAMS 0x0000000084c00000, 0x0000000084b00000| Untracked 
|  66|0x0000000084c00000, 0x0000000084d00000, 0x0000000084d00000|100%| O|  |TAMS 0x0000000084c00000, 0x0000000084c00000| Untracked 
|  67|0x0000000084d00000, 0x0000000084e00000, 0x0000000084e00000|100%| O|  |TAMS 0x0000000084e00000, 0x0000000084d00000| Untracked 
|  68|0x0000000084e00000, 0x0000000084f00000, 0x0000000084f00000|100%| O|  |TAMS 0x0000000084f00000, 0x0000000084e00000| Untracked 
|  69|0x0000000084f00000, 0x0000000085000000, 0x0000000085000000|100%| O|  |TAMS 0x0000000085000000, 0x0000000084f00000| Untracked 
|  70|0x0000000085000000, 0x0000000085100000, 0x0000000085100000|100%| O|  |TAMS 0x0000000085000000, 0x0000000085000000| Untracked 
|  71|0x0000000085100000, 0x0000000085200000, 0x0000000085200000|100%| O|  |TAMS 0x0000000085100000, 0x0000000085100000| Untracked 
|  72|0x0000000085200000, 0x0000000085300000, 0x0000000085300000|100%| O|  |TAMS 0x0000000085200000, 0x0000000085200000| Untracked 
|  73|0x0000000085300000, 0x0000000085400000, 0x0000000085400000|100%| O|  |TAMS 0x0000000085300000, 0x0000000085300000| Untracked 
|  74|0x0000000085400000, 0x0000000085500000, 0x0000000085500000|100%| O|  |TAMS 0x0000000085400000, 0x0000000085400000| Untracked 
|  75|0x0000000085500000, 0x0000000085600000, 0x0000000085600000|100%| O|  |TAMS 0x0000000085500000, 0x0000000085500000| Untracked 
|  76|0x0000000085600000, 0x0000000085700000, 0x0000000085700000|100%| O|  |TAMS 0x0000000085600000, 0x0000000085600000| Untracked 
|  77|0x0000000085700000, 0x0000000085800000, 0x0000000085800000|100%| O|  |TAMS 0x0000000085700000, 0x0000000085700000| Untracked 
|  78|0x0000000085800000, 0x0000000085900000, 0x0000000085900000|100%| O|  |TAMS 0x0000000085800000, 0x0000000085800000| Untracked 
|  79|0x0000000085900000, 0x0000000085a00000, 0x0000000085a00000|100%| O|  |TAMS 0x0000000085900000, 0x0000000085900000| Untracked 
|  80|0x0000000085a00000, 0x0000000085b00000, 0x0000000085b00000|100%| O|  |TAMS 0x0000000085a00000, 0x0000000085a00000| Untracked 
|  81|0x0000000085b00000, 0x0000000085c00000, 0x0000000085c00000|100%| O|  |TAMS 0x0000000085b00000, 0x0000000085b00000| Untracked 
|  82|0x0000000085c00000, 0x0000000085d00000, 0x0000000085d00000|100%| O|  |TAMS 0x0000000085c00000, 0x0000000085c00000| Untracked 
|  83|0x0000000085d00000, 0x0000000085e00000, 0x0000000085e00000|100%| O|  |TAMS 0x0000000085d00000, 0x0000000085d00000| Untracked 
|  84|0x0000000085e00000, 0x0000000085f00000, 0x0000000085f00000|100%| O|  |TAMS 0x0000000085e00000, 0x0000000085e00000| Untracked 
|  85|0x0000000085f00000, 0x0000000086000000, 0x0000000086000000|100%| O|  |TAMS 0x0000000085f00000, 0x0000000085f00000| Untracked 
|  86|0x0000000086000000, 0x0000000086100000, 0x0000000086100000|100%| O|  |TAMS 0x0000000086000000, 0x0000000086000000| Untracked 
|  87|0x0000000086100000, 0x0000000086200000, 0x0000000086200000|100%| O|  |TAMS 0x0000000086100000, 0x0000000086100000| Untracked 
|  88|0x0000000086200000, 0x0000000086300000, 0x0000000086300000|100%| O|  |TAMS 0x0000000086200000, 0x0000000086200000| Untracked 
|  89|0x0000000086300000, 0x0000000086400000, 0x0000000086400000|100%| O|  |TAMS 0x0000000086300000, 0x0000000086300000| Untracked 
|  90|0x0000000086400000, 0x00000000864e8600, 0x0000000086500000| 90%| O|  |TAMS 0x0000000086400000, 0x0000000086400000| Untracked 
|  91|0x0000000086500000, 0x0000000086500000, 0x0000000086600000|  0%| F|  |TAMS 0x0000000086500000, 0x0000000086500000| Untracked 
|  92|0x0000000086600000, 0x0000000086600000, 0x0000000086700000|  0%| F|  |TAMS 0x0000000086600000, 0x0000000086600000| Untracked 
|  93|0x0000000086700000, 0x0000000086700000, 0x0000000086800000|  0%| F|  |TAMS 0x0000000086700000, 0x0000000086700000| Untracked 
|  94|0x0000000086800000, 0x0000000086800000, 0x0000000086900000|  0%| F|  |TAMS 0x0000000086800000, 0x0000000086800000| Untracked 
|  95|0x0000000086900000, 0x0000000086900000, 0x0000000086a00000|  0%| F|  |TAMS 0x0000000086900000, 0x0000000086900000| Untracked 
|  96|0x0000000086a00000, 0x0000000086a00000, 0x0000000086b00000|  0%| F|  |TAMS 0x0000000086a00000, 0x0000000086a00000| Untracked 
|  97|0x0000000086b00000, 0x0000000086b00000, 0x0000000086c00000|  0%| F|  |TAMS 0x0000000086b00000, 0x0000000086b00000| Untracked 
|  98|0x0000000086c00000, 0x0000000086c00000, 0x0000000086d00000|  0%| F|  |TAMS 0x0000000086c00000, 0x0000000086c00000| Untracked 
|  99|0x0000000086d00000, 0x0000000086d00000, 0x0000000086e00000|  0%| F|  |TAMS 0x0000000086d00000, 0x0000000086d00000| Untracked 
| 100|0x0000000086e00000, 0x0000000086e00000, 0x0000000086f00000|  0%| F|  |TAMS 0x0000000086e00000, 0x0000000086e00000| Untracked 
| 101|0x0000000086f00000, 0x0000000086f00000, 0x0000000087000000|  0%| F|  |TAMS 0x0000000086f00000, 0x0000000086f00000| Untracked 
| 102|0x0000000087000000, 0x0000000087000000, 0x0000000087100000|  0%| F|  |TAMS 0x0000000087000000, 0x0000000087000000| Untracked 
| 103|0x0000000087100000, 0x0000000087100000, 0x0000000087200000|  0%| F|  |TAMS 0x0000000087100000, 0x0000000087100000| Untracked 
| 104|0x0000000087200000, 0x0000000087200000, 0x0000000087300000|  0%| F|  |TAMS 0x0000000087200000, 0x0000000087200000| Untracked 
| 105|0x0000000087300000, 0x0000000087300000, 0x0000000087400000|  0%| F|  |TAMS 0x0000000087300000, 0x0000000087300000| Untracked 
| 106|0x0000000087400000, 0x0000000087400000, 0x0000000087500000|  0%| F|  |TAMS 0x0000000087400000, 0x0000000087400000| Untracked 
| 107|0x0000000087500000, 0x0000000087500000, 0x0000000087600000|  0%| F|  |TAMS 0x0000000087500000, 0x0000000087500000| Untracked 
| 108|0x0000000087600000, 0x0000000087600000, 0x0000000087700000|  0%| F|  |TAMS 0x0000000087600000, 0x0000000087600000| Untracked 
| 109|0x0000000087700000, 0x0000000087700000, 0x0000000087800000|  0%| F|  |TAMS 0x0000000087700000, 0x0000000087700000| Untracked 
| 110|0x0000000087800000, 0x0000000087800000, 0x0000000087900000|  0%| F|  |TAMS 0x0000000087800000, 0x0000000087800000| Untracked 
| 111|0x0000000087900000, 0x0000000087900000, 0x0000000087a00000|  0%| F|  |TAMS 0x0000000087900000, 0x0000000087900000| Untracked 
| 112|0x0000000087a00000, 0x0000000087a00000, 0x0000000087b00000|  0%| F|  |TAMS 0x0000000087a00000, 0x0000000087a00000| Untracked 
| 113|0x0000000087b00000, 0x0000000087b00000, 0x0000000087c00000|  0%| F|  |TAMS 0x0000000087b00000, 0x0000000087b00000| Untracked 
| 114|0x0000000087c00000, 0x0000000087c00000, 0x0000000087d00000|  0%| F|  |TAMS 0x0000000087c00000, 0x0000000087c00000| Untracked 
| 115|0x0000000087d00000, 0x0000000087d00000, 0x0000000087e00000|  0%| F|  |TAMS 0x0000000087d00000, 0x0000000087d00000| Untracked 
| 116|0x0000000087e00000, 0x0000000087e00000, 0x0000000087f00000|  0%| F|  |TAMS 0x0000000087e00000, 0x0000000087e00000| Untracked 
| 117|0x0000000087f00000, 0x0000000087f00000, 0x0000000088000000|  0%| F|  |TAMS 0x0000000087f00000, 0x0000000087f00000| Untracked 
| 118|0x0000000088000000, 0x0000000088000000, 0x0000000088100000|  0%| F|  |TAMS 0x0000000088000000, 0x0000000088000000| Untracked 
| 119|0x0000000088100000, 0x0000000088100000, 0x0000000088200000|  0%| F|  |TAMS 0x0000000088100000, 0x0000000088100000| Untracked 
| 120|0x0000000088200000, 0x0000000088200000, 0x0000000088300000|  0%| F|  |TAMS 0x0000000088200000, 0x0000000088200000| Untracked 
| 121|0x0000000088300000, 0x0000000088300000, 0x0000000088400000|  0%| F|  |TAMS 0x0000000088300000, 0x0000000088300000| Untracked 
| 122|0x0000000088400000, 0x0000000088400000, 0x0000000088500000|  0%| F|  |TAMS 0x0000000088400000, 0x0000000088400000| Untracked 
| 123|0x0000000088500000, 0x0000000088500000, 0x0000000088600000|  0%| F|  |TAMS 0x0000000088500000, 0x0000000088500000| Untracked 
| 124|0x0000000088600000, 0x0000000088600000, 0x0000000088700000|  0%| F|  |TAMS 0x0000000088600000, 0x0000000088600000| Untracked 
| 125|0x0000000088700000, 0x0000000088700000, 0x0000000088800000|  0%| F|  |TAMS 0x0000000088700000, 0x0000000088700000| Untracked 
| 126|0x0000000088800000, 0x0000000088800000, 0x0000000088900000|  0%| F|  |TAMS 0x0000000088800000, 0x0000000088800000| Untracked 
| 127|0x0000000088900000, 0x0000000088900000, 0x0000000088a00000|  0%| F|  |TAMS 0x0000000088900000, 0x0000000088900000| Untracked 
| 128|0x0000000088a00000, 0x0000000088a00000, 0x0000000088b00000|  0%| F|  |TAMS 0x0000000088a00000, 0x0000000088a00000| Untracked 
| 129|0x0000000088b00000, 0x0000000088b00000, 0x0000000088c00000|  0%| F|  |TAMS 0x0000000088b00000, 0x0000000088b00000| Untracked 
| 130|0x0000000088c00000, 0x0000000088c00000, 0x0000000088d00000|  0%| F|  |TAMS 0x0000000088c00000, 0x0000000088c00000| Untracked 
| 131|0x0000000088d00000, 0x0000000088d00000, 0x0000000088e00000|  0%| F|  |TAMS 0x0000000088d00000, 0x0000000088d00000| Untracked 
| 132|0x0000000088e00000, 0x0000000088e00000, 0x0000000088f00000|  0%| F|  |TAMS 0x0000000088e00000, 0x0000000088e00000| Untracked 
| 133|0x0000000088f00000, 0x0000000088f00000, 0x0000000089000000|  0%| F|  |TAMS 0x0000000088f00000, 0x0000000088f00000| Untracked 
| 134|0x0000000089000000, 0x0000000089000000, 0x0000000089100000|  0%| F|  |TAMS 0x0000000089000000, 0x0000000089000000| Untracked 
| 135|0x0000000089100000, 0x0000000089100000, 0x0000000089200000|  0%| F|  |TAMS 0x0000000089100000, 0x0000000089100000| Untracked 
| 136|0x0000000089200000, 0x0000000089200000, 0x0000000089300000|  0%| F|  |TAMS 0x0000000089200000, 0x0000000089200000| Untracked 
| 137|0x0000000089300000, 0x0000000089380000, 0x0000000089400000| 50%| S|CS|TAMS 0x0000000089300000, 0x0000000089300000| Complete 
| 138|0x0000000089400000, 0x0000000089500000, 0x0000000089500000|100%| S|CS|TAMS 0x0000000089400000, 0x0000000089400000| Complete 
| 139|0x0000000089500000, 0x0000000089600000, 0x0000000089600000|100%| S|CS|TAMS 0x0000000089500000, 0x0000000089500000| Complete 
| 140|0x0000000089600000, 0x0000000089700000, 0x0000000089700000|100%| S|CS|TAMS 0x0000000089600000, 0x0000000089600000| Complete 
| 141|0x0000000089700000, 0x0000000089800000, 0x0000000089800000|100%| S|CS|TAMS 0x0000000089700000, 0x0000000089700000| Complete 
| 142|0x0000000089800000, 0x0000000089900000, 0x0000000089900000|100%| S|CS|TAMS 0x0000000089800000, 0x0000000089800000| Complete 
| 143|0x0000000089900000, 0x0000000089900000, 0x0000000089a00000|  0%| F|  |TAMS 0x0000000089900000, 0x0000000089900000| Untracked 
| 144|0x0000000089a00000, 0x0000000089a00000, 0x0000000089b00000|  0%| F|  |TAMS 0x0000000089a00000, 0x0000000089a00000| Untracked 
| 145|0x0000000089b00000, 0x0000000089b00000, 0x0000000089c00000|  0%| F|  |TAMS 0x0000000089b00000, 0x0000000089b00000| Untracked 
| 146|0x0000000089c00000, 0x0000000089c00000, 0x0000000089d00000|  0%| F|  |TAMS 0x0000000089c00000, 0x0000000089c00000| Untracked 
| 147|0x0000000089d00000, 0x0000000089d00000, 0x0000000089e00000|  0%| F|  |TAMS 0x0000000089d00000, 0x0000000089d00000| Untracked 
| 148|0x0000000089e00000, 0x0000000089e00000, 0x0000000089f00000|  0%| F|  |TAMS 0x0000000089e00000, 0x0000000089e00000| Untracked 
| 149|0x0000000089f00000, 0x0000000089f00000, 0x000000008a000000|  0%| F|  |TAMS 0x0000000089f00000, 0x0000000089f00000| Untracked 
| 150|0x000000008a000000, 0x000000008a000000, 0x000000008a100000|  0%| F|  |TAMS 0x000000008a000000, 0x000000008a000000| Untracked 
| 151|0x000000008a100000, 0x000000008a100000, 0x000000008a200000|  0%| F|  |TAMS 0x000000008a100000, 0x000000008a100000| Untracked 
| 152|0x000000008a200000, 0x000000008a200000, 0x000000008a300000|  0%| F|  |TAMS 0x000000008a200000, 0x000000008a200000| Untracked 
| 153|0x000000008a300000, 0x000000008a400000, 0x000000008a400000|100%| S|CS|TAMS 0x000000008a300000, 0x000000008a300000| Complete 
| 154|0x000000008a400000, 0x000000008a500000, 0x000000008a500000|100%| S|CS|TAMS 0x000000008a400000, 0x000000008a400000| Complete 
| 155|0x000000008a500000, 0x000000008a600000, 0x000000008a600000|100%| S|CS|TAMS 0x000000008a500000, 0x000000008a500000| Complete 
| 156|0x000000008a600000, 0x000000008a700000, 0x000000008a700000|100%| S|CS|TAMS 0x000000008a600000, 0x000000008a600000| Complete 
| 157|0x000000008a700000, 0x000000008a800000, 0x000000008a800000|100%| S|CS|TAMS 0x000000008a700000, 0x000000008a700000| Complete 
| 158|0x000000008a800000, 0x000000008a900000, 0x000000008a900000|100%| S|CS|TAMS 0x000000008a800000, 0x000000008a800000| Complete 
| 159|0x000000008a900000, 0x000000008aa00000, 0x000000008aa00000|100%| S|CS|TAMS 0x000000008a900000, 0x000000008a900000| Complete 
| 160|0x000000008aa00000, 0x000000008aa00000, 0x000000008ab00000|  0%| F|  |TAMS 0x000000008aa00000, 0x000000008aa00000| Untracked 
| 161|0x000000008ab00000, 0x000000008ab00000, 0x000000008ac00000|  0%| F|  |TAMS 0x000000008ab00000, 0x000000008ab00000| Untracked 
| 162|0x000000008ac00000, 0x000000008ac00000, 0x000000008ad00000|  0%| F|  |TAMS 0x000000008ac00000, 0x000000008ac00000| Untracked 
| 163|0x000000008ad00000, 0x000000008ad00000, 0x000000008ae00000|  0%| F|  |TAMS 0x000000008ad00000, 0x000000008ad00000| Untracked 
| 164|0x000000008ae00000, 0x000000008ae00000, 0x000000008af00000|  0%| F|  |TAMS 0x000000008ae00000, 0x000000008ae00000| Untracked 
| 165|0x000000008af00000, 0x000000008af00000, 0x000000008b000000|  0%| F|  |TAMS 0x000000008af00000, 0x000000008af00000| Untracked 
| 166|0x000000008b000000, 0x000000008b000000, 0x000000008b100000|  0%| F|  |TAMS 0x000000008b000000, 0x000000008b000000| Untracked 
| 167|0x000000008b100000, 0x000000008b100000, 0x000000008b200000|  0%| F|  |TAMS 0x000000008b100000, 0x000000008b100000| Untracked 
| 168|0x000000008b200000, 0x000000008b200000, 0x000000008b300000|  0%| F|  |TAMS 0x000000008b200000, 0x000000008b200000| Untracked 
| 169|0x000000008b300000, 0x000000008b300000, 0x000000008b400000|  0%| F|  |TAMS 0x000000008b300000, 0x000000008b300000| Untracked 
| 170|0x000000008b400000, 0x000000008b400000, 0x000000008b500000|  0%| F|  |TAMS 0x000000008b400000, 0x000000008b400000| Untracked 
| 171|0x000000008b500000, 0x000000008b500000, 0x000000008b600000|  0%| F|  |TAMS 0x000000008b500000, 0x000000008b500000| Untracked 
| 172|0x000000008b600000, 0x000000008b600000, 0x000000008b700000|  0%| F|  |TAMS 0x000000008b600000, 0x000000008b600000| Untracked 
| 173|0x000000008b700000, 0x000000008b700000, 0x000000008b800000|  0%| F|  |TAMS 0x000000008b700000, 0x000000008b700000| Untracked 
| 174|0x000000008b800000, 0x000000008b800000, 0x000000008b900000|  0%| F|  |TAMS 0x000000008b800000, 0x000000008b800000| Untracked 
| 175|0x000000008b900000, 0x000000008b900000, 0x000000008ba00000|  0%| F|  |TAMS 0x000000008b900000, 0x000000008b900000| Untracked 
| 176|0x000000008ba00000, 0x000000008ba00000, 0x000000008bb00000|  0%| F|  |TAMS 0x000000008ba00000, 0x000000008ba00000| Untracked 
| 177|0x000000008bb00000, 0x000000008bb00000, 0x000000008bc00000|  0%| F|  |TAMS 0x000000008bb00000, 0x000000008bb00000| Untracked 
| 178|0x000000008bc00000, 0x000000008bc00000, 0x000000008bd00000|  0%| F|  |TAMS 0x000000008bc00000, 0x000000008bc00000| Untracked 
| 179|0x000000008bd00000, 0x000000008bd00000, 0x000000008be00000|  0%| F|  |TAMS 0x000000008bd00000, 0x000000008bd00000| Untracked 
| 180|0x000000008be00000, 0x000000008be00000, 0x000000008bf00000|  0%| F|  |TAMS 0x000000008be00000, 0x000000008be00000| Untracked 
| 181|0x000000008bf00000, 0x000000008bf00000, 0x000000008c000000|  0%| F|  |TAMS 0x000000008bf00000, 0x000000008bf00000| Untracked 
| 182|0x000000008c000000, 0x000000008c000000, 0x000000008c100000|  0%| F|  |TAMS 0x000000008c000000, 0x000000008c000000| Untracked 
| 183|0x000000008c100000, 0x000000008c100000, 0x000000008c200000|  0%| F|  |TAMS 0x000000008c100000, 0x000000008c100000| Untracked 
| 184|0x000000008c200000, 0x000000008c200000, 0x000000008c300000|  0%| F|  |TAMS 0x000000008c200000, 0x000000008c200000| Untracked 
| 185|0x000000008c300000, 0x000000008c300000, 0x000000008c400000|  0%| F|  |TAMS 0x000000008c300000, 0x000000008c300000| Untracked 
| 186|0x000000008c400000, 0x000000008c400000, 0x000000008c500000|  0%| F|  |TAMS 0x000000008c400000, 0x000000008c400000| Untracked 
| 187|0x000000008c500000, 0x000000008c500000, 0x000000008c600000|  0%| F|  |TAMS 0x000000008c500000, 0x000000008c500000| Untracked 
| 188|0x000000008c600000, 0x000000008c600000, 0x000000008c700000|  0%| F|  |TAMS 0x000000008c600000, 0x000000008c600000| Untracked 
| 189|0x000000008c700000, 0x000000008c700000, 0x000000008c800000|  0%| F|  |TAMS 0x000000008c700000, 0x000000008c700000| Untracked 
| 190|0x000000008c800000, 0x000000008c800000, 0x000000008c900000|  0%| F|  |TAMS 0x000000008c800000, 0x000000008c800000| Untracked 
| 191|0x000000008c900000, 0x000000008c900000, 0x000000008ca00000|  0%| F|  |TAMS 0x000000008c900000, 0x000000008c900000| Untracked 
| 192|0x000000008ca00000, 0x000000008ca00000, 0x000000008cb00000|  0%| F|  |TAMS 0x000000008ca00000, 0x000000008ca00000| Untracked 
| 193|0x000000008cb00000, 0x000000008cb00000, 0x000000008cc00000|  0%| F|  |TAMS 0x000000008cb00000, 0x000000008cb00000| Untracked 
| 194|0x000000008cc00000, 0x000000008cc00000, 0x000000008cd00000|  0%| F|  |TAMS 0x000000008cc00000, 0x000000008cc00000| Untracked 
| 195|0x000000008cd00000, 0x000000008cd00000, 0x000000008ce00000|  0%| F|  |TAMS 0x000000008cd00000, 0x000000008cd00000| Untracked 
| 196|0x000000008ce00000, 0x000000008ce00000, 0x000000008cf00000|  0%| F|  |TAMS 0x000000008ce00000, 0x000000008ce00000| Untracked 
| 197|0x000000008cf00000, 0x000000008cf00000, 0x000000008d000000|  0%| F|  |TAMS 0x000000008cf00000, 0x000000008cf00000| Untracked 
| 198|0x000000008d000000, 0x000000008d000000, 0x000000008d100000|  0%| F|  |TAMS 0x000000008d000000, 0x000000008d000000| Untracked 
| 199|0x000000008d100000, 0x000000008d100000, 0x000000008d200000|  0%| F|  |TAMS 0x000000008d100000, 0x000000008d100000| Untracked 
| 200|0x000000008d200000, 0x000000008d200000, 0x000000008d300000|  0%| F|  |TAMS 0x000000008d200000, 0x000000008d200000| Untracked 
| 201|0x000000008d300000, 0x000000008d300000, 0x000000008d400000|  0%| F|  |TAMS 0x000000008d300000, 0x000000008d300000| Untracked 
| 202|0x000000008d400000, 0x000000008d400000, 0x000000008d500000|  0%| F|  |TAMS 0x000000008d400000, 0x000000008d400000| Untracked 
| 203|0x000000008d500000, 0x000000008d500000, 0x000000008d600000|  0%| F|  |TAMS 0x000000008d500000, 0x000000008d500000| Untracked 
| 204|0x000000008d600000, 0x000000008d600000, 0x000000008d700000|  0%| F|  |TAMS 0x000000008d600000, 0x000000008d600000| Untracked 
| 205|0x000000008d700000, 0x000000008d700000, 0x000000008d800000|  0%| F|  |TAMS 0x000000008d700000, 0x000000008d700000| Untracked 
| 206|0x000000008d800000, 0x000000008d800000, 0x000000008d900000|  0%| F|  |TAMS 0x000000008d800000, 0x000000008d800000| Untracked 
| 207|0x000000008d900000, 0x000000008d900000, 0x000000008da00000|  0%| F|  |TAMS 0x000000008d900000, 0x000000008d900000| Untracked 
| 208|0x000000008da00000, 0x000000008da00000, 0x000000008db00000|  0%| F|  |TAMS 0x000000008da00000, 0x000000008da00000| Untracked 
| 209|0x000000008db00000, 0x000000008db00000, 0x000000008dc00000|  0%| F|  |TAMS 0x000000008db00000, 0x000000008db00000| Untracked 
| 210|0x000000008dc00000, 0x000000008dc00000, 0x000000008dd00000|  0%| F|  |TAMS 0x000000008dc00000, 0x000000008dc00000| Untracked 
| 211|0x000000008dd00000, 0x000000008dd00000, 0x000000008de00000|  0%| F|  |TAMS 0x000000008dd00000, 0x000000008dd00000| Untracked 
| 212|0x000000008de00000, 0x000000008de00000, 0x000000008df00000|  0%| F|  |TAMS 0x000000008de00000, 0x000000008de00000| Untracked 
| 213|0x000000008df00000, 0x000000008df00000, 0x000000008e000000|  0%| F|  |TAMS 0x000000008df00000, 0x000000008df00000| Untracked 
| 214|0x000000008e000000, 0x000000008e000000, 0x000000008e100000|  0%| F|  |TAMS 0x000000008e000000, 0x000000008e000000| Untracked 
| 215|0x000000008e100000, 0x000000008e100000, 0x000000008e200000|  0%| F|  |TAMS 0x000000008e100000, 0x000000008e100000| Untracked 
| 216|0x000000008e200000, 0x000000008e200000, 0x000000008e300000|  0%| F|  |TAMS 0x000000008e200000, 0x000000008e200000| Untracked 
| 217|0x000000008e300000, 0x000000008e300000, 0x000000008e400000|  0%| F|  |TAMS 0x000000008e300000, 0x000000008e300000| Untracked 
| 218|0x000000008e400000, 0x000000008e400000, 0x000000008e500000|  0%| F|  |TAMS 0x000000008e400000, 0x000000008e400000| Untracked 
| 219|0x000000008e500000, 0x000000008e500000, 0x000000008e600000|  0%| F|  |TAMS 0x000000008e500000, 0x000000008e500000| Untracked 
| 220|0x000000008e600000, 0x000000008e600000, 0x000000008e700000|  0%| F|  |TAMS 0x000000008e600000, 0x000000008e600000| Untracked 
| 221|0x000000008e700000, 0x000000008e700000, 0x000000008e800000|  0%| F|  |TAMS 0x000000008e700000, 0x000000008e700000| Untracked 
| 222|0x000000008e800000, 0x000000008e800000, 0x000000008e900000|  0%| F|  |TAMS 0x000000008e800000, 0x000000008e800000| Untracked 
| 223|0x000000008e900000, 0x000000008e900000, 0x000000008ea00000|  0%| F|  |TAMS 0x000000008e900000, 0x000000008e900000| Untracked 
| 224|0x000000008ea00000, 0x000000008ea00000, 0x000000008eb00000|  0%| F|  |TAMS 0x000000008ea00000, 0x000000008ea00000| Untracked 
| 225|0x000000008eb00000, 0x000000008eb00000, 0x000000008ec00000|  0%| F|  |TAMS 0x000000008eb00000, 0x000000008eb00000| Untracked 
| 226|0x000000008ec00000, 0x000000008ec00000, 0x000000008ed00000|  0%| F|  |TAMS 0x000000008ec00000, 0x000000008ec00000| Untracked 
| 227|0x000000008ed00000, 0x000000008ed00000, 0x000000008ee00000|  0%| F|  |TAMS 0x000000008ed00000, 0x000000008ed00000| Untracked 
| 228|0x000000008ee00000, 0x000000008ee00000, 0x000000008ef00000|  0%| F|  |TAMS 0x000000008ee00000, 0x000000008ee00000| Untracked 
| 229|0x000000008ef00000, 0x000000008ef00000, 0x000000008f000000|  0%| F|  |TAMS 0x000000008ef00000, 0x000000008ef00000| Untracked 
| 230|0x000000008f000000, 0x000000008f000000, 0x000000008f100000|  0%| F|  |TAMS 0x000000008f000000, 0x000000008f000000| Untracked 
| 231|0x000000008f100000, 0x000000008f100000, 0x000000008f200000|  0%| F|  |TAMS 0x000000008f100000, 0x000000008f100000| Untracked 
| 232|0x000000008f200000, 0x000000008f200000, 0x000000008f300000|  0%| F|  |TAMS 0x000000008f200000, 0x000000008f200000| Untracked 
| 233|0x000000008f300000, 0x000000008f300000, 0x000000008f400000|  0%| F|  |TAMS 0x000000008f300000, 0x000000008f300000| Untracked 
| 234|0x000000008f400000, 0x000000008f400000, 0x000000008f500000|  0%| F|  |TAMS 0x000000008f400000, 0x000000008f400000| Untracked 
| 235|0x000000008f500000, 0x000000008f500000, 0x000000008f600000|  0%| F|  |TAMS 0x000000008f500000, 0x000000008f500000| Untracked 
| 236|0x000000008f600000, 0x000000008f600000, 0x000000008f700000|  0%| F|  |TAMS 0x000000008f600000, 0x000000008f600000| Untracked 
| 237|0x000000008f700000, 0x000000008f700000, 0x000000008f800000|  0%| F|  |TAMS 0x000000008f700000, 0x000000008f700000| Untracked 
| 238|0x000000008f800000, 0x000000008f800000, 0x000000008f900000|  0%| F|  |TAMS 0x000000008f800000, 0x000000008f800000| Untracked 
| 239|0x000000008f900000, 0x000000008f900000, 0x000000008fa00000|  0%| F|  |TAMS 0x000000008f900000, 0x000000008f900000| Untracked 
| 240|0x000000008fa00000, 0x000000008fa00000, 0x000000008fb00000|  0%| F|  |TAMS 0x000000008fa00000, 0x000000008fa00000| Untracked 
| 241|0x000000008fb00000, 0x000000008fb00000, 0x000000008fc00000|  0%| F|  |TAMS 0x000000008fb00000, 0x000000008fb00000| Untracked 
| 242|0x000000008fc00000, 0x000000008fc00000, 0x000000008fd00000|  0%| F|  |TAMS 0x000000008fc00000, 0x000000008fc00000| Untracked 
| 243|0x000000008fd00000, 0x000000008fd00000, 0x000000008fe00000|  0%| F|  |TAMS 0x000000008fd00000, 0x000000008fd00000| Untracked 
| 244|0x000000008fe00000, 0x000000008fe00000, 0x000000008ff00000|  0%| F|  |TAMS 0x000000008fe00000, 0x000000008fe00000| Untracked 
| 245|0x000000008ff00000, 0x000000008ff00000, 0x0000000090000000|  0%| F|  |TAMS 0x000000008ff00000, 0x000000008ff00000| Untracked 
| 246|0x0000000090000000, 0x0000000090000000, 0x0000000090100000|  0%| F|  |TAMS 0x0000000090000000, 0x0000000090000000| Untracked 
| 247|0x0000000090100000, 0x0000000090100000, 0x0000000090200000|  0%| F|  |TAMS 0x0000000090100000, 0x0000000090100000| Untracked 
| 248|0x0000000090200000, 0x0000000090200000, 0x0000000090300000|  0%| F|  |TAMS 0x0000000090200000, 0x0000000090200000| Untracked 
| 249|0x0000000090300000, 0x0000000090300000, 0x0000000090400000|  0%| F|  |TAMS 0x0000000090300000, 0x0000000090300000| Untracked 
| 250|0x0000000090400000, 0x0000000090400000, 0x0000000090500000|  0%| F|  |TAMS 0x0000000090400000, 0x0000000090400000| Untracked 
| 251|0x0000000090500000, 0x0000000090500000, 0x0000000090600000|  0%| F|  |TAMS 0x0000000090500000, 0x0000000090500000| Untracked 
| 252|0x0000000090600000, 0x0000000090600000, 0x0000000090700000|  0%| F|  |TAMS 0x0000000090600000, 0x0000000090600000| Untracked 
| 253|0x0000000090700000, 0x0000000090700000, 0x0000000090800000|  0%| F|  |TAMS 0x0000000090700000, 0x0000000090700000| Untracked 
| 254|0x0000000090800000, 0x0000000090800000, 0x0000000090900000|  0%| F|  |TAMS 0x0000000090800000, 0x0000000090800000| Untracked 
| 255|0x0000000090900000, 0x0000000090900000, 0x0000000090a00000|  0%| F|  |TAMS 0x0000000090900000, 0x0000000090900000| Untracked 
| 256|0x0000000090a00000, 0x0000000090a00000, 0x0000000090b00000|  0%| F|  |TAMS 0x0000000090a00000, 0x0000000090a00000| Untracked 
| 257|0x0000000090b00000, 0x0000000090b00000, 0x0000000090c00000|  0%| F|  |TAMS 0x0000000090b00000, 0x0000000090b00000| Untracked 
| 258|0x0000000090c00000, 0x0000000090c00000, 0x0000000090d00000|  0%| F|  |TAMS 0x0000000090c00000, 0x0000000090c00000| Untracked 
| 259|0x0000000090d00000, 0x0000000090d00000, 0x0000000090e00000|  0%| F|  |TAMS 0x0000000090d00000, 0x0000000090d00000| Untracked 
| 260|0x0000000090e00000, 0x0000000090e00000, 0x0000000090f00000|  0%| F|  |TAMS 0x0000000090e00000, 0x0000000090e00000| Untracked 
| 261|0x0000000090f00000, 0x0000000090f00000, 0x0000000091000000|  0%| F|  |TAMS 0x0000000090f00000, 0x0000000090f00000| Untracked 
| 262|0x0000000091000000, 0x0000000091000000, 0x0000000091100000|  0%| F|  |TAMS 0x0000000091000000, 0x0000000091000000| Untracked 
| 263|0x0000000091100000, 0x0000000091100000, 0x0000000091200000|  0%| F|  |TAMS 0x0000000091100000, 0x0000000091100000| Untracked 
| 264|0x0000000091200000, 0x0000000091200000, 0x0000000091300000|  0%| F|  |TAMS 0x0000000091200000, 0x0000000091200000| Untracked 
| 265|0x0000000091300000, 0x0000000091300000, 0x0000000091400000|  0%| F|  |TAMS 0x0000000091300000, 0x0000000091300000| Untracked 
| 266|0x0000000091400000, 0x0000000091400000, 0x0000000091500000|  0%| F|  |TAMS 0x0000000091400000, 0x0000000091400000| Untracked 
| 267|0x0000000091500000, 0x0000000091500000, 0x0000000091600000|  0%| F|  |TAMS 0x0000000091500000, 0x0000000091500000| Untracked 
| 268|0x0000000091600000, 0x0000000091600000, 0x0000000091700000|  0%| F|  |TAMS 0x0000000091600000, 0x0000000091600000| Untracked 
| 269|0x0000000091700000, 0x0000000091700000, 0x0000000091800000|  0%| F|  |TAMS 0x0000000091700000, 0x0000000091700000| Untracked 
| 270|0x0000000091800000, 0x0000000091800000, 0x0000000091900000|  0%| F|  |TAMS 0x0000000091800000, 0x0000000091800000| Untracked 
| 271|0x0000000091900000, 0x0000000091900000, 0x0000000091a00000|  0%| F|  |TAMS 0x0000000091900000, 0x0000000091900000| Untracked 
| 272|0x0000000091a00000, 0x0000000091a00000, 0x0000000091b00000|  0%| F|  |TAMS 0x0000000091a00000, 0x0000000091a00000| Untracked 
| 273|0x0000000091b00000, 0x0000000091b00000, 0x0000000091c00000|  0%| F|  |TAMS 0x0000000091b00000, 0x0000000091b00000| Untracked 
| 274|0x0000000091c00000, 0x0000000091c00000, 0x0000000091d00000|  0%| F|  |TAMS 0x0000000091c00000, 0x0000000091c00000| Untracked 
| 275|0x0000000091d00000, 0x0000000091d00000, 0x0000000091e00000|  0%| F|  |TAMS 0x0000000091d00000, 0x0000000091d00000| Untracked 
| 276|0x0000000091e00000, 0x0000000091e00000, 0x0000000091f00000|  0%| F|  |TAMS 0x0000000091e00000, 0x0000000091e00000| Untracked 
| 277|0x0000000091f00000, 0x0000000091f00000, 0x0000000092000000|  0%| F|  |TAMS 0x0000000091f00000, 0x0000000091f00000| Untracked 
| 278|0x0000000092000000, 0x0000000092000000, 0x0000000092100000|  0%| F|  |TAMS 0x0000000092000000, 0x0000000092000000| Untracked 
| 279|0x0000000092100000, 0x0000000092100000, 0x0000000092200000|  0%| F|  |TAMS 0x0000000092100000, 0x0000000092100000| Untracked 
| 280|0x0000000092200000, 0x0000000092200000, 0x0000000092300000|  0%| F|  |TAMS 0x0000000092200000, 0x0000000092200000| Untracked 
| 281|0x0000000092300000, 0x0000000092300000, 0x0000000092400000|  0%| F|  |TAMS 0x0000000092300000, 0x0000000092300000| Untracked 
| 282|0x0000000092400000, 0x0000000092400000, 0x0000000092500000|  0%| F|  |TAMS 0x0000000092400000, 0x0000000092400000| Untracked 
| 283|0x0000000092500000, 0x0000000092500000, 0x0000000092600000|  0%| F|  |TAMS 0x0000000092500000, 0x0000000092500000| Untracked 
| 284|0x0000000092600000, 0x0000000092600000, 0x0000000092700000|  0%| F|  |TAMS 0x0000000092600000, 0x0000000092600000| Untracked 
| 285|0x0000000092700000, 0x0000000092700000, 0x0000000092800000|  0%| F|  |TAMS 0x0000000092700000, 0x0000000092700000| Untracked 
| 286|0x0000000092800000, 0x0000000092800000, 0x0000000092900000|  0%| F|  |TAMS 0x0000000092800000, 0x0000000092800000| Untracked 
| 287|0x0000000092900000, 0x0000000092900000, 0x0000000092a00000|  0%| F|  |TAMS 0x0000000092900000, 0x0000000092900000| Untracked 
| 288|0x0000000092a00000, 0x0000000092a00000, 0x0000000092b00000|  0%| F|  |TAMS 0x0000000092a00000, 0x0000000092a00000| Untracked 
| 289|0x0000000092b00000, 0x0000000092b00000, 0x0000000092c00000|  0%| F|  |TAMS 0x0000000092b00000, 0x0000000092b00000| Untracked 
| 290|0x0000000092c00000, 0x0000000092c00000, 0x0000000092d00000|  0%| F|  |TAMS 0x0000000092c00000, 0x0000000092c00000| Untracked 
| 291|0x0000000092d00000, 0x0000000092d00000, 0x0000000092e00000|  0%| F|  |TAMS 0x0000000092d00000, 0x0000000092d00000| Untracked 
| 292|0x0000000092e00000, 0x0000000092e00000, 0x0000000092f00000|  0%| F|  |TAMS 0x0000000092e00000, 0x0000000092e00000| Untracked 
| 293|0x0000000092f00000, 0x0000000092f00000, 0x0000000093000000|  0%| F|  |TAMS 0x0000000092f00000, 0x0000000092f00000| Untracked 
| 294|0x0000000093000000, 0x0000000093000000, 0x0000000093100000|  0%| F|  |TAMS 0x0000000093000000, 0x0000000093000000| Untracked 
| 295|0x0000000093100000, 0x0000000093100000, 0x0000000093200000|  0%| F|  |TAMS 0x0000000093100000, 0x0000000093100000| Untracked 
| 296|0x0000000093200000, 0x0000000093200000, 0x0000000093300000|  0%| F|  |TAMS 0x0000000093200000, 0x0000000093200000| Untracked 
| 297|0x0000000093300000, 0x0000000093300000, 0x0000000093400000|  0%| F|  |TAMS 0x0000000093300000, 0x0000000093300000| Untracked 
| 298|0x0000000093400000, 0x0000000093400000, 0x0000000093500000|  0%| F|  |TAMS 0x0000000093400000, 0x0000000093400000| Untracked 
| 299|0x0000000093500000, 0x0000000093500000, 0x0000000093600000|  0%| F|  |TAMS 0x0000000093500000, 0x0000000093500000| Untracked 
| 300|0x0000000093600000, 0x0000000093600000, 0x0000000093700000|  0%| F|  |TAMS 0x0000000093600000, 0x0000000093600000| Untracked 
| 301|0x0000000093700000, 0x0000000093700000, 0x0000000093800000|  0%| F|  |TAMS 0x0000000093700000, 0x0000000093700000| Untracked 
| 302|0x0000000093800000, 0x0000000093800000, 0x0000000093900000|  0%| F|  |TAMS 0x0000000093800000, 0x0000000093800000| Untracked 
| 303|0x0000000093900000, 0x0000000093900000, 0x0000000093a00000|  0%| F|  |TAMS 0x0000000093900000, 0x0000000093900000| Untracked 
| 304|0x0000000093a00000, 0x0000000093a00000, 0x0000000093b00000|  0%| F|  |TAMS 0x0000000093a00000, 0x0000000093a00000| Untracked 
| 305|0x0000000093b00000, 0x0000000093b00000, 0x0000000093c00000|  0%| F|  |TAMS 0x0000000093b00000, 0x0000000093b00000| Untracked 
| 306|0x0000000093c00000, 0x0000000093c00000, 0x0000000093d00000|  0%| F|  |TAMS 0x0000000093c00000, 0x0000000093c00000| Untracked 
| 307|0x0000000093d00000, 0x0000000093d00000, 0x0000000093e00000|  0%| F|  |TAMS 0x0000000093d00000, 0x0000000093d00000| Untracked 
| 308|0x0000000093e00000, 0x0000000093e00000, 0x0000000093f00000|  0%| F|  |TAMS 0x0000000093e00000, 0x0000000093e00000| Untracked 
| 309|0x0000000093f00000, 0x0000000093f00000, 0x0000000094000000|  0%| F|  |TAMS 0x0000000093f00000, 0x0000000093f00000| Untracked 
| 310|0x0000000094000000, 0x0000000094000000, 0x0000000094100000|  0%| F|  |TAMS 0x0000000094000000, 0x0000000094000000| Untracked 
| 311|0x0000000094100000, 0x0000000094100000, 0x0000000094200000|  0%| F|  |TAMS 0x0000000094100000, 0x0000000094100000| Untracked 
| 312|0x0000000094200000, 0x0000000094200000, 0x0000000094300000|  0%| F|  |TAMS 0x0000000094200000, 0x0000000094200000| Untracked 

Card table byte_map: [0x00000216b0ec0000,0x00000216b12c0000] _byte_map_base: 0x00000216b0abb000

Marking Bits (Prev, Next): (CMBitMap*) 0x00000216aae9a8b0, (CMBitMap*) 0x00000216aae9a8f0
 Prev Bits: [0x00000216b16c0000, 0x00000216b3698000)
 Next Bits: [0x00000216b36a0000, 0x00000216b5678000)

Polling page: 0x00000216a8da0000

Metaspace:

Usage:
  Non-class:     37.82 MB used.
      Class:      5.43 MB used.
       Both:     43.25 MB used.

Virtual space:
  Non-class space:       40.00 MB reserved,      38.06 MB ( 95%) committed,  5 nodes.
      Class space:        1.00 GB reserved,       5.62 MB ( <1%) committed,  1 nodes.
             Both:        1.04 GB reserved,      43.69 MB (  4%) committed. 

Chunk freelists:
   Non-Class:  1.42 MB
       Class:  2.31 MB
        Both:  3.73 MB

MaxMetaspaceSize: unlimited
CompressedClassSpaceSize: 1.00 GB
Initial GC threshold: 21.00 MB
Current GC threshold: 71.81 MB
CDS: off
MetaspaceReclaimPolicy: balanced
 - commit_granule_bytes: 65536.
 - commit_granule_words: 8192.
 - virtual_space_node_default_size: 1048576.
 - enlarge_chunks_in_place: 1.
 - new_chunks_are_fully_committed: 0.
 - uncommit_free_chunks: 1.
 - use_allocation_guard: 0.
 - handle_deallocations: 1.


Internal statistics:

num_allocs_failed_limit: 6.
num_arena_births: 514.
num_arena_deaths: 0.
num_vsnodes_births: 6.
num_vsnodes_deaths: 0.
num_space_committed: 699.
num_space_uncommitted: 0.
num_chunks_returned_to_freelist: 6.
num_chunks_taken_from_freelist: 1889.
num_chunk_merges: 6.
num_chunk_splits: 1319.
num_chunks_enlarged: 1001.
num_purges: 0.
num_inconsistent_stats: 0.

CodeCache: size=49152Kb used=9843Kb max_used=9843Kb free=39308Kb
 bounds [0x00000216adac0000, 0x00000216ae460000, 0x00000216b0ac0000]
 total_blobs=5077 nmethods=4504 adapters=498
 compilation: enabled
              stopped_count=0, restarted_count=0
 full_count=0

Compilation events (20 events):
Event: 11.883 Thread 0x00000216b840ff00 4495       1       java.util.stream.Collectors$$Lambda$49/0x00000001000af368::accept (14 bytes)
Event: 11.883 Thread 0x00000216b840ff00 nmethod 4495 0x00000216ae455b90 code [0x00000216ae455d20, 0x00000216ae455e48]
Event: 11.884 Thread 0x00000216b86027c0 4496       1       java.util.regex.Pattern$Start::match (90 bytes)
Event: 11.884 Thread 0x00000216b86027c0 nmethod 4496 0x00000216ae455f10 code [0x00000216ae4560c0, 0x00000216ae4562c8]
Event: 11.968 Thread 0x00000216b91b8c30 4497       1       java.util.regex.Pattern::single (82 bytes)
Event: 11.968 Thread 0x00000216b840ff00 4498       1       java.util.regex.Pattern::Single (7 bytes)
Event: 11.968 Thread 0x00000216b86027c0 4499       1       java.util.regex.Pattern$$Lambda$102/0x0000000100150cf0::<init> (10 bytes)
Event: 12.004 Thread 0x00000216b86027c0 nmethod 4499 0x00000216ae456410 code [0x00000216ae4565a0, 0x00000216ae456678]
Event: 12.004 Thread 0x00000216b86027c0 4500       1       java.util.regex.Pattern::group0 (1097 bytes)
Event: 12.004 Thread 0x00000216b840ff00 nmethod 4498 0x00000216ae456710 code [0x00000216ae4568a0, 0x00000216ae456988]
Event: 12.004 Thread 0x00000216b840ff00 4501       1       java.util.regex.Pattern::createGroup (86 bytes)
Event: 12.005 Thread 0x00000216b91b8c30 nmethod 4497 0x00000216ae456a90 code [0x00000216ae456ca0, 0x00000216ae457158]
Event: 12.005 Thread 0x00000216b840ff00 nmethod 4501 0x00000216ae457410 code [0x00000216ae4575c0, 0x00000216ae457a18]
Event: 12.005 Thread 0x00000216b91b8c30 4502       1       java.util.regex.Pattern$GroupHead::<init> (10 bytes)
Event: 12.005 Thread 0x00000216b840ff00 4503       1       java.util.regex.Pattern$GroupTail::<init> (17 bytes)
Event: 12.005 Thread 0x00000216b91b8c30 nmethod 4502 0x00000216ae457b90 code [0x00000216ae457d20, 0x00000216ae457e58]
Event: 12.005 Thread 0x00000216b840ff00 nmethod 4503 0x00000216ae457f10 code [0x00000216ae4580a0, 0x00000216ae4581d8]
Event: 12.005 Thread 0x00000216b91b8c30 4504       1       java.util.regex.Pattern::accept (43 bytes)
Event: 12.005 Thread 0x00000216b91b8c30 nmethod 4504 0x00000216ae458290 code [0x00000216ae458440, 0x00000216ae458638]
Event: 12.007 Thread 0x00000216b86027c0 nmethod 4500 0x00000216ae458790 code [0x00000216ae458e00, 0x00000216ae45ba28]

GC Heap History (20 events):
Event: 11.016 GC heap after
{Heap after GC invocations=21 (full 0):
 garbage-first heap   total 159744K, used 45986K [0x0000000080a00000, 0x0000000100000000)
  region size 1024K, 2 young (2048K), 2 survivors (2048K)
 Metaspace       used 38797K, committed 39232K, reserved 1089536K
  class space    used 4970K, committed 5184K, reserved 1048576K
}
Event: 11.516 GC heap before
{Heap before GC invocations=22 (full 0):
 garbage-first heap   total 159744K, used 114594K [0x0000000080a00000, 0x0000000100000000)
  region size 1024K, 68 young (69632K), 2 survivors (2048K)
 Metaspace       used 42247K, committed 42752K, reserved 1089536K
  class space    used 5309K, committed 5568K, reserved 1048576K
}
Event: 11.533 GC heap after
{Heap after GC invocations=23 (full 0):
 garbage-first heap   total 159744K, used 67989K [0x0000000080a00000, 0x0000000100000000)
  region size 1024K, 9 young (9216K), 9 survivors (9216K)
 Metaspace       used 42247K, committed 42752K, reserved 1089536K
  class space    used 5309K, committed 5568K, reserved 1048576K
}
Event: 11.619 GC heap before
{Heap before GC invocations=23 (full 0):
 garbage-first heap   total 159744K, used 110997K [0x0000000080a00000, 0x0000000100000000)
  region size 1024K, 51 young (52224K), 9 survivors (9216K)
 Metaspace       used 43313K, committed 43840K, reserved 1089536K
  class space    used 5429K, committed 5696K, reserved 1048576K
}
Event: 11.644 GC heap after
{Heap after GC invocations=24 (full 0):
 garbage-first heap   total 159744K, used 79384K [0x0000000080a00000, 0x0000000100000000)
  region size 1024K, 7 young (7168K), 7 survivors (7168K)
 Metaspace       used 43313K, committed 43840K, reserved 1089536K
  class space    used 5429K, committed 5696K, reserved 1048576K
}
Event: 11.671 GC heap before
{Heap before GC invocations=24 (full 0):
 garbage-first heap   total 159744K, used 115224K [0x0000000080a00000, 0x0000000100000000)
  region size 1024K, 43 young (44032K), 7 survivors (7168K)
 Metaspace       used 43430K, committed 43904K, reserved 1089536K
  class space    used 5447K, committed 5696K, reserved 1048576K
}
Event: 11.677 GC heap after
{Heap after GC invocations=25 (full 0):
 garbage-first heap   total 159744K, used 81768K [0x0000000080a00000, 0x0000000100000000)
  region size 1024K, 3 young (3072K), 3 survivors (3072K)
 Metaspace       used 43430K, committed 43904K, reserved 1089536K
  class space    used 5447K, committed 5696K, reserved 1048576K
}
Event: 11.707 GC heap before
{Heap before GC invocations=25 (full 0):
 garbage-first heap   total 159744K, used 118632K [0x0000000080a00000, 0x0000000100000000)
  region size 1024K, 40 young (40960K), 3 survivors (3072K)
 Metaspace       used 43567K, committed 44032K, reserved 1089536K
  class space    used 5462K, committed 5696K, reserved 1048576K
}
Event: 11.708 GC heap after
{Heap after GC invocations=26 (full 0):
 garbage-first heap   total 159744K, used 82900K [0x0000000080a00000, 0x0000000100000000)
  region size 1024K, 4 young (4096K), 4 survivors (4096K)
 Metaspace       used 43567K, committed 44032K, reserved 1089536K
  class space    used 5462K, committed 5696K, reserved 1048576K
}
Event: 11.732 GC heap before
{Heap before GC invocations=26 (full 0):
 garbage-first heap   total 159744K, used 120788K [0x0000000080a00000, 0x0000000100000000)
  region size 1024K, 42 young (43008K), 4 survivors (4096K)
 Metaspace       used 43605K, committed 44096K, reserved 1089536K
  class space    used 5466K, committed 5696K, reserved 1048576K
}
Event: 11.736 GC heap after
{Heap after GC invocations=27 (full 0):
 garbage-first heap   total 320512K, used 84253K [0x0000000080a00000, 0x0000000100000000)
  region size 1024K, 5 young (5120K), 5 survivors (5120K)
 Metaspace       used 43605K, committed 44096K, reserved 1089536K
  class space    used 5466K, committed 5696K, reserved 1048576K
}
Event: 11.844 GC heap before
{Heap before GC invocations=28 (full 0):
 garbage-first heap   total 320512K, used 199965K [0x0000000080a00000, 0x0000000100000000)
  region size 1024K, 120 young (122880K), 5 survivors (5120K)
 Metaspace       used 43667K, committed 44096K, reserved 1089536K
  class space    used 5481K, committed 5696K, reserved 1048576K
}
Event: 11.850 GC heap after
{Heap after GC invocations=29 (full 0):
 garbage-first heap   total 320512K, used 88231K [0x0000000080a00000, 0x0000000100000000)
  region size 1024K, 10 young (10240K), 10 survivors (10240K)
 Metaspace       used 43667K, committed 44096K, reserved 1089536K
  class space    used 5481K, committed 5696K, reserved 1048576K
}
Event: 11.853 GC heap before
{Heap before GC invocations=29 (full 0):
 garbage-first heap   total 320512K, used 92327K [0x0000000080a00000, 0x0000000100000000)
  region size 1024K, 15 young (15360K), 10 survivors (10240K)
 Metaspace       used 43677K, committed 44096K, reserved 1089536K
  class space    used 5482K, committed 5696K, reserved 1048576K
}
Event: 11.859 GC heap after
{Heap after GC invocations=30 (full 0):
 garbage-first heap   total 320512K, used 86993K [0x0000000080a00000, 0x0000000100000000)
  region size 1024K, 2 young (2048K), 2 survivors (2048K)
 Metaspace       used 43677K, committed 44096K, reserved 1089536K
  class space    used 5482K, committed 5696K, reserved 1048576K
}
Event: 11.942 GC heap before
{Heap before GC invocations=30 (full 0):
 garbage-first heap   total 320512K, used 239569K [0x0000000080a00000, 0x0000000100000000)
  region size 1024K, 152 young (155648K), 2 survivors (2048K)
 Metaspace       used 43905K, committed 44352K, reserved 1089536K
  class space    used 5522K, committed 5760K, reserved 1048576K
}
Event: 11.947 GC heap after
{Heap after GC invocations=31 (full 0):
 garbage-first heap   total 320512K, used 92955K [0x0000000080a00000, 0x0000000100000000)
  region size 1024K, 8 young (8192K), 8 survivors (8192K)
 Metaspace       used 43905K, committed 44352K, reserved 1089536K
  class space    used 5522K, committed 5760K, reserved 1048576K
}
Event: 12.011 GC heap before
{Heap before GC invocations=31 (full 0):
 garbage-first heap   total 320512K, used 244507K [0x0000000080a00000, 0x0000000100000000)
  region size 1024K, 157 young (160768K), 8 survivors (8192K)
 Metaspace       used 44210K, committed 44672K, reserved 1089536K
  class space    used 5558K, committed 5760K, reserved 1048576K
}
Event: 12.017 GC heap after
{Heap after GC invocations=32 (full 0):
 garbage-first heap   total 320512K, used 98900K [0x0000000080a00000, 0x0000000100000000)
  region size 1024K, 13 young (13312K), 13 survivors (13312K)
 Metaspace       used 44210K, committed 44672K, reserved 1089536K
  class space    used 5558K, committed 5760K, reserved 1048576K
}
Event: 12.079 GC heap before
{Heap before GC invocations=32 (full 0):
 garbage-first heap   total 320512K, used 251476K [0x0000000080a00000, 0x0000000100000000)
  region size 1024K, 163 young (166912K), 13 survivors (13312K)
 Metaspace       used 44285K, committed 44736K, reserved 1089536K
  class space    used 5562K, committed 5760K, reserved 1048576K
}

Dll operation events (8 events):
Event: 0.116 Loaded shared library c:\Users\PC\.vscode\extensions\redhat.java-1.13.0-win32-x64\jre\17.0.5-win32-x86_64\bin\java.dll
Event: 0.426 Loaded shared library C:\Users\PC\.vscode\extensions\redhat.java-1.13.0-win32-x64\jre\17.0.5-win32-x86_64\bin\net.dll
Event: 0.458 Loaded shared library C:\Users\PC\.vscode\extensions\redhat.java-1.13.0-win32-x64\jre\17.0.5-win32-x86_64\bin\nio.dll
Event: 0.807 Loaded shared library C:\Users\PC\.vscode\extensions\redhat.java-1.13.0-win32-x64\jre\17.0.5-win32-x86_64\bin\zip.dll
Event: 5.750 Loaded shared library C:\Users\PC\.vscode\extensions\redhat.java-1.13.0-win32-x64\jre\17.0.5-win32-x86_64\bin\jimage.dll
Event: 6.497 Loaded shared library c:\Users\PC\.vscode\extensions\redhat.java-1.13.0-win32-x64\jre\17.0.5-win32-x86_64\bin\verify.dll
Event: 10.070 Loaded shared library C:\Users\PC\.vscode\extensions\redhat.java-1.13.0-win32-x64\jre\17.0.5-win32-x86_64\bin\management.dll
Event: 10.090 Loaded shared library C:\Users\PC\.vscode\extensions\redhat.java-1.13.0-win32-x64\jre\17.0.5-win32-x86_64\bin\management_ext.dll

Deoptimization events (14 events):
Event: 7.544 Thread 0x00000216aae3cdc0 DEOPT PACKING pc=0x00000216adfc7419 sp=0x00000044e57fd7f0
Event: 7.544 Thread 0x00000216aae3cdc0 DEOPT UNPACKING pc=0x00000216adb12b43 sp=0x00000044e57fccd0 mode 3
Event: 10.373 Thread 0x00000216b9c59830 DEOPT PACKING pc=0x00000216ae1cdd35 sp=0x00000044e72fd870
Event: 10.374 Thread 0x00000216b9c59830 DEOPT UNPACKING pc=0x00000216adb12b43 sp=0x00000044e72fcd98 mode 3
Event: 10.526 Thread 0x00000216b9c62b10 DEOPT PACKING pc=0x00000216ae1ecfab sp=0x00000044e75fe720
Event: 10.526 Thread 0x00000216b9c62b10 DEOPT UNPACKING pc=0x00000216adb12b43 sp=0x00000044e75fdc68 mode 3
Event: 10.587 Thread 0x00000216b9ba9970 DEOPT PACKING pc=0x00000216adfcf901 sp=0x00000044e71fde40
Event: 10.587 Thread 0x00000216b9ba9970 DEOPT UNPACKING pc=0x00000216adb12b43 sp=0x00000044e71fd2d0 mode 3
Event: 10.773 Thread 0x00000216b9c634b0 DEOPT PACKING pc=0x00000216adfc5317 sp=0x00000044e81ff130
Event: 10.773 Thread 0x00000216b9c634b0 DEOPT UNPACKING pc=0x00000216adb12b43 sp=0x00000044e81fe588 mode 3
Event: 11.154 Thread 0x00000216b9c62fe0 DEOPT PACKING pc=0x00000216ae2fed94 sp=0x00000044e80fe660
Event: 11.154 Thread 0x00000216b9c62fe0 DEOPT UNPACKING pc=0x00000216adb12b43 sp=0x00000044e80fdb40 mode 0
Event: 11.968 Thread 0x00000216bcb770a0 DEOPT PACKING pc=0x00000216adcaea0c sp=0x00000044e84fe3f0
Event: 11.968 Thread 0x00000216bcb770a0 DEOPT UNPACKING pc=0x00000216adb12b43 sp=0x00000044e84fd8b8 mode 0

Classes unloaded (0 events):
No events

Classes redefined (0 events):
No events

Internal exceptions (20 events):
Event: 10.569 Thread 0x00000216b9c62170 Exception <a 'sun/nio/fs/WindowsException'{0x000000008371dd78}> (0x000000008371dd78) 
thrown [s\src\hotspot\share\prims\jni.cpp, line 516]
Event: 10.569 Thread 0x00000216b9c62170 Exception <a 'sun/nio/fs/WindowsException'{0x000000008371e138}> (0x000000008371e138) 
thrown [s\src\hotspot\share\prims\jni.cpp, line 516]
Event: 10.569 Thread 0x00000216b9c62170 Exception <a 'sun/nio/fs/WindowsException'{0x000000008371eb60}> (0x000000008371eb60) 
thrown [s\src\hotspot\share\prims\jni.cpp, line 516]
Event: 10.569 Thread 0x00000216b9c62170 Exception <a 'sun/nio/fs/WindowsException'{0x000000008371ef40}> (0x000000008371ef40) 
thrown [s\src\hotspot\share\prims\jni.cpp, line 516]
Event: 10.569 Thread 0x00000216b9c62170 Exception <a 'sun/nio/fs/WindowsException'{0x000000008371f960}> (0x000000008371f960) 
thrown [s\src\hotspot\share\prims\jni.cpp, line 516]
Event: 10.570 Thread 0x00000216b9c62170 Exception <a 'sun/nio/fs/WindowsException'{0x000000008371fd40}> (0x000000008371fd40) 
thrown [s\src\hotspot\share\prims\jni.cpp, line 516]
Event: 11.120 Thread 0x00000216b9c59830 Exception <a 'java/lang/NoSuchMethodError'{0x000000008935c760}: 'java.lang.Object java.lang.invoke.Invokers$Holder.invoke_MT(java.lang.Object, java.lang.Object, java.lang.Object)'> (0x000000008935c760) 
thrown [s\src\hotspot\share\interpreter\linkResolver.cpp, line 759]
Event: 11.258 Thread 0x00000216b9c59830 Exception <a 'java/lang/NoSuchMethodError'{0x00000000886aac38}: 'java.lang.Object java.lang.invoke.DirectMethodHandle$Holder.newInvokeSpecial(java.lang.Object, java.lang.Object, int)'> (0x00000000886aac38) 
thrown [s\src\hotspot\share\interpreter\linkResolver.cpp, line 759]
Event: 11.425 Thread 0x00000216bcb76bd0 Exception <a 'sun/nio/fs/WindowsException'{0x0000000087a969a8}> (0x0000000087a969a8) 
thrown [s\src\hotspot\share\prims\jni.cpp, line 516]
Event: 11.425 Thread 0x00000216bcb76bd0 Exception <a 'sun/nio/fs/WindowsException'{0x0000000087a97568}> (0x0000000087a97568) 
thrown [s\src\hotspot\share\prims\jni.cpp, line 516]
Event: 11.425 Thread 0x00000216bcb76bd0 Exception <a 'sun/nio/fs/WindowsException'{0x0000000087a98110}> (0x0000000087a98110) 
thrown [s\src\hotspot\share\prims\jni.cpp, line 516]
Event: 11.426 Thread 0x00000216bcb76bd0 Exception <a 'sun/nio/fs/WindowsException'{0x0000000087a98db0}> (0x0000000087a98db0) 
thrown [s\src\hotspot\share\prims\jni.cpp, line 516]
Event: 11.426 Thread 0x00000216bcb76bd0 Exception <a 'sun/nio/fs/WindowsException'{0x0000000087a99ad8}> (0x0000000087a99ad8) 
thrown [s\src\hotspot\share\prims\jni.cpp, line 516]
Event: 11.428 Thread 0x00000216bcb76bd0 Exception <a 'sun/nio/fs/WindowsException'{0x0000000087aa1058}> (0x0000000087aa1058) 
thrown [s\src\hotspot\share\prims\jni.cpp, line 516]
Event: 11.428 Thread 0x00000216bcb76bd0 Exception <a 'sun/nio/fs/WindowsException'{0x0000000087aa1c18}> (0x0000000087aa1c18) 
thrown [s\src\hotspot\share\prims\jni.cpp, line 516]
Event: 11.428 Thread 0x00000216bcb76bd0 Exception <a 'sun/nio/fs/WindowsException'{0x0000000087aa27c0}> (0x0000000087aa27c0) 
thrown [s\src\hotspot\share\prims\jni.cpp, line 516]
Event: 11.428 Thread 0x00000216bcb76bd0 Exception <a 'sun/nio/fs/WindowsException'{0x0000000087aa3460}> (0x0000000087aa3460) 
thrown [s\src\hotspot\share\prims\jni.cpp, line 516]
Event: 11.428 Thread 0x00000216bcb76bd0 Exception <a 'sun/nio/fs/WindowsException'{0x0000000087aa4188}> (0x0000000087aa4188) 
thrown [s\src\hotspot\share\prims\jni.cpp, line 516]
Event: 11.509 Thread 0x00000216bcb76bd0 Exception <a 'sun/nio/fs/WindowsException'{0x0000000087508010}> (0x0000000087508010) 
thrown [s\src\hotspot\share\prims\jni.cpp, line 516]
Event: 11.511 Thread 0x00000216bcb770a0 Exception <a 'java/lang/NoSuchMethodError'{0x0000000086507868}: 'void java.lang.invoke.DirectMethodHandle$Holder.invokeVirtual(java.lang.Object, java.lang.Object, java.lang.Object, java.lang.Object)'> (0x0000000086507868) 
thrown [s\src\hotspot\share\interpreter\linkResolver.cpp, line 759]

VM Operations (20 events):
Event: 11.844 Executing VM operation: G1CollectForAllocation done
Event: 11.844 Executing VM operation: G1CollectForAllocation
Event: 11.850 Executing VM operation: G1CollectForAllocation done
Event: 11.852 Executing VM operation: G1CollectForAllocation
Event: 11.853 Executing VM operation: G1CollectForAllocation done
Event: 11.853 Executing VM operation: G1CollectForAllocation
Event: 11.859 Executing VM operation: G1CollectForAllocation done
Event: 11.913 Executing VM operation: HandshakeAllThreads
Event: 11.942 Executing VM operation: HandshakeAllThreads done
Event: 11.942 Executing VM operation: G1CollectForAllocation
Event: 11.947 Executing VM operation: G1CollectForAllocation done
Event: 11.968 Executing VM operation: HandshakeAllThreads
Event: 12.004 Executing VM operation: HandshakeAllThreads done
Event: 12.011 Executing VM operation: G1CollectForAllocation
Event: 12.011 Executing VM operation: G1CollectForAllocation done
Event: 12.011 Executing VM operation: G1CollectForAllocation
Event: 12.017 Executing VM operation: G1CollectForAllocation done
Event: 12.018 Executing VM operation: HandshakeAllThreads
Event: 12.079 Executing VM operation: HandshakeAllThreads done
Event: 12.079 Executing VM operation: G1CollectForAllocation

Events (20 events):
Event: 12.005 loading class javax/net/ssl/HttpsURLConnection$DefaultHostnameVerifier done
Event: 12.005 loading class javax/net/ssl/SSLSocketFactory
Event: 12.005 loading class javax/net/SocketFactory
Event: 12.005 loading class jdk/internal/jrtfs/JrtFileSystem$1
Event: 12.005 loading class javax/net/SocketFactory done
Event: 12.005 loading class javax/net/ssl/SSLSocketFactory done
Event: 12.006 loading class javax/net/ssl/SSLSocketFactory$DefaultFactoryHolder
Event: 12.006 loading class jdk/internal/jrtfs/JrtFileSystem$1 done
Event: 12.006 loading class javax/net/ssl/SSLSocketFactory$DefaultFactoryHolder done
Event: 12.006 loading class javax/net/ssl/SSLSocketFactory$1
Event: 12.006 loading class javax/net/ssl/SSLSocketFactory$1 done
Event: 12.006 loading class javax/net/ssl/SSLContext
Event: 12.006 loading class javax/net/ssl/SSLContext done
Event: 12.006 loading class javax/net/ssl/SSLContextSpi
Event: 12.006 loading class javax/net/ssl/SSLContextSpi done
Event: 12.006 loading class sun/security/jca/ProviderConfig$3
Event: 12.006 loading class sun/security/jca/ProviderConfig$3 done
Event: 12.006 loading class sun/security/jca/ProviderConfig$ProviderLoader
Event: 12.006 loading class sun/security/jca/ProviderConfig$ProviderLoader done
Event: 12.017 Thread 0x00000216bce6d190 Thread added: 0x00000216bce6d190


Dynamic libraries:
0x00007ff7dd710000 - 0x00007ff7dd71e000 	c:\Users\PC\.vscode\extensions\redhat.java-1.13.0-win32-x64\jre\17.0.5-win32-x86_64\bin\java.exe
0x00007ffa9f730000 - 0x00007ffa9f928000 	C:\Windows\SYSTEM32\ntdll.dll
0x00007ffa9ea50000 - 0x00007ffa9eb0f000 	C:\Windows\System32\KERNEL32.DLL
0x00007ffa9d2f0000 - 0x00007ffa9d5c2000 	C:\Windows\System32\KERNELBASE.dll
0x00007ffa9d670000 - 0x00007ffa9d770000 	C:\Windows\System32\ucrtbase.dll
0x00007ffa8f960000 - 0x00007ffa8f977000 	c:\Users\PC\.vscode\extensions\redhat.java-1.13.0-win32-x64\jre\17.0.5-win32-x86_64\bin\jli.dll
0x00007ffa9e7d0000 - 0x00007ffa9e971000 	C:\Windows\System32\USER32.dll
0x00007ffa9d2c0000 - 0x00007ffa9d2e2000 	C:\Windows\System32\win32u.dll
0x00007ffa9e2a0000 - 0x00007ffa9e2cb000 	C:\Windows\System32\GDI32.dll
0x00007ffa9d0c0000 - 0x00007ffa9d1cf000 	C:\Windows\System32\gdi32full.dll
0x00007ffa9d5d0000 - 0x00007ffa9d66d000 	C:\Windows\System32\msvcp_win.dll
0x00007ffa8b970000 - 0x00007ffa8bc0a000 	C:\Windows\WinSxS\amd64_microsoft.windows.common-controls_6595b64144ccf1df_6.0.19041.1110_none_60b5254171f9507e\COMCTL32.dll
0x00007ffa9dd90000 - 0x00007ffa9de2e000 	C:\Windows\System32\msvcrt.dll
0x00007ffa89f20000 - 0x00007ffa89f39000 	c:\Users\PC\.vscode\extensions\redhat.java-1.13.0-win32-x64\jre\17.0.5-win32-x86_64\bin\VCRUNTIME140.dll
0x00007ffa9d770000 - 0x00007ffa9d7a2000 	C:\Windows\System32\IMM32.DLL
0x00007ffa91970000 - 0x00007ffa9197c000 	c:\Users\PC\.vscode\extensions\redhat.java-1.13.0-win32-x64\jre\17.0.5-win32-x86_64\bin\vcruntime140_1.dll
0x00007ffa783f0000 - 0x00007ffa78481000 	c:\Users\PC\.vscode\extensions\redhat.java-1.13.0-win32-x64\jre\17.0.5-win32-x86_64\bin\msvcp140.dll
0x00007ffa6c780000 - 0x00007ffa6d3c4000 	c:\Users\PC\.vscode\extensions\redhat.java-1.13.0-win32-x64\jre\17.0.5-win32-x86_64\bin\server\jvm.dll
0x00007ffa9ece0000 - 0x00007ffa9ed8e000 	C:\Windows\System32\ADVAPI32.dll
0x00007ffa9eb10000 - 0x00007ffa9ebac000 	C:\Windows\System32\sechost.dll
0x00007ffa9e2d0000 - 0x00007ffa9e3f5000 	C:\Windows\System32\RPCRT4.dll
0x00007ffa8cbb0000 - 0x00007ffa8cbb9000 	C:\Windows\SYSTEM32\WSOCK32.dll
0x00007ffa9e9e0000 - 0x00007ffa9ea4b000 	C:\Windows\System32\WS2_32.dll
0x00007ffa94c90000 - 0x00007ffa94cb7000 	C:\Windows\SYSTEM32\WINMM.dll
0x00007ffa967a0000 - 0x00007ffa967aa000 	C:\Windows\SYSTEM32\VERSION.dll
0x00007ffa9ad00000 - 0x00007ffa9ad12000 	C:\Windows\SYSTEM32\kernel.appcore.dll
0x00007ffa90200000 - 0x00007ffa9020a000 	c:\Users\PC\.vscode\extensions\redhat.java-1.13.0-win32-x64\jre\17.0.5-win32-x86_64\bin\jimage.dll
0x00007ffa8dd40000 - 0x00007ffa8df24000 	C:\Windows\SYSTEM32\DBGHELP.DLL
0x00007ffa8d1f0000 - 0x00007ffa8d225000 	C:\Windows\SYSTEM32\dbgcore.DLL
0x00007ffa9ced0000 - 0x00007ffa9cf52000 	C:\Windows\System32\bcryptPrimitives.dll
0x00007ffa85a10000 - 0x00007ffa85a35000 	c:\Users\PC\.vscode\extensions\redhat.java-1.13.0-win32-x64\jre\17.0.5-win32-x86_64\bin\java.dll
0x00007ffa85e10000 - 0x00007ffa85e28000 	c:\Users\PC\.vscode\extensions\redhat.java-1.13.0-win32-x64\jre\17.0.5-win32-x86_64\bin\zip.dll
0x00007ffa9eed0000 - 0x00007ffa9f614000 	C:\Windows\System32\SHELL32.dll
0x00007ffa9af00000 - 0x00007ffa9b692000 	C:\Windows\SYSTEM32\windows.storage.dll
0x00007ffa9e400000 - 0x00007ffa9e755000 	C:\Windows\System32\combase.dll
0x00007ffa9c7a0000 - 0x00007ffa9c7d0000 	C:\Windows\SYSTEM32\Wldp.dll
0x00007ffa9d910000 - 0x00007ffa9d9bd000 	C:\Windows\System32\SHCORE.dll
0x00007ffa9ee70000 - 0x00007ffa9eec5000 	C:\Windows\System32\shlwapi.dll
0x00007ffa9cd60000 - 0x00007ffa9cd7f000 	C:\Windows\SYSTEM32\profapi.dll
0x00007ffa859f0000 - 0x00007ffa85a09000 	C:\Users\PC\.vscode\extensions\redhat.java-1.13.0-win32-x64\jre\17.0.5-win32-x86_64\bin\net.dll
0x00007ffa96a50000 - 0x00007ffa96b5c000 	C:\Windows\SYSTEM32\WINHTTP.dll
0x00007ffa9c500000 - 0x00007ffa9c56a000 	C:\Windows\system32\mswsock.dll
0x00007ffa83700000 - 0x00007ffa83715000 	C:\Users\PC\.vscode\extensions\redhat.java-1.13.0-win32-x64\jre\17.0.5-win32-x86_64\bin\nio.dll
0x00007ffa8f9b0000 - 0x00007ffa8f9c0000 	c:\Users\PC\.vscode\extensions\redhat.java-1.13.0-win32-x64\jre\17.0.5-win32-x86_64\bin\verify.dll
0x00007ffa9c700000 - 0x00007ffa9c718000 	C:\Windows\SYSTEM32\CRYPTSP.dll
0x00007ffa9be20000 - 0x00007ffa9be54000 	C:\Windows\system32\rsaenh.dll
0x00007ffa9d1d0000 - 0x00007ffa9d1f7000 	C:\Windows\System32\bcrypt.dll
0x00007ffa9cd20000 - 0x00007ffa9cd4e000 	C:\Windows\SYSTEM32\USERENV.dll
0x00007ffa9c6f0000 - 0x00007ffa9c6fc000 	C:\Windows\SYSTEM32\CRYPTBASE.dll
0x00007ffa9c1f0000 - 0x00007ffa9c22b000 	C:\Windows\SYSTEM32\IPHLPAPI.DLL
0x00007ffa9e760000 - 0x00007ffa9e768000 	C:\Windows\System32\NSI.dll
0x00007ffa97630000 - 0x00007ffa97647000 	C:\Windows\SYSTEM32\dhcpcsvc6.DLL
0x00007ffa97480000 - 0x00007ffa9749d000 	C:\Windows\SYSTEM32\dhcpcsvc.DLL
0x00007ffa9c230000 - 0x00007ffa9c2fa000 	C:\Windows\SYSTEM32\DNSAPI.dll
0x00007ffa98830000 - 0x00007ffa98839000 	C:\Users\PC\.vscode\extensions\redhat.java-1.13.0-win32-x64\jre\17.0.5-win32-x86_64\bin\management.dll
0x00007ffa94010000 - 0x00007ffa9401b000 	C:\Users\PC\.vscode\extensions\redhat.java-1.13.0-win32-x64\jre\17.0.5-win32-x86_64\bin\management_ext.dll
0x00007ffa9d8d0000 - 0x00007ffa9d8d8000 	C:\Windows\System32\PSAPI.DLL

dbghelp: loaded successfully - version: 4.0.5 - missing functions: none
symbol engine: initialized successfully - sym options: 0x614 - pdb path: .;c:\Users\PC\.vscode\extensions\redhat.java-1.13.0-win32-x64\jre\17.0.5-win32-x86_64\bin;C:\Windows\SYSTEM32;C:\Windows\WinSxS\amd64_microsoft.windows.common-controls_6595b64144ccf1df_6.0.19041.1110_none_60b5254171f9507e;c:\Users\PC\.vscode\extensions\redhat.java-1.13.0-win32-x64\jre\17.0.5-win32-x86_64\bin\server

VM Arguments:
jvm_args: -Dsts.lsp.client=vscode -Dsts.log.file=/dev/null -XX:TieredStopAtLevel=1 -Xlog:jni+resolve=off -Dspring.config.location=file:c:\Users\PC\.vscode\extensions\pivotal.vscode-spring-boot-1.43.0\language-server\BOOT-INF\classes\application.properties 
java_command: org.springframework.ide.vscode.boot.app.BootLanguageServerBootApp
java_class_path (initial): c:\Users\PC\.vscode\extensions\pivotal.vscode-spring-boot-1.43.0\language-server\BOOT-INF\classes;c:\Users\PC\.vscode\extensions\pivotal.vscode-spring-boot-1.43.0\language-server\BOOT-INF\lib\annotations-23.1.0.jar;c:\Users\PC\.vscode\extensions\pivotal.vscode-spring-boot-1.43.0\language-server\BOOT-INF\lib\ant-1.10.12.jar;c:\Users\PC\.vscode\extensions\pivotal.vscode-spring-boot-1.43.0\language-server\BOOT-INF\lib\ant-launcher-1.10.12.jar;c:\Users\PC\.vscode\extensions\pivotal.vscode-spring-boot-1.43.0\language-server\BOOT-INF\lib\antlr-runtime-3.5.2.jar;c:\Users\PC\.vscode\extensions\pivotal.vscode-spring-boot-1.43.0\language-server\BOOT-INF\lib\antlr4-4.9.3.jar;c:\Users\PC\.vscode\extensions\pivotal.vscode-spring-boot-1.43.0\language-server\BOOT-INF\lib\antlr4-runtime-4.9.3.jar;c:\Users\PC\.vscode\extensions\pivotal.vscode-spring-boot-1.43.0\language-server\BOOT-INF\lib\apiguardian-api-1.1.2.jar;c:\Users\PC\.vscode\extensions\pivotal.vscode-spring-boot-1.43.0\language-server\BOOT-INF\lib\asm-9.4.jar;c:\Users\PC\.vscode\extensions\pivotal.vscode-spring-boot-1.43.0\language-server\BOOT-INF\lib\asm-analysis-9.4.jar;c:\Users\PC\.vscode\extensions\pivotal.vscode-spring-boot-1.43.0\language-server\BOOT-INF\lib\asm-tree-9.4.jar;c:\Users\PC\.vscode\extensions\pivotal.vscode-spring-boot-1.43.0\language-server\BOOT-INF\lib\asm-util-9.4.jar;c:\Users\PC\.vscode\extensions\pivotal.vscode-spring-boot-1.43.0\language-server\BOOT-INF\lib\caffeine-3.1.2.jar;c:\Users\PC\.vscode\extensions\pivotal.vscode-spring-boot-1.43.0\language-server\BOOT-INF\lib\checker-qual-3.12.0.jar;c:\Users\PC\.vscode\extensions\pivotal.vscode-spring-boot-1.43.0\language-server\BOOT-INF\lib\ci-environment-9.1.0.jar;c:\Users\PC\.vscode\extensions\pivotal.vscode-spring-boot-1.43.0\language-server\BOOT-INF\lib\classgraph-4.8.149.jar;c:\Users\PC\.vscode\extensions\pivotal.vscode-spring-boot-1.43.0\language-server\BOOT-INF\lib\commons-codec-1.15.jar;c:\Users\PC\.vscode\extensions\p
Launcher Type: SUN_STANDARD

[Global flags]
     intx CICompilerCount                          = 3                                         {product} {ergonomic}
     uint ConcGCThreads                            = 1                                         {product} {ergonomic}
     uint G1ConcRefinementThreads                  = 4                                         {product} {ergonomic}
   size_t G1HeapRegionSize                         = 1048576                                   {product} {ergonomic}
    uintx GCDrainStackTargetSize                   = 64                                        {product} {ergonomic}
   size_t InitialHeapSize                          = 134217728                                 {product} {ergonomic}
   size_t MarkStackSize                            = 4194304                                   {product} {ergonomic}
   size_t MaxHeapSize                              = 2136997888                                {product} {ergonomic}
   size_t MaxNewSize                               = 1281359872                                {product} {ergonomic}
   size_t MinHeapDeltaBytes                        = 1048576                                   {product} {ergonomic}
   size_t MinHeapSize                              = 8388608                                   {product} {ergonomic}
    uintx NonProfiledCodeHeapSize                  = 0                                      {pd product} {ergonomic}
     bool ProfileInterpreter                       = false                                  {pd product} {command line}
    uintx ProfiledCodeHeapSize                     = 0                                      {pd product} {ergonomic}
   size_t SoftMaxHeapSize                          = 2136997888                             {manageable} {ergonomic}
     intx TieredStopAtLevel                        = 1                                         {product} {command line}
     bool UseCompressedClassPointers               = true                           {product lp64_product} {ergonomic}
     bool UseCompressedOops                        = true                           {product lp64_product} {ergonomic}
     bool UseG1GC                                  = true                                      {product} {ergonomic}
     bool UseLargePagesIndividualAllocation        = false                                  {pd product} {ergonomic}

Logging:
Log output configuration:
 #0: stdout all=warning,jni+resolve=off uptime,level,tags
 #1: stderr all=off uptime,level,tags

Environment Variables:
JAVA_HOME=C:\Program Files\Java\jdk-17.0.5
CLASSPATH=.;C:\Program Files\Java\jdk-17.0.5\lib
PATH=C:\Program Files\Common Files\Oracle\Java\javapath;C:\Program Files\AdoptOpenJDK\jdk-11.0.11.9-hotspot\bin;C:\Windows\system32;C:\Windows;C:\Windows\System32\Wbem;C:\Windows\System32\WindowsPowerShell\v1.0\;C:\Windows\System32\OpenSSH\;C:\ProgramData\UNIVALI\Portugol Studio;C:\MinGW\bin;C:\apache-maven-3.8.4\bin;C:\Program Files\Java\jdk-17.0.5\bin;C:\Program Files\Java\jdk-17.0.5\bin;C:\Program Files (x86)\ATI Technologies\ATI.ACE\Core-Static;C:\Program Files\nodejs\;C:\Program Files\Git\cmd;C:\Program Files\MySQL\MySQL Shell 8.0\bin\;C:\Users\PC\AppData\Local\Programs\Python\Python311\Scripts\;C:\Users\PC\AppData\Local\Programs\Python\Python311\;C:\Users\PC\AppData\Local\Microsoft\WindowsApps;C:\Users\PC\AppData\Local\Programs\Microsoft VS Code\bin;C:\Program Files\JetBrains\IntelliJ IDEA 2021.3\bin;;C:\Program Files\JetBrains\IntelliJ IDEA Community Edition 2021.3.1\bin;;C:\apache-maven-3.8.4\bin;C:\Users\PC\Downloads\ESTUDOS\WORKSPACE\springboot-rest\src\test;C:\Program Files\Java\jdk-11.0.8;C:\Program Files\heroku\bin;C:\Users\PC\AppData\Roaming\npm
USERNAME=PC
OS=Windows_NT
PROCESSOR_IDENTIFIER=Intel64 Family 6 Model 58 Stepping 9, GenuineIntel
TMP=C:\Users\PC\AppData\Local\Temp
TEMP=C:\Users\PC\AppData\Local\Temp



---------------  S Y S T E M  ---------------

OS:
 Windows 10 , 64 bit Build 19041 (10.0.19041.2364)
OS uptime: 0 days 22:45 hours

CPU: total 4 (initial active 4) (4 cores per cpu, 1 threads per core) family 6 model 58 stepping 9 microcode 0x21, cx8, cmov, fxsr, mmx, sse, sse2, sse3, ssse3, sse4.1, sse4.2, popcnt, tsc, tscinvbit, avx, aes, erms, clmul, vzeroupper, clflush

Memory: 4k page, system-wide physical 8150M (865M free)
TotalPageFile size 13734M (AvailPageFile size 171M)
current process WorkingSet (physical memory assigned to process): 445M, peak: 445M
current process commit charge ("private bytes"): 465M, peak: 1091M

vm_info: OpenJDK 64-Bit Server VM (17.0.5+8) for windows-amd64 JRE (17.0.5+8), built on Oct 19 2022 04:48:13 by "temurin" with MS VC++ 16.7 (VS2019)

END.
